BAIL JUMPING 1 & 2	44
CHECK,BAD	76
DRUG PARAPHERNALIA,   POSSESSE	174
GENERAL BUSINESS LAW,TICKET SP	41
HEALTH CODE,UNCLASSIFIED MISDE	2
IMPRISONMENT 2,UNLAWFUL	144
NY STATE LAWS,UNCLASSIFIED VIO	17
PROSTITUTION 2, COMPULSORY	2
ROBBERY, CHAIN STORE	307
ROBBERY,POCKETBOOK/CARRIED BAG	671
TRESPASS 1,CRIMINAL	382
	567
ARSON 2,3,4	1102
BURGLARY,COMMERCIAL,DAY	1779
FORGERY,M.V. REGISTRATION	544
IMPRISONMENT 1,UNLAWFUL	118
LARCENY,GRAND BY THEFT OF CREDIT CARD	5727
LARCENY,GRAND OF AUTO	14734
LARCENY,PETIT OF MOTORCYCLE	14
ROBBERY,BICYCLE	114
SEXUAL ABUSE	25
CRIMINAL MISCHIEF,UNCLASSIFIED 4	17271
LARCENY,GRAND BY FALSE PROMISE-NOT IN PERSON CONTACT	1
LARCENY,PETIT FROM TRUCK	223
LOITERING FOR PROSTITUTION OR	2
MARIJUANA, POSSESSION 4 & 5	14886
PRIVACY,OFFENSES AGAINST,UNCLA	1
PUBLIC ADMINISTRATION,UNCLASSI	258
WEAPONS,PROHIBITED USE IMITATI	1
ADM.CODE,UNCLASSIFIED VIOLATIO	39
BURGLARY,UNCLASSIFIED,DAY	198
CONTROLLED SUBSTANCE, INTENT T	481
COURSE OF SEXUAL CONDUCT AGAIN	28
FALSE ALARM FIRE	19
LARCENY,GRAND BY DISHONEST EMP	779
LARCENY,GRAND OF MOTORCYCLE	566
LARCENY,PETIT FROM PIER	12
LOITERING 1ST DEGREE FOR DRUG	4
MENACING,PEACE OFFICER	171
ROBBERY, PAYROLL	12
ROBBERY,LIQUOR STORE	13
VEHICULAR ASSAULT (INTOX DRIVE	24
CIGARETTE,NO TAX STAMP,POSSESS	64
PROSTITUTION 2, UNDER 16	2
PUBLIC ADMINISTATION,UNCLASS M	474
PUBLIC HEALTH LAW,UNCLASSIFIED	1
RECKLESS ENDANGERMENT OF PROPE	145
ROBBERY,COMMERCIAL UNCLASSIFIED	1659
ROBBERY,HIJACKING	7
SEXUAL MISCONDUCT,DEVIATE	20
VIOLATION OF ORDER OF PROTECTI	2383
ASSAULT 2,1,UNCLASSIFIED	15453
CONTROLLED SUBSTANCE,SALE 1	345
EXPOSURE OF A PERSON	6
FRAUD,UNCLASSIFIED-FELONY	5513
GRAND LARCENY-CHECK FROM MAILB	66
LARCENY,GRAND FROM BOAT, UNATTENDED	6
LARCENY,PETIT BY DISHONEST EMP	545
PERJURY 3,ETC.	4
POSSESSION ANTI-SECURITY ITEM	2
SODOMY 1	365
BURGLARY,COMMERCIAL,UNKNOWN TI	506
CONTROLLED SUBSTANCE,SALE 2	99
CREDIT CARD,UNLAWFUL USE OF	4
FIREWORKS, SALE	40
GAMBLING, DEVICE, POSSESSION	37
HOMICIDE, NEGLIGENT, VEHICLE,	3
LARCENY,GRAND BY EXTORTION	139
LARCENY,GRAND FROM TRUCK, UNATTENDED	67
RECKLESS ENDANGERMENT 1	1845
SODOMY 2	29
WEAPONS,MFR,TRANSPORT,ETC.	1
CONTROLLED SUBSTANCE,SALE 3	849
GYPSY CAB	2
IMPAIRED DRIVING,DRUG	60
LARCENY,GRAND OF VEHICULAR/MOTORCYCLE ACCESSORIES	2031
LARCENY,PETIT OF LICENSE PLATE	4352
MANUFACTURE UNAUTHORIZED RECOR	119
MARIJUANA, SALE 4 & 5	1120
PETIT LARCENY-CHECK FROM MAILB	158
PUBLIC SAFETY,UNCLASSIFIED MIS	9
RECKLESS ENDANGERMENT 2	911
ROBBERY,CHECK CASHING BUSINESS	37
ROBBERY,OPEN AREA UNCLASSIFIED	14525
SODOMY 3	32
TRESPASS 2, CRIMINAL	6395
CUSTODIAL INTERFERENCE 1	121
EAVESDROPPING	16
FRAUD,UNCLASSIFIED-MISDEMEANOR	1600
MISCHIEF 1,CRIMINAL,EXPLOSIVE	2
PARK R&R,GAMBLING	3
ROBBERY,HOME INVASION	1
ROBBERY,RESIDENTIAL COMMON AREA	2620
TRESPASS 3, CRIMINAL	387
CUSTODIAL INTERFERENCE 2	88
EDUCATION LAW	1
GAMBLING 2, PROMOTING, BOOKMAK	8
HEALTH CODE,VIOLATION	5
INCEST	1
MISCHIEF, CRIMINAL 3 & 2, OF M	4280
MONEY LAUNDERING 1 & 2	4
ACCOSTING,FRAUDULENT	296
BAIL JUMPING 3	83
BRIBERY, POLICE OFFICER	115
BURGLARY,UNKNOWN TIME	50
COMPUTER TAMPER/TRESSPASS	35
CRIMINAL DISPOSAL FIREARM 1 &	82
FAC. SEXUAL OFFENSE W/CONTROLL	1
NUISANCE,CRIMINAL,UNCLASSIFIED	20
PARKR&R,UNCLASSIFIED VIOLATION	7
STOLEN PROPERTY 2,1,POSSESSION	802
ADM.CODE,UNCLASSIFIED MISDEMEA	944
ASSAULT 2,1,PEACE OFFICER	1837
BRIBERY,PUBLIC ADMINISTRATION	650
BURGLARY,RESIDENCE,NIGHT	4553
CRIMINAL CONTEMPT 1	3911
FACILITATION 4, CRIMINAL	11
FIREWORKS	2
LARCENY,GRAND FROM PIER, UNATTENDED	9
LARCENY,GRAND FROM STORE-SHOPL	916
LARCENY,PETIT OF VEHICLE ACCES	4637
ROBBERY,DOCTOR/DENTIST OFFICE	7
APPEARANCE TICKET FAIL TO RESP	7
INTOXICATED DRIVING,ALCOHOL	7533
LARCENY,GRAND BY FALSE PROMISE	439
LARCENY,PETIT FROM AUTO	19774
SALE SCHOOL GROUNDS 4	32
SOLICITATION 4, CRIMINAL	1
TAX LAW	581
FORGERY,DRIVERS LICENSE	463
FORGERY,ETC.-MISD.	1975
HARASSMENT,SUBD 3,4,5	39401
LARCENY,GRAND OF BICYCLE	52
LARCENY,GRAND OF TRUCK	141
LARCENY,PETIT FROM STORE-SHOPL	16432
LOITERING TO PROMOTE PROSTITUT	8
MENACING,UNCLASSIFIED	7965
NOISE,UNECESSARY	2
PERJURY 2,1,ETC	12
PROMOTING A SEXUAL PERFORMANCE	10
PROSTITUTION, PATRONIZING 2, 1	2
PROSTITUTION, PATRONIZING 4, 3	16
BIGAMY	2
CHILD ABANDONMENT	45
CHILD,OFFENSES AGAINST,UNCLASS	10
CONTROLLED SUBSTANCE, SALE 4	46
HEALTHCARE/RENT.REG.	7
LARCENY,GRAND FROM COIN MACHIN	8
LARCENY,GRAND PERSON,NECK CHAI	274
LARCENY,PETIT BY FALSE PROMISE	377
MARIJUANA, SALE 1, 2 & 3	96
MENACING 1ST DEGREE (VICT NOT	77
OBSCENITY, PERFORMANCE 3	7
RESISTING ARREST	3074
RIOT 1	16
ROBBERY,DWELLING	537
ROBBERY,PUBLIC PLACE INSIDE	1002
SALES OF PRESCRIPTION	5
STOLEN PROPERTY 3,POSSESSION	1974
ABSCONDING FROM WORK RELEASE 2	1
ASSAULT 3	43953
BURGLARY,RESIDENCE,DAY	10340
CONTROLLED SUBSTANCE, SALE 5	424
EDUCATION LAW,UNCLASSIFIED	3
GAMBLING 1,PROMOTING,BOOKMAKIN	7
LARCENY,GRAND BY FALSE PROMISE-IN PERSON CONTACT	1
LARCENY,PETIT OF BICYCLE	1420
LOITERING,GAMBLING,OTHER	34
OBSCENITY, MATERIAL 3	4
RADIO DEVICES,UNLAWFUL POSSESS	2
ROBBERY,BODEGA/CONVENIENCE STORE	284
ROBBERY,GAS STATION	113
TRESPASS 4,CRIMINAL SUB 2	139
BURGLARY,TRUCK NIGHT	266
COERCION 1	163
CONTEMPT,CRIMINAL	1244
FALSE REPORT BOMB	63
FORGERY,ETC.,UNCLASSIFIED-FELO	5665
HOMICIDE,NEGLIGENT,VEHICLE	2
LARCENY,GRAND BY OPEN/COMPROMISE CELL PHONE ACCT	6
LARCENY,PETIT FROM COIN MACHIN	68
LARCENY,PETIT OF BOAT	4
MATERIAL              OFFENSIV	4
ARSON 1	14
BURGLARY,UNCLASSIFIED,UNKNOWN	112
CHILD,ALCOHOL SALE TO	21
COERCION 2	9
FORTUNE TELLING	2
LARCENY,GRAND BY ACQUIRING LOS	2091
MISCHIEF, CRIMINAL 4, BY FIRE	656
NY STATE LAWS,UNCLASSIFIED FEL	343
PROSTITUTION	4
ROBBERY,PHARMACY	86
STOLEN PROPERTY 2,POSSESSION B	15
CONTROLLED SUBSTANCE,INTENT TO	2555
DISORDERLY CONDUCT	7
LARCENY,GRAND OF BOAT	5
LOITERING,UNCLASSIFIED	1
OBSCENITY 1	7
USURY,CRIMINAL	1
CHILD, ENDANGERING WELFARE	1762
LARCENY,GRAND FROM VEHICLE/MOTORCYCLE	5387
LARCENY,PETIT BY ACQUIRING LOS	3416
MARIJUANA, POSSESSION	456
MARIJUANA, POSSESSION 1, 2 & 3	299
AGGRAVATED CRIMINAL CONTEMPT	46
BRIBERY,COMMERCIAL	11
BURGLARY,TRUCK DAY	552
LARCENY,GRAND FROM BUILDING (NON-RESIDENCE) UNATTENDED	13383
LARCENY,PETIT FROM BUILDING,UN	18728
PEDDLING,UNLAWFUL	20
ROBBERY,OF TRUCK DRIVER	16
TAMPERING 3,2, CRIMINAL	108
WEAPONS, POSSESSION, ETC	7098
WOUNDS,REPORTING OF	2
BURGLARY,RESIDENCE,UNKNOWN TIM	1236
CONTROLLED SUBSTANCE,POSSESS.	2401
DRUG, INJECTION OF	6
ESCAPE 3	19
FACILITATION 3,2,1, CRIMINAL	3
HARASSMENT,SUBD 1,CIVILIAN	29369
IMITATION PISTOL/AIR RIFLE	28
LARCENY, GRAND OF MOPED	27
LARCENY,GRAND BY BANK ACCT COMPROMISE-UNAUTHORIZED PURCHASE	2
LARCENY,GRAND FROM OPEN AREAS, UNATTENDED	3601
PROSTITUTION 3, PROMOTING UNDE	1
THEFT OF SERVICES- CABLE TV SE	25
WEAPONS POSSESSION 1 & 2	548
A.B.C.,FALSE PROOF OF AGE	5
AGGRAVATED SEXUAL ASBUSE	637
CONTROLLED SUBSTANCE, POSSESSI	12159
GAMBLING 1,PROMOTING,POLICY	22
GAMBLING 2, PROMOTING, POLICY-	14
MISCHIEF,CRIMINAL,    UNCL 2ND	3088
POSSES OR CARRY A KNIFE	7
RAPE 1	950
SALE OF UNAUTHORIZED RECORDING	161
SOLICITATION 3,2,1, CRIMINAL	2
STOLEN PROPERTY-MOTOR VEH 2ND,	344
ALCOHOLIC BEVERAGE CONTROL LAW	76
LARCENY, PETIT OF MOPED	19
LARCENY,GRAND BY BANK ACCT COMPROMISE-REPRODUCED CHECK	1676
LARCENY,PETIT FROM PARKING MET	9
LEWDNESS,PUBLIC	890
RAPE 1,ATTEMPT	100
RAPE 2	217
ROBBERY,BAR/RESTAURANT	59
ROBBERY,ON BUS/ OR BUS DRIVER	101
SMOKING TRANSPORTATION FACILIT	1
CONTROLLED SUBSTANCE,POSSESS.-	57
DOG STEALING	2
N.Y.C. TRANSIT AUTH. R&R	12
NUISANCE, CRIMINAL	12
RAPE 3	255
ROBBERY,LICENSED MEDALLION CAB	169
ROBBERY,PERSONAL ELECTRONIC DEVICE	1
STOLEN PROP-MOTOR VEHICLE 3RD,	27
ASSEMBLY,UNLAWFUL	41
DIS. CON.,AGGRAVATED	6
ENTERPRISE CORRUPTION	1
ESCAPE 2,1	20
FORGERY,PRESCRIPTION	52
FORGERY-ILLEGAL POSSESSION,VEH	103
GAMBLING 2,PROMOTING,UNCLASSIF	102
IMPERSONATION 2, PUBLIC SERVAN	1002
LARCENY,GRAND FROM PERSON,PICK	1888
PLACE FALSE BOMB	2
PUBLIC HEALTH LAW,GLUE,UNLAWFU	1
RIOT 2/INCITING	87
ROBBERY,ATM LOCATION	29
ROBBERY,CAR JACKING	215
SOLICITATION 5,CRIMINAL	1
TRAFFIC,UNCLASSIFIED MISDEMEAN	1986
BRIBERY,FRAUD	13
FALSE REPORT UNCLASSIFIED	699
LARCENY,GRAND FROM PERSON,UNCL	6171
MISCHIEF, CRIMINAL 4, OF MOTOR	22937
OBSCENE MATERIAL - UNDER 17 YE	9
PROSTITUTION 3,PROMOTING BUSIN	5
ROBBERY,BANK	514
SEXUAL ABUSE 3,2	2716
TAMPERING 1,CRIMINAL	171
UNAUTHORIZED USE VEHICLE 2	774
UNLAWFUL POSS. WEAPON UPON SCH	7
CONSPIRACY 2, 1	6
CONSPIRACY 4, 3	3
CONSPIRACY 6, 5	3
CRIMINAL MISCHIEF 4TH, GRAFFIT	4751
KIDNAPPING 1	35
LARCENY, PETIT OF AUTO - ATTEM	3
LARCENY,GRAND BY OPEN CREDIT CARD (NEW ACCT)	7
NY STATE LAWS,UNCLASSIFIED MIS	82
RECORDS,FALSIFY-TAMPER	9
UNAUTHORIZED USE VEHICLE 3	1303
ALCOHOLIC BEVERAGES,PUBLIC CON	30
COMPUTER UNAUTH. USE/TAMPER	15
END WELFARE VULNERABLE ELDERLY PERSON	5
HOMICIDE,NEGLIGENT,UNCLASSIFIE	3
KIDNAPPING 2	39
LARCENY,PETIT BY CREDIT CARD U	857
LEAVING SCENE-ACCIDENT-PERSONA	3945
MENACING 1ST DEGREE (VICT PEAC	10
RECKLESS DRIVING	52
SEX CRIMES	4
SUPP. ACT TERR 2ND	1
TAMPERING WITH A WITNESS	25
ARSON, MOTOR VEHICLE 1 2 3 & 4	619
BURGLARY,COMMERCIAL,NIGHT	3177
INCOMPETENT PERSON,RECKLESSY ENDANGERING	12
JOSTLING	23
LARCENY, GRAND OF AUTO - ATTEM	224
LARCENY,PETIT FROM BOAT	17
ROBBERY,UNLICENSED FOR HIRE VEHICLE	180
SEXUAL MISCONDUCT,INTERCOURSE	301
AGGRAVATED HARASSMENT 1	436
BURGLARS TOOLS,UNCLASSIFIED	160
IMPERSONATION 1, POLICE OFFICE	273
LARCENY,GRAND FROM PERSON,PURS	1490
LOITERING,DEVIATE SEX	2
MAKING TERRORISTIC THREAT	2
POSSESSION HYPODERMIC INSTRUME	93
PROSTITUTION 1, UNDER 11	1
PROSTITUTION 4,PROMOTING&SECUR	4
AGGRAVATED HARASSMENT 2	33837
AGRICULTURE & MARKETS LAW,UNCL	3
BURGLARY,UNCLASSIFIED,NIGHT	324
FALSE REPORT 1,FIRE	81
FIREWORKS, POSSESS/USE	50
GRAFFITI (ADMINISTRATIVE CODE-	3
LARCENY,PETIT BY CHECK USE	719
LARCENY,PETIT FROM OPEN AREAS,	8941
LARCENY,PETIT OF AUTO	136
MISCHIEF, CRIMINAL 3&2, BY FIR	34
ROBBERY,NECKCHAIN/JEWELRY	429
THEFT OF SERVICES, UNCLASSIFIE	478
THEFT,RELATED OFFENSES,UNCLASS	282
USE OF A CHILD IN A SEXUAL PER	2
WEAPONS POSSESSION 3	3678
