BAIL JUMPING 1 & 2	49
CHECK,BAD	90
DRUG PARAPHERNALIA,   POSSESSE	192
GENERAL BUSINESS LAW,TICKET SP	40
HEALTH CODE,UNCLASSIFIED MISDE	4
IMPRISONMENT 2,UNLAWFUL	160
NY STATE LAWS,UNCLASSIFIED VIO	35
PROSTITUTION 2, COMPULSORY	5
ROBBERY, CHAIN STORE	290
ROBBERY,POCKETBOOK/CARRIED BAG	858
TRESPASS 1,CRIMINAL	365
	485
ARSON 2,3,4	1010
BURGLARY,COMMERCIAL,DAY	1667
FORGERY,M.V. REGISTRATION	408
IMPRISONMENT 1,UNLAWFUL	122
LARCENY,GRAND BY THEFT OF CREDIT CARD	5444
LARCENY,GRAND OF AUTO	12111
LARCENY,PETIT OF MOTORCYCLE	20
ROBBERY,BICYCLE	133
SEXUAL ABUSE	26
CRIMINAL MISCHIEF,UNCLASSIFIED 4	16616
LARCENY,PETIT FROM TRUCK	239
LOITERING FOR PROSTITUTION OR	1
MARIJUANA, POSSESSION 4 & 5	17357
PRIVACY,OFFENSES AGAINST,UNCLA	5
PUBLIC ADMINISTRATION,UNCLASSI	276
ABORTIONAL ARTICLES,ISSUING	1
ADM.CODE,UNCLASSIFIED VIOLATIO	28
BURGLARY,UNCLASSIFIED,DAY	177
CONTROLLED SUBSTANCE, INTENT T	511
COURSE OF SEXUAL CONDUCT AGAIN	26
FALSE ALARM FIRE	7
LARCENY,GRAND BY DISHONEST EMP	649
LARCENY,GRAND OF MOTORCYCLE	685
LARCENY,PETIT FROM PIER	9
LOITERING 1ST DEGREE FOR DRUG	4
MENACING,PEACE OFFICER	163
ROBBERY, PAYROLL	9
ROBBERY,LIQUOR STORE	16
TRAFFIC,UNCLASSIFIED INFRACTIO	1
VEHICULAR ASSAULT (INTOX DRIVE	35
CIGARETTE,NO TAX STAMP,POSSESS	34
LARCENY,GRAND BY BANK ACCT COMPROMISE-UNCLASSIFIED	1
PROSTITUTION 2, UNDER 16	3
PUBLIC ADMINISTATION,UNCLASS M	2197
PUBLIC HEALTH LAW,UNCLASSIFIED	4
RECKLESS ENDANGERMENT OF PROPE	165
ROBBERY,COMMERCIAL UNCLASSIFIED	1563
ROBBERY,HIJACKING	6
SEXUAL MISCONDUCT,DEVIATE	35
VIOLATION OF ORDER OF PROTECTI	2981
ASSAULT 2,1,UNCLASSIFIED	15546
CONTROLLED SUBSTANCE,SALE 1	361
EXPOSURE OF A PERSON	17
FRAUD,UNCLASSIFIED-FELONY	5821
GRAND LARCENY-CHECK FROM MAILB	29
LARCENY,GRAND FROM BOAT, UNATTENDED	13
LARCENY,PETIT BY DISHONEST EMP	456
PERJURY 3,ETC.	9
POSSESSION ANTI-SECURITY ITEM	4
SODOMY 1	318
BURGLARY,COMMERCIAL,UNKNOWN TI	470
CONTROLLED SUBSTANCE,SALE 2	100
CREDIT CARD,UNLAWFUL USE OF	1
CRIMINAL MIS 2 & 3	1
FIREWORKS, SALE	40
GAMBLING, DEVICE, POSSESSION	43
HOMICIDE, NEGLIGENT, VEHICLE,	5
LABOR LAW,EMPLOYING CHILDREN	108
LARCENY,GRAND BY EXTORTION	83
LARCENY,GRAND FROM TRUCK, UNATTENDED	78
RECKLESS ENDANGERMENT 1	1863
SODOMY 2	17
STRANGULATION 1ST	1
WEAPONS,MFR,TRANSPORT,ETC.	3
CONTROLLED SUBSTANCE,SALE 3	958
GYPSY CAB	1
IMPAIRED DRIVING,DRUG	57
LARCENY,GRAND OF VEHICULAR/MOTORCYCLE ACCESSORIES	1167
LARCENY,PETIT OF LICENSE PLATE	3925
MANUFACTURE UNAUTHORIZED RECOR	155
MARIJUANA, SALE 4 & 5	1281
PETIT LARCENY-CHECK FROM MAILB	71
PUBLIC SAFETY,UNCLASSIFIED MIS	6
RECKLESS ENDANGERMENT 2	999
ROBBERY,CHECK CASHING BUSINESS	27
ROBBERY,OPEN AREA UNCLASSIFIED	13117
SODOMY 3	21
TRESPASS 2, CRIMINAL	7584
CUSTODIAL INTERFERENCE 1	104
EAVESDROPPING	20
FRAUD,UNCLASSIFIED-MISDEMEANOR	1561
MISCHIEF 1,CRIMINAL,EXPLOSIVE	9
PARK R&R,GAMBLING	25
ROBBERY,RESIDENTIAL COMMON AREA	2335
TRESPASS 3, CRIMINAL	474
CUSTODIAL INTERFERENCE 2	111
EDUCATION LAW	1
GAMBLING 2, PROMOTING, BOOKMAK	5
HEALTH CODE,VIOLATION	5
INCEST	1
LARCENY,GRAND FROM RETAIL STORE, UNATTENDED	1
MISCHIEF, CRIMINAL 3 & 2, OF M	3760
MONEY LAUNDERING 1 & 2	6
ABORTION 1	2
ACCOSTING,FRAUDULENT	235
BAIL JUMPING 3	120
BRIBERY, POLICE OFFICER	107
BURGLARY,UNKNOWN TIME	56
COMPUTER TAMPER/TRESSPASS	26
CRIMINAL DISPOSAL FIREARM 1 &	55
EDUCATION LAW,STREET TRADE	1
FAC. SEXUAL OFFENSE W/CONTROLL	1
LARCENY,GRAND BY IDENTITY THEFT-UNCLASSIFIED	2
NUISANCE,CRIMINAL,UNCLASSIFIED	22
PARKR&R,UNCLASSIFIED VIOLATION	10
STOLEN PROPERTY 2,1,POSSESSION	793
ADM.CODE,UNCLASSIFIED MISDEMEA	899
ASSAULT 2,1,PEACE OFFICER	1925
BRIBERY,PUBLIC ADMINISTRATION	916
BURGLARY,RESIDENCE,NIGHT	4734
CRIMINAL CONTEMPT 1	3837
FACILITATION 4, CRIMINAL	8
FIREWORKS	1
LARCENY,GRAND FROM PIER, UNATTENDED	8
LARCENY,GRAND FROM STORE-SHOPL	1090
LARCENY,PETIT OF VEHICLE ACCES	3509
ROBBERY,DOCTOR/DENTIST OFFICE	6
APPEARANCE TICKET FAIL TO RESP	7
INTOXICATED DRIVING,ALCOHOL	8593
LARCENY,GRAND BY FALSE PROMISE	284
LARCENY,PETIT FROM AUTO	20783
SALE SCHOOL GROUNDS 4	57
SOLICITATION 4, CRIMINAL	2
TAX LAW	720
FORGERY,DRIVERS LICENSE	392
FORGERY,ETC.-MISD.	1780
HARASSMENT,SUBD 3,4,5	36646
LARCENY,GRAND FROM RESIDENCE, UNATTENDED	1
LARCENY,GRAND OF BICYCLE	70
LARCENY,GRAND OF TRUCK	140
LARCENY,PETIT FROM STORE-SHOPL	16927
LOITERING TO PROMOTE PROSTITUT	5
MENACING,UNCLASSIFIED	7296
NOISE,UNECESSARY	2
PERJURY 2,1,ETC	8
POSTING ADVERTISEMENTS	1
PROMOTING A SEXUAL PERFORMANCE	8
PROSTITUTION, PATRONIZING 2, 1	1
PROSTITUTION, PATRONIZING 4, 3	56
BIGAMY	7
CHILD ABANDONMENT	62
CHILD,OFFENSES AGAINST,UNCLASS	11
CONTROLLED SUBSTANCE, SALE 4	50
HEALTHCARE/RENT.REG.	23
LARCENY,GRAND FROM COIN MACHIN	2
LARCENY,GRAND PERSON,NECK CHAI	160
LARCENY,PETIT BY FALSE PROMISE	262
MARIJUANA, SALE 1, 2 & 3	151
MENACING 1ST DEGREE (VICT NOT	87
OBSCENITY, PERFORMANCE 3	6
RESISTING ARREST	3213
RIOT 1	25
ROBBERY,DWELLING	563
ROBBERY,PUBLIC PLACE INSIDE	792
SALES OF PRESCRIPTION	6
STOLEN PROPERTY 3,POSSESSION	1866
ASSAULT 3	43877
BURGLARY,RESIDENCE,DAY	9602
CONTROLLED SUBSTANCE, SALE 5	566
GAMBLING 1,PROMOTING,BOOKMAKIN	7
LARCENY,PETIT OF BICYCLE	1424
LARCENY,PETIT OF TRUCK	1
LOITERING,GAMBLING,OTHER	49
OBSCENITY, MATERIAL 3	1
RADIO DEVICES,UNLAWFUL POSSESS	3
ROBBERY,BODEGA/CONVENIENCE STORE	257
ROBBERY,GAS STATION	76
TRESPASS 4,CRIMINAL SUB 2	146
BURGLARY,TRUCK NIGHT	234
COERCION 1	180
CONTEMPT,CRIMINAL	1417
FALSE REPORT BOMB	70
FORGERY,ETC.,UNCLASSIFIED-FELO	5131
HOMICIDE,NEGLIGENT,VEHICLE	1
LARCENY,GRAND BY OPEN/COMPROMISE CELL PHONE ACCT	12
LARCENY,PETIT FROM COIN MACHIN	43
LARCENY,PETIT OF BOAT	2
MATERIAL              OFFENSIV	5
ARSON 1	23
BURGLARY,UNCLASSIFIED,UNKNOWN	143
CHILD,ALCOHOL SALE TO	74
COERCION 2	5
FORTUNE TELLING	2
LARCENY,GRAND BY ACQUIRING LOS	646
MISCHIEF, CRIMINAL 4, BY FIRE	588
NY STATE LAWS,UNCLASSIFIED FEL	395
PROSTITUTION	15
ROBBERY,PHARMACY	118
STOLEN PROPERTY 2,POSSESSION B	12
BUILDING MATERIAL	3
CONTROLLED SUBSTANCE,INTENT TO	2733
DISORDERLY CONDUCT	6
LARCENY,GRAND OF BOAT	1
LOITERING,UNCLASSIFIED	1
OBSCENITY 1	12
CHILD, ENDANGERING WELFARE	1391
LARCENY,GRAND BY OPEN BANK ACCT	2
LARCENY,GRAND FROM VEHICLE/MOTORCYCLE	5334
LARCENY,PETIT BY ACQUIRING LOS	410
MARIJUANA, POSSESSION	557
MARIJUANA, POSSESSION 1, 2 & 3	398
AGGRAVATED CRIMINAL CONTEMPT	50
BRIBERY,COMMERCIAL	10
BURGLARY,TRUCK DAY	551
LARCENY,GRAND FROM BUILDING (NON-RESIDENCE) UNATTENDED	16248
LARCENY,PETIT FROM BUILDING,UN	22592
PEDDLING,UNLAWFUL	11
ROBBERY,OF TRUCK DRIVER	27
TAMPERING 3,2, CRIMINAL	89
WEAPONS, POSSESSION, ETC	7713
WOUNDS,REPORTING OF	4
BURGLARY,RESIDENCE,UNKNOWN TIM	1143
CONTROLLED SUBSTANCE,POSSESS.	2530
DRUG, INJECTION OF	7
ESCAPE 3	33
FACILITATION 3,2,1, CRIMINAL	2
HARASSMENT,SUBD 1,CIVILIAN	28463
IMITATION PISTOL/AIR RIFLE	44
LARCENY, GRAND OF MOPED	20
LARCENY,GRAND FROM OPEN AREAS, UNATTENDED	3046
PROSTITUTION 3, PROMOTING UNDE	1
THEFT OF SERVICES- CABLE TV SE	25
WEAPONS POSSESSION 1 & 2	778
A.B.C.,FALSE PROOF OF AGE	6
AGGRAVATED SEXUAL ASBUSE	551
CONTROLLED SUBSTANCE, POSSESSI	12619
GAMBLING 1,PROMOTING,POLICY	23
GAMBLING 2, PROMOTING, POLICY-	27
MISCHIEF,CRIMINAL,    UNCL 2ND	3107
POSSES OR CARRY A KNIFE	5
RAPE 1	783
SALE OF UNAUTHORIZED RECORDING	140
SOLICITATION 3,2,1, CRIMINAL	3
STOLEN PROPERTY-MOTOR VEH 2ND,	270
ALCOHOLIC BEVERAGE CONTROL LAW	77
LARCENY, PETIT OF MOPED	12
LARCENY,GRAND BY BANK ACCT COMPROMISE-REPRODUCED CHECK	1598
LARCENY,PETIT FROM PARKING MET	11
LEWDNESS,PUBLIC	799
PROMOTING SUICIDE ATTEMPT	1
RAPE 1,ATTEMPT	82
RAPE 2	173
ROBBERY,BAR/RESTAURANT	45
ROBBERY,ON BUS/ OR BUS DRIVER	79
CONTROLLED SUBSTANCE,POSSESS.-	35
DOG STEALING	4
N.Y.C. TRANSIT AUTH. R&R	6
NUISANCE, CRIMINAL	15
RAPE 3	228
ROBBERY,LICENSED MEDALLION CAB	167
STOLEN PROP-MOTOR VEHICLE 3RD,	14
ASSEMBLY,UNLAWFUL	59
DIS. CON.,AGGRAVATED	7
ENTERPRISE CORRUPTION	3
ESCAPE 2,1	33
FORGERY,PRESCRIPTION	73
FORGERY-ILLEGAL POSSESSION,VEH	57
GAMBLING 2,PROMOTING,UNCLASSIF	133
IMPERSONATION 2, PUBLIC SERVAN	945
LARCENY,GRAND FROM PERSON,PICK	1582
PUBLIC HEALTH LAW,GLUE,UNLAWFU	1
RIOT 2/INCITING	59
ROBBERY,ATM LOCATION	34
ROBBERY,CAR JACKING	227
SEX TRAFFICKING	1
SOLICITATION 5,CRIMINAL	1
TRAFFIC,UNCLASSIFIED MISDEMEAN	1622
ANARCHY,CRIMINAL	1
BRIBERY,FRAUD	10
FALSE REPORT UNCLASSIFIED	668
LARCENY,GRAND FROM PERSON,UNCL	6020
MISCHIEF, CRIMINAL 4, OF MOTOR	22917
OBSCENE MATERIAL - UNDER 17 YE	10
PROSTITUTION 3,PROMOTING BUSIN	4
ROBBERY,BANK	446
SEXUAL ABUSE 3,2	2669
TAMPERING 1,CRIMINAL	137
UNAUTHORIZED USE VEHICLE 2	786
UNLAWFUL POSS. WEAPON UPON SCH	3
CONSPIRACY 2, 1	14
CONSPIRACY 4, 3	6
CONSPIRACY 6, 5	3
CRIMINAL MISCHIEF 4TH, GRAFFIT	8537
KIDNAPPING 1	32
LARCENY, PETIT OF AUTO - ATTEM	3
LARCENY,GRAND BY OPEN CREDIT CARD (NEW ACCT)	5
NY STATE LAWS,UNCLASSIFIED MIS	65
RECORDS,FALSIFY-TAMPER	9
UNAUTHORIZED USE VEHICLE 3	1307
ALCOHOLIC BEVERAGES,PUBLIC CON	28
COMPUTER UNAUTH. USE/TAMPER	11
END WELFARE VULNERABLE ELDERLY PERSON	5
HOMICIDE,NEGLIGENT,UNCLASSIFIE	4
KIDNAPPING 2	38
LARCENY,PETIT BY CREDIT CARD U	682
LEAVING SCENE-ACCIDENT-PERSONA	3842
MENACING 1ST DEGREE (VICT PEAC	10
RECKLESS DRIVING	56
SEX CRIMES	3
SUPP. ACT TERR 2ND	3
TAMPERING WITH A WITNESS	28
ARSON, MOTOR VEHICLE 1 2 3 & 4	531
BURGLARY,COMMERCIAL,NIGHT	2665
INCOMPETENT PERSON,RECKLESSY ENDANGERING	6
JOSTLING	15
LARCENY, GRAND OF AUTO - ATTEM	202
LARCENY,PETIT FROM BOAT	13
ROBBERY,UNLICENSED FOR HIRE VEHICLE	177
SEXUAL MISCONDUCT,INTERCOURSE	329
AGGRAVATED HARASSMENT 1	539
BURGLARS TOOLS,UNCLASSIFIED	193
IMPERSONATION 1, POLICE OFFICE	266
LARCENY,GRAND FROM PERSON,PURS	1076
MAKING TERRORISTIC THREAT	20
POSSESSION HYPODERMIC INSTRUME	86
PROSTITUTION 1, UNDER 11	1
PROSTITUTION 4,PROMOTING&SECUR	11
AGGRAVATED HARASSMENT 2	33078
AGRICULTURE & MARKETS LAW,UNCL	1
BURGLARY,UNCLASSIFIED,NIGHT	272
FALSE REPORT 1,FIRE	81
FIREWORKS, POSSESS/USE	22
GRAFFITI (ADMINISTRATIVE CODE-	5
LARCENY,PETIT BY CHECK USE	578
LARCENY,PETIT FROM OPEN AREAS,	8029
LARCENY,PETIT OF AUTO	92
MISCHIEF, CRIMINAL 3&2, BY FIR	50
ROBBERY,NECKCHAIN/JEWELRY	411
THEFT OF SERVICES, UNCLASSIFIE	649
THEFT,RELATED OFFENSES,UNCLASS	268
UNAUTH. SALE OF TRANS. SERVICE	11
USE OF A CHILD IN A SEXUAL PER	3
WEAPONS POSSESSION 3	4161
