BAIL JUMPING 1 & 2	46
CHECK,BAD	72
DRUG PARAPHERNALIA,   POSSESSE	154
GENERAL BUSINESS LAW,TICKET SP	25
HEALTH CODE,UNCLASSIFIED MISDE	7
IMPRISONMENT 2,UNLAWFUL	151
NY STATE LAWS,UNCLASSIFIED VIO	18
PROSTITUTION 2, COMPULSORY	7
ROBBERY, CHAIN STORE	309
ROBBERY,POCKETBOOK/CARRIED BAG	969
TRESPASS 1,CRIMINAL	340
	515
ARSON 2,3,4	1072
BURGLARY,COMMERCIAL,DAY	1451
FORGERY,M.V. REGISTRATION	340
IMPRISONMENT 1,UNLAWFUL	149
LARCENY,GRAND BY THEFT OF CREDIT CARD	5012
LARCENY,GRAND OF AUTO	11450
LARCENY,PETIT OF MOTORCYCLE	22
ROBBERY,BICYCLE	109
SEXUAL ABUSE	20
CRIMINAL MISCHIEF,UNCLASSIFIED 4	15448
LARCENY,PETIT FROM TRUCK	261
MARIJUANA, POSSESSION 4 & 5	18284
PRIVACY,OFFENSES AGAINST,UNCLA	2
PUBLIC ADMINISTRATION,UNCLASSI	597
ADM.CODE,UNCLASSIFIED VIOLATIO	40
BURGLARY,UNCLASSIFIED,DAY	137
CONTROLLED SUBSTANCE, INTENT T	406
COURSE OF SEXUAL CONDUCT AGAIN	30
FALSE ALARM FIRE	9
LARCENY,GRAND BY DISHONEST EMP	661
LARCENY,GRAND OF MOTORCYCLE	728
LARCENY,PETIT FROM PIER	7
LOITERING 1ST DEGREE FOR DRUG	10
MARRIAGE,OFFENSES AGAINST,UNCL	1
MENACING,PEACE OFFICER	110
ROBBERY, PAYROLL	8
ROBBERY,LIQUOR STORE	25
TRAFFIC,UNCLASSIFIED INFRACTIO	3
VEHICULAR ASSAULT (INTOX DRIVE	16
CIGARETTE,NO TAX STAMP,POSSESS	32
LARCENY,GRAND BY BANK ACCT COMPROMISE-UNCLASSIFIED	2
PROSTITUTION 2, UNDER 16	2
PROSTITUTION,PERMITTING	3
PUBLIC ADMINISTATION,UNCLASS M	2599
PUBLIC HEALTH LAW,UNCLASSIFIED	4
RECKLESS ENDANGERMENT OF PROPE	143
ROBBERY,COMMERCIAL UNCLASSIFIED	1214
ROBBERY,HIJACKING	4
SEXUAL MISCONDUCT,DEVIATE	21
VIOLATION OF ORDER OF PROTECTI	2998
ASSAULT 2,1,UNCLASSIFIED	14399
CONTROLLED SUBSTANCE,SALE 1	280
EXPOSURE OF A PERSON	10
FRAUD,UNCLASSIFIED-FELONY	6413
GRAND LARCENY-CHECK FROM MAILB	28
LARCENY,GRAND FROM BOAT, UNATTENDED	8
LARCENY,PETIT BY DISHONEST EMP	492
PERJURY 3,ETC.	10
POSSESSION ANTI-SECURITY ITEM	1
SODOMY 1	298
BURGLARY,COMMERCIAL,UNKNOWN TI	426
CONTROLLED SUBSTANCE,SALE 2	89
CREDIT CARD,UNLAWFUL USE OF	2
CRIMINAL MIS 2 & 3	11
FIREWORKS, SALE	42
GAMBLING, DEVICE, POSSESSION	38
HOMICIDE, NEGLIGENT, VEHICLE,	9
LABOR LAW,EMPLOYING CHILDREN	2
LARCENY,GRAND BY EXTORTION	88
LARCENY,GRAND FROM PERSON, BAG OPEN/DIP	2
LARCENY,GRAND FROM PERSON,LUSH WORKER(SLEEPING/UNCON VICTIM)	1
LARCENY,GRAND FROM TRUCK, UNATTENDED	60
RECKLESS ENDANGERMENT 1	1819
SODOMY 2	16
WEAPONS,MFR,TRANSPORT,ETC.	1
CONTROLLED SUBSTANCE,SALE 3	605
GYPSY CAB	2
IMPAIRED DRIVING,DRUG	39
LARCENY,GRAND BY CREDIT CARD ACCT COMPROMISE-EXISTING ACCT	2
LARCENY,GRAND OF VEHICULAR/MOTORCYCLE ACCESSORIES	1103
LARCENY,PETIT OF LICENSE PLATE	3879
MANUFACTURE UNAUTHORIZED RECOR	104
MARIJUANA, SALE 4 & 5	1270
PETIT LARCENY-CHECK FROM MAILB	72
PUBLIC SAFETY,UNCLASSIFIED MIS	11
RECKLESS ENDANGERMENT 2	886
ROBBERY,CHECK CASHING BUSINESS	38
ROBBERY,OPEN AREA UNCLASSIFIED	14286
SODOMY 3	30
TRESPASS 2, CRIMINAL	7497
CUSTODIAL INTERFERENCE 1	109
EAVESDROPPING	20
FRAUD,UNCLASSIFIED-MISDEMEANOR	1759
MISCHIEF 1,CRIMINAL,EXPLOSIVE	3
ROBBERY,RESIDENTIAL COMMON AREA	2056
TRESPASS 3, CRIMINAL	825
CUSTODIAL INTERFERENCE 2	106
GAMBLING 2, PROMOTING, BOOKMAK	4
HEALTH CODE,VIOLATION	1
INCEST	2
MISCHIEF, CRIMINAL 3 & 2, OF M	3701
MONEY LAUNDERING 1 & 2	6
ACCOSTING,FRAUDULENT	299
BAIL JUMPING 3	111
BRIBERY, POLICE OFFICER	81
BURGLARY,UNKNOWN TIME	55
COMPUTER TAMPER/TRESSPASS	37
CRIMINAL DISPOSAL FIREARM 1 &	58
LARCENY,GRAND BY IDENTITY THEFT-UNCLASSIFIED	9
NUISANCE,CRIMINAL,UNCLASSIFIED	23
PARKR&R,UNCLASSIFIED VIOLATION	18
STOLEN PROPERTY 2,1,POSSESSION	791
ADM.CODE,UNCLASSIFIED MISDEMEA	956
ASSAULT 2,1,PEACE OFFICER	1861
BRIBERY,PUBLIC ADMINISTRATION	1133
BURGLARY,RESIDENCE,NIGHT	4357
CRIMINAL CONTEMPT 1	4196
FACILITATION 4, CRIMINAL	4
FIREWORKS	2
LARCENY,GRAND FROM PIER, UNATTENDED	12
LARCENY,GRAND FROM STORE-SHOPL	1151
LARCENY,PETIT OF VEHICLE ACCES	3455
ROBBERY,DOCTOR/DENTIST OFFICE	3
APPEARANCE TICKET FAIL TO RESP	5
INTOXICATED DRIVING,ALCOHOL	8245
LARCENY,GRAND BY FALSE PROMISE	435
LARCENY,PETIT FROM AUTO	22626
SALE SCHOOL GROUNDS 4	65
SOLICITATION 4, CRIMINAL	5
TAX LAW	417
FORGERY,DRIVERS LICENSE	345
FORGERY,ETC.-MISD.	1689
HARASSMENT,SUBD 3,4,5	34982
LARCENY,GRAND FROM RESIDENCE, UNATTENDED	1
LARCENY,GRAND OF BICYCLE	106
LARCENY,GRAND OF TRUCK	130
LARCENY,PETIT FROM STORE-SHOPL	18518
LOITERING TO PROMOTE PROSTITUT	11
MENACING,UNCLASSIFIED	6847
NOISE,UNECESSARY	4
PERJURY 2,1,ETC	13
POSTING ADVERTISEMENTS	7
PROMOTING A SEXUAL PERFORMANCE	10
PROSTITUTION, PATRONIZING 4, 3	22
BIGAMY	1
CHILD ABANDONMENT	41
CHILD,OFFENSES AGAINST,UNCLASS	10
CONTROLLED SUBSTANCE, SALE 4	47
HEALTHCARE/RENT.REG.	6
LARCENY,GRAND FROM COIN MACHIN	3
LARCENY,GRAND PERSON,NECK CHAI	230
LARCENY,PETIT BY FALSE PROMISE	281
MARIJUANA, SALE 1, 2 & 3	133
MENACING 1ST DEGREE (VICT NOT	83
OBSCENITY, PERFORMANCE 3	4
RESISTING ARREST	3090
RIOT 1	16
ROBBERY,DWELLING	439
ROBBERY,PUBLIC PLACE INSIDE	818
SALES OF PRESCRIPTION	4
STOLEN PROPERTY 3,POSSESSION	1798
ABSCONDING FROM WORK RELEASE 2	1
ASSAULT 3	43274
BURGLARY,RESIDENCE,DAY	9348
CONTROLLED SUBSTANCE, SALE 5	718
GAMBLING 1,PROMOTING,BOOKMAKIN	7
LARCENY,GRAND BY FALSE PROMISE-IN PERSON CONTACT	1
LARCENY,PETIT OF BICYCLE	1797
LOITERING,GAMBLING,OTHER	24
OBSCENITY, MATERIAL 3	2
ROBBERY,BODEGA/CONVENIENCE STORE	238
ROBBERY,GAS STATION	93
TRESPASS 4,CRIMINAL SUB 2	155
BURGLARY,TRUCK NIGHT	196
COERCION 1	149
CONTEMPT,CRIMINAL	1577
FALSE REPORT BOMB	45
FORGERY,ETC.,UNCLASSIFIED-FELO	4294
HOMICIDE,NEGLIGENT,VEHICLE	2
LARCENY,GRAND BY OPEN/COMPROMISE CELL PHONE ACCT	19
LARCENY,PETIT FROM COIN MACHIN	20
LARCENY,PETIT OF BOAT	4
MATERIAL              OFFENSIV	5
ARSON 1	24
BURGLARY,UNCLASSIFIED,UNKNOWN	148
CHILD,ALCOHOL SALE TO	37
COERCION 2	6
LARCENY,GRAND BY ACQUIRING LOS	508
MISCHIEF, CRIMINAL 4, BY FIRE	626
NY STATE LAWS,UNCLASSIFIED FEL	404
PROSTITUTION	17
ROBBERY,PHARMACY	93
STOLEN PROPERTY 2,POSSESSION B	15
ABORTION 2, 1, SELF	1
BUILDING MATERIAL	2
CONTROLLED SUBSTANCE,INTENT TO	2293
DISORDERLY CONDUCT	80
LARCENY,GRAND OF BOAT	6
LOITERING,UNCLASSIFIED	6
OBSCENITY 1	11
CHILD, ENDANGERING WELFARE	1256
LARCENY,GRAND BY OPEN BANK ACCT	1
LARCENY,GRAND FROM VEHICLE/MOTORCYCLE	5088
LARCENY,PETIT BY ACQUIRING LOS	323
MARIJUANA, POSSESSION	524
MARIJUANA, POSSESSION 1, 2 & 3	374
AGGRAVATED CRIMINAL CONTEMPT	46
BRIBERY,COMMERCIAL	7
BURGLARY,TRUCK DAY	466
LARCENY,GRAND FROM BUILDING (NON-RESIDENCE) UNATTENDED	15370
LARCENY,PETIT FROM BUILDING,UN	22228
PEDDLING,UNLAWFUL	16
ROBBERY,OF TRUCK DRIVER	20
TAMPERING 3,2, CRIMINAL	82
WEAPONS, POSSESSION, ETC	7656
BURGLARY,RESIDENCE,UNKNOWN TIM	1260
CONTROLLED SUBSTANCE,POSSESS.	2234
DRUG, INJECTION OF	4
ESCAPE 3	23
FACILITATION 3,2,1, CRIMINAL	2
HARASSMENT,SUBD 1,CIVILIAN	26023
IMITATION PISTOL/AIR RIFLE	31
LARCENY, GRAND OF MOPED	37
LARCENY,GRAND FROM OPEN AREAS, UNATTENDED	2999
LARCENY,GRAND FROM PARKING MET	1
PROSTITUTION 3, PROMOTING UNDE	3
THEFT OF SERVICES- CABLE TV SE	35
WEAPONS POSSESSION 1 & 2	785
A.B.C.,FALSE PROOF OF AGE	2
AGGRAVATED SEXUAL ASBUSE	484
CONTROLLED SUBSTANCE, POSSESSI	11604
GAMBLING 1,PROMOTING,POLICY	8
GAMBLING 2, PROMOTING, POLICY-	11
LARCENY,GRAND BY BANK ACCT COMPROMISE-TELLER	1
MISCHIEF,CRIMINAL,    UNCL 2ND	3183
POSSES OR CARRY A KNIFE	8
RAPE 1	808
SALE OF UNAUTHORIZED RECORDING	150
SOLICITATION 3,2,1, CRIMINAL	1
STOLEN PROPERTY-MOTOR VEH 2ND,	203
ALCOHOLIC BEVERAGE CONTROL LAW	58
LARCENY, PETIT OF MOPED	18
LARCENY,GRAND BY BANK ACCT COMPROMISE-REPRODUCED CHECK	1817
LARCENY,PETIT FROM PARKING MET	15
LEWDNESS,PUBLIC	796
PROMOTING SUICIDE ATTEMPT	2
RAPE 1,ATTEMPT	84
RAPE 2	166
ROBBERY,BAR/RESTAURANT	50
ROBBERY,ON BUS/ OR BUS DRIVER	81
CONTROLLED SUBSTANCE,POSSESS.-	26
N.Y.C. TRANSIT AUTH. R&R	9
NUISANCE, CRIMINAL	4
RAPE 3	196
ROBBERY,LICENSED MEDALLION CAB	194
ROBBERY,PERSONAL ELECTRONIC DEVICE	3
STOLEN PROP-MOTOR VEHICLE 3RD,	9
ASSEMBLY,UNLAWFUL	55
ENTERPRISE CORRUPTION	1
ESCAPE 2,1	27
FORGERY,PRESCRIPTION	71
FORGERY-ILLEGAL POSSESSION,VEH	59
GAMBLING 2,PROMOTING,UNCLASSIF	131
IMPERSONATION 2, PUBLIC SERVAN	1082
LARCENY,GRAND FROM PERSON,PICK	1326
PLACE FALSE BOMB	1
PUBLIC HEALTH LAW,GLUE,UNLAWFU	1
RIOT 2/INCITING	68
ROBBERY,ATM LOCATION	39
ROBBERY,CAR JACKING	202
SEX TRAFFICKING	2
SOLICITATION 5,CRIMINAL	2
TRAFFIC,UNCLASSIFIED MISDEMEAN	1399
BRIBERY,FRAUD	1
FALSE REPORT UNCLASSIFIED	611
LARCENY,GRAND FROM PERSON,UNCL	6630
LOITERING,SCHOOL	1
MISCHIEF, CRIMINAL 4, OF MOTOR	23348
OBSCENE MATERIAL - UNDER 17 YE	13
OBSTR BREATH/CIRCUL	1
PROSTITUTION 3,PROMOTING BUSIN	8
ROBBERY,BANK	523
SEXUAL ABUSE 3,2	2673
TAMPERING 1,CRIMINAL	102
UNAUTHORIZED USE VEHICLE 2	672
UNLAWFUL POSS. WEAPON UPON SCH	5
CONSPIRACY 2, 1	9
CONSPIRACY 4, 3	4
CONSPIRACY 6, 5	5
CRIMINAL MISCHIEF 4TH, GRAFFIT	9568
KIDNAPPING 1	14
LARCENY, PETIT OF AUTO - ATTEM	1
LARCENY,GRAND BY OPEN CREDIT CARD (NEW ACCT)	14
NY STATE LAWS,UNCLASSIFIED MIS	103
RECORDS,FALSIFY-TAMPER	6
UNAUTHORIZED USE VEHICLE 3	1185
ALCOHOLIC BEVERAGES,PUBLIC CON	21
COMPUTER UNAUTH. USE/TAMPER	14
END WELFARE VULNERABLE ELDERLY PERSON	3
HOMICIDE,NEGLIGENT,UNCLASSIFIE	2
KIDNAPPING 2	31
LARCENY,PETIT BY CREDIT CARD U	705
LEAVING SCENE-ACCIDENT-PERSONA	3772
MENACING 1ST DEGREE (VICT PEAC	74
RECKLESS DRIVING	66
SEX CRIMES	2
SUPP. ACT TERR 2ND	3
TAMPERING WITH A WITNESS	18
ARSON, MOTOR VEHICLE 1 2 3 & 4	749
BURGLARY,COMMERCIAL,NIGHT	2605
INCOMPETENT PERSON,RECKLESSY ENDANGERING	10
JOSTLING	27
LARCENY, GRAND OF AUTO - ATTEM	124
LARCENY,PETIT FROM BOAT	16
ROBBERY,UNLICENSED FOR HIRE VEHICLE	127
SEXUAL MISCONDUCT,INTERCOURSE	329
AGGRAVATED HARASSMENT 1	442
BURGLARS TOOLS,UNCLASSIFIED	171
IMPERSONATION 1, POLICE OFFICE	247
LARCENY,GRAND FROM PERSON,PURS	1047
LOITERING,DEVIATE SEX	1
MAKING TERRORISTIC THREAT	21
POSSESSION HYPODERMIC INSTRUME	69
PROSTITUTION 4,PROMOTING&SECUR	13
AGGRAVATED HARASSMENT 2	31098
AGRICULTURE & MARKETS LAW,UNCL	2
BURGLARY,UNCLASSIFIED,NIGHT	266
FALSE REPORT 1,FIRE	87
FIREWORKS, POSSESS/USE	33
GRAFFITI (ADMINISTRATIVE CODE-	9
LARCENY,PETIT BY CHECK USE	483
LARCENY,PETIT FROM OPEN AREAS,	7796
LARCENY,PETIT OF AUTO	62
MISCHIEF, CRIMINAL 3&2, BY FIR	64
ROBBERY,NECKCHAIN/JEWELRY	435
THEFT OF SERVICES, UNCLASSIFIE	734
THEFT,RELATED OFFENSES,UNCLASS	239
UNAUTH. SALE OF TRANS. SERVICE	32
WEAPONS POSSESSION 3	4428
