BAIL JUMPING 1 & 2	66
CHECK,BAD	55
DRUG PARAPHERNALIA,   POSSESSE	177
GENERAL BUSINESS LAW,TICKET SP	66
HEALTH CODE,UNCLASSIFIED MISDE	1
IMPRISONMENT 2,UNLAWFUL	170
LARCENY,GRAND BY BANK ACCT COMPROMISE-ATM TRANSACTION	1
LARCENY,GRAND FROM PERSON,PERSONAL ELECTRONIC DEVICE(SNATCH)	1
NY STATE LAWS,UNCLASSIFIED VIO	17
PROSTITUTION 2, COMPULSORY	1
ROBBERY, CHAIN STORE	303
ROBBERY,POCKETBOOK/CARRIED BAG	746
TRESPASS 1,CRIMINAL	301
	456
ARSON 2,3,4	918
BURGLARY,COMMERCIAL,DAY	1224
FORGERY,M.V. REGISTRATION	318
IMPRISONMENT 1,UNLAWFUL	125
LARCENY,GRAND BY THEFT OF CREDIT CARD	4403
LARCENY,GRAND OF AUTO	9676
LARCENY,PETIT OF MOTORCYCLE	21
ROBBERY,BICYCLE	92
SEXUAL ABUSE	22
CRIMINAL MISCHIEF,UNCLASSIFIED 4	14606
LARCENY,PETIT FROM TRUCK	245
LOITERING FOR PROSTITUTION OR	2
MARIJUANA, POSSESSION 4 & 5	21303
PRIVACY,OFFENSES AGAINST,UNCLA	6
PUBLIC ADMINISTRATION,UNCLASSI	372
WEAPONS,PROHIBITED USE IMITATI	1
ADM.CODE,UNCLASSIFIED VIOLATIO	59
BURGLARY,UNCLASSIFIED,DAY	125
CONTROLLED SUBSTANCE, INTENT T	376
COURSE OF SEXUAL CONDUCT AGAIN	27
FALSE ALARM FIRE	18
LARCENY,GRAND BY DISHONEST EMP	487
LARCENY,GRAND OF MOTORCYCLE	691
LARCENY,PETIT FROM PIER	11
LOITERING 1ST DEGREE FOR DRUG	2
MARRIAGE,OFFENSES AGAINST,UNCL	1
MENACING,PEACE OFFICER	69
ROBBERY, PAYROLL	8
ROBBERY,LIQUOR STORE	11
VEHICULAR ASSAULT (INTOX DRIVE	29
CIGARETTE,NO TAX STAMP,POSSESS	19
LARCENY,GRAND BY BANK ACCT COMPROMISE-UNCLASSIFIED	1
PROSTITUTION 2, UNDER 16	2
PUBLIC ADMINISTATION,UNCLASS M	3236
PUBLIC HEALTH LAW,UNCLASSIFIED	2
RECKLESS ENDANGERMENT OF PROPE	159
ROBBERY,COMMERCIAL UNCLASSIFIED	1056
ROBBERY,HIJACKING	6
SEXUAL MISCONDUCT,DEVIATE	34
VIOLATION OF ORDER OF PROTECTI	3033
ASSAULT 2,1,UNCLASSIFIED	14851
CONTROLLED SUBSTANCE,SALE 1	291
EXPOSURE OF A PERSON	17
FRAUD,UNCLASSIFIED-FELONY	4853
GRAND LARCENY-CHECK FROM MAILB	23
LARCENY,GRAND FROM BOAT, UNATTENDED	17
LARCENY,PETIT BY DISHONEST EMP	390
PERJURY 3,ETC.	9
POSSESSION ANTI-SECURITY ITEM	2
SODOMY 1	302
BURGLARY,COMMERCIAL,UNKNOWN TI	380
CONTROLLED SUBSTANCE,SALE 2	115
CREDIT CARD,UNLAWFUL USE OF	1
CRIMINAL MIS 2 & 3	6
FIREWORKS, SALE	50
GAMBLING, DEVICE, POSSESSION	32
HOMICIDE, NEGLIGENT, VEHICLE,	16
LABOR LAW,EMPLOYING CHILDREN	1
LARCENY,GRAND BY EXTORTION	106
LARCENY,GRAND FROM TRUCK, UNATTENDED	67
RECKLESS ENDANGERMENT 1	1645
SODOMY 2	21
WEAPONS,MFR,TRANSPORT,ETC.	2
CONTROLLED SUBSTANCE,SALE 3	448
GYPSY CAB	1
IMPAIRED DRIVING,DRUG	65
LARCENY,GRAND BY CREDIT CARD ACCT COMPROMISE-EXISTING ACCT	2
LARCENY,GRAND OF VEHICULAR/MOTORCYCLE ACCESSORIES	1249
LARCENY,PETIT OF LICENSE PLATE	3680
MANUFACTURE UNAUTHORIZED RECOR	174
MARIJUANA, SALE 4 & 5	1224
PETIT LARCENY-CHECK FROM MAILB	57
PUBLIC SAFETY,UNCLASSIFIED MIS	28
RECKLESS ENDANGERMENT 2	836
ROBBERY,CHECK CASHING BUSINESS	16
ROBBERY,OPEN AREA UNCLASSIFIED	11505
SODOMY 3	23
TRESPASS 2, CRIMINAL	7793
CUSTODIAL INTERFERENCE 1	84
EAVESDROPPING	36
FRAUD,UNCLASSIFIED-MISDEMEANOR	1556
MISCHIEF 1,CRIMINAL,EXPLOSIVE	4
PARK R&R,GAMBLING	3
ROBBERY,HOME INVASION	2
ROBBERY,RESIDENTIAL COMMON AREA	1813
TRESPASS 3, CRIMINAL	746
CUSTODIAL INTERFERENCE 2	111
GAMBLING 2, PROMOTING, BOOKMAK	1
HEALTH CODE,VIOLATION	5
MISCHIEF, CRIMINAL 3 & 2, OF M	3107
MONEY LAUNDERING 1 & 2	4
ACCOSTING,FRAUDULENT	306
BAIL JUMPING 3	176
BRIBERY, POLICE OFFICER	56
BURGLARY,UNKNOWN TIME	62
COMPUTER TAMPER/TRESSPASS	35
CRIMINAL DISPOSAL FIREARM 1 &	32
LARCENY,GRAND BY IDENTITY THEFT-UNCLASSIFIED	5
NUISANCE,CRIMINAL,UNCLASSIFIED	46
PARKR&R,UNCLASSIFIED VIOLATION	29
STOLEN PROPERTY 2,1,POSSESSION	652
ADM.CODE,UNCLASSIFIED MISDEMEA	985
ASSAULT 2,1,PEACE OFFICER	1909
BRIBERY,PUBLIC ADMINISTRATION	1408
BURGLARY,RESIDENCE,NIGHT	4086
CRIMINAL CONTEMPT 1	4701
FACILITATION 4, CRIMINAL	7
FIREWORKS	1
LARCENY,GRAND FROM PIER, UNATTENDED	5
LARCENY,GRAND FROM STORE-SHOPL	1186
LARCENY,PETIT OF VEHICLE ACCES	3745
ROBBERY,DOCTOR/DENTIST OFFICE	3
APPEARANCE TICKET FAIL TO RESP	6
INTOXICATED DRIVING,ALCOHOL	7629
LARCENY,GRAND BY FALSE PROMISE	340
LARCENY,PETIT FROM AUTO	20411
SALE SCHOOL GROUNDS 4	55
TAX LAW	404
FORGERY,DRIVERS LICENSE	359
FORGERY,ETC.-MISD.	2028
HARASSMENT,SUBD 3,4,5	34142
LARCENY,GRAND OF BICYCLE	135
LARCENY,GRAND OF TRUCK	99
LARCENY,PETIT FROM STORE-SHOPL	20530
LOITERING TO PROMOTE PROSTITUT	12
MENACING,UNCLASSIFIED	6574
PERJURY 2,1,ETC	7
POSTING ADVERTISEMENTS	1
PROMOTING A SEXUAL PERFORMANCE	28
PROSTITUTION, PATRONIZING 2, 1	1
PROSTITUTION, PATRONIZING 4, 3	15
UNDER THE INFLUENCE OF DRUGS	1
BIGAMY	2
CHILD ABANDONMENT	24
CHILD,OFFENSES AGAINST,UNCLASS	14
CONTROLLED SUBSTANCE, SALE 4	66
HEALTHCARE/RENT.REG.	2
LARCENY,GRAND FROM COIN MACHIN	8
LARCENY,GRAND PERSON,NECK CHAI	152
LARCENY,PETIT BY FALSE PROMISE	409
MARIJUANA, SALE 1, 2 & 3	109
MENACING 1ST DEGREE (VICT NOT	67
OBSCENITY, PERFORMANCE 3	6
RESISTING ARREST	3111
RIOT 1	22
ROBBERY,DWELLING	460
ROBBERY,PUBLIC PLACE INSIDE	750
SALES OF PRESCRIPTION	5
STOLEN PROPERTY 3,POSSESSION	2008
ABSCONDING FROM WORK RELEASE 2	1
ASSAULT 3	43519
BURGLARY,RESIDENCE,DAY	8910
CONTROLLED SUBSTANCE, SALE 5	716
GAMBLING 1,PROMOTING,BOOKMAKIN	3
LARCENY,GRAND BY FALSE PROMISE-IN PERSON CONTACT	3
LARCENY,PETIT OF BICYCLE	1974
LOITERING,GAMBLING,OTHER	29
OBSCENITY, MATERIAL 3	4
RADIO DEVICES,UNLAWFUL POSSESS	2
ROBBERY,BODEGA/CONVENIENCE STORE	218
ROBBERY,GAS STATION	96
TRESPASS 4,CRIMINAL SUB 2	154
BURGLARY,TRUCK NIGHT	224
COERCION 1	138
CONTEMPT,CRIMINAL	1630
FALSE REPORT BOMB	58
FORGERY,ETC.,UNCLASSIFIED-FELO	3971
HOMICIDE,NEGLIGENT,VEHICLE	3
LARCENY,GRAND BY OPEN/COMPROMISE CELL PHONE ACCT	14
LARCENY,PETIT FROM COIN MACHIN	27
LARCENY,PETIT OF BOAT	2
MATERIAL              OFFENSIV	2
ARSON 1	19
BURGLARY,UNCLASSIFIED,UNKNOWN	146
CHILD,ALCOHOL SALE TO	104
COERCION 2	10
LARCENY,GRAND BY ACQUIRING LOS	506
MISCHIEF, CRIMINAL 4, BY FIRE	653
NY STATE LAWS,UNCLASSIFIED FEL	433
PROSTITUTION	11
ROBBERY,PHARMACY	109
STOLEN PROPERTY 2,POSSESSION B	13
BUILDING MATERIAL	2
CONTROLLED SUBSTANCE,INTENT TO	2221
DISORDERLY CONDUCT	181
LARCENY,GRAND OF BOAT	3
LOITERING,UNCLASSIFIED	3
OBSCENITY 1	18
CHILD, ENDANGERING WELFARE	1413
LARCENY,GRAND FROM VEHICLE/MOTORCYCLE	4815
LARCENY,PETIT BY ACQUIRING LOS	286
MARIJUANA, POSSESSION	629
MARIJUANA, POSSESSION 1, 2 & 3	357
AGGRAVATED CRIMINAL CONTEMPT	100
BRIBERY,COMMERCIAL	17
BURGLARY,TRUCK DAY	458
LARCENY,GRAND FROM BUILDING (NON-RESIDENCE) UNATTENDED	13915
LARCENY,PETIT FROM BUILDING,UN	20791
PEDDLING,UNLAWFUL	25
ROBBERY,OF TRUCK DRIVER	28
TAMPERING 3,2, CRIMINAL	73
WEAPONS, POSSESSION, ETC	8359
WOUNDS,REPORTING OF	1
BURGLARY,RESIDENCE,UNKNOWN TIM	1374
CONTROLLED SUBSTANCE,POSSESS.	1883
DRUG, INJECTION OF	1
ESCAPE 3	22
HARASSMENT,SUBD 1,CIVILIAN	24376
IMITATION PISTOL/AIR RIFLE	58
LARCENY, GRAND OF MOPED	40
LARCENY,GRAND BY BANK ACCT COMPROMISE-UNAUTHORIZED PURCHASE	1
LARCENY,GRAND FROM OPEN AREAS, UNATTENDED	2433
LARCENY,GRAND FROM PARKING MET	2
PROSTITUTION 3, PROMOTING UNDE	1
THEFT OF SERVICES- CABLE TV SE	38
WEAPONS POSSESSION 1 & 2	1028
A.B.C.,FALSE PROOF OF AGE	5
AGGRAVATED SEXUAL ASBUSE	460
CONTROLLED SUBSTANCE, POSSESSI	10173
GAMBLING 1,PROMOTING,POLICY	6
GAMBLING 2, PROMOTING, POLICY-	4
MISCHIEF,CRIMINAL,    UNCL 2ND	3051
POSSES OR CARRY A KNIFE	16
RAPE 1	748
SALE OF UNAUTHORIZED RECORDING	190
SOLICITATION 3,2,1, CRIMINAL	1
STOLEN PROPERTY-MOTOR VEH 2ND,	156
ALCOHOLIC BEVERAGE CONTROL LAW	71
LARCENY, PETIT OF MOPED	18
LARCENY,GRAND BY BANK ACCT COMPROMISE-REPRODUCED CHECK	1656
LARCENY,PETIT FROM PARKING MET	5
LEWDNESS,PUBLIC	802
RAPE 1,ATTEMPT	84
RAPE 2	192
ROBBERY,BAR/RESTAURANT	31
ROBBERY,ON BUS/ OR BUS DRIVER	63
CONTROLLED SUBSTANCE,POSSESS.-	34
DOG STEALING	1
N.Y.C. TRANSIT AUTH. R&R	7
NUISANCE, CRIMINAL	5
RAPE 3	151
ROBBERY,LICENSED MEDALLION CAB	114
STOLEN PROP-MOTOR VEHICLE 3RD,	12
ASSEMBLY,UNLAWFUL	75
DIS. CON.,AGGRAVATED	6
ESCAPE 2,1	32
FORGERY,PRESCRIPTION	52
FORGERY-ILLEGAL POSSESSION,VEH	69
GAMBLING 2,PROMOTING,UNCLASSIF	159
IMPERSONATION 2, PUBLIC SERVAN	1311
LARCENY,GRAND FROM PERSON,PICK	992
PLACE FALSE BOMB	1
RIOT 2/INCITING	97
ROBBERY,ATM LOCATION	18
ROBBERY,CAR JACKING	202
SEX TRAFFICKING	1
SOLICITATION 5,CRIMINAL	1
TRAFFIC,UNCLASSIFIED MISDEMEAN	2211
BRIBERY,FRAUD	4
FALSE REPORT UNCLASSIFIED	598
LARCENY,GRAND FROM PERSON,UNCL	5634
MISCHIEF, CRIMINAL 4, OF MOTOR	20594
OBSCENE MATERIAL - UNDER 17 YE	10
PROSTITUTION 3,PROMOTING BUSIN	3
ROBBERY,BANK	273
SEXUAL ABUSE 3,2	2699
TAMPERING 1,CRIMINAL	115
UNAUTHORIZED USE VEHICLE 2	541
UNLAWFUL POSS. WEAPON UPON SCH	9
CONSPIRACY 2, 1	10
CONSPIRACY 4, 3	1
CONSPIRACY 6, 5	4
CRIMINAL MISCHIEF 4TH, GRAFFIT	9753
KIDNAPPING 1	19
LARCENY, PETIT OF AUTO - ATTEM	1
LARCENY,GRAND BY OPEN CREDIT CARD (NEW ACCT)	16
NY STATE LAWS,UNCLASSIFIED MIS	120
RECORDS,FALSIFY-TAMPER	4
UNAUTHORIZED USE VEHICLE 3	1171
WEAPONS,PROHIBITED USE	3
ALCOHOLIC BEVERAGES,PUBLIC CON	30
COMPUTER UNAUTH. USE/TAMPER	14
END WELFARE VULNERABLE ELDERLY PERSON	6
HOMICIDE,NEGLIGENT,UNCLASSIFIE	1
KIDNAPPING 2	29
LARCENY,PETIT BY CREDIT CARD U	731
LEAVING SCENE-ACCIDENT-PERSONA	3878
MENACING 1ST DEGREE (VICT PEAC	122
RECKLESS DRIVING	73
SUPP. ACT TERR 2ND	6
TAMPERING WITH A WITNESS	19
ARSON, MOTOR VEHICLE 1 2 3 & 4	501
BURGLARY,COMMERCIAL,NIGHT	2211
INCOMPETENT PERSON,RECKLESSY ENDANGERING	18
JOSTLING	28
LARCENY, GRAND OF AUTO - ATTEM	110
LARCENY,PETIT FROM BOAT	18
ROBBERY,UNLICENSED FOR HIRE VEHICLE	250
SEXUAL MISCONDUCT,INTERCOURSE	312
AGGRAVATED HARASSMENT 1	456
BURGLARS TOOLS,UNCLASSIFIED	218
IMPERSONATION 1, POLICE OFFICE	223
LARCENY,GRAND FROM PERSON,PURS	794
LOITERING,DEVIATE SEX	13
MAKING TERRORISTIC THREAT	19
POSSESSION HYPODERMIC INSTRUME	61
PROSTITUTION 1, UNDER 11	1
PROSTITUTION 4,PROMOTING&SECUR	21
AGGRAVATED HARASSMENT 2	30763
AGRICULTURE & MARKETS LAW,UNCL	7
BURGLARY,UNCLASSIFIED,NIGHT	240
FALSE REPORT 1,FIRE	78
FIREWORKS, POSSESS/USE	15
GRAFFITI (ADMINISTRATIVE CODE-	4
LARCENY,PETIT BY CHECK USE	419
LARCENY,PETIT FROM OPEN AREAS,	6915
LARCENY,PETIT OF AUTO	39
MISCHIEF, CRIMINAL 3&2, BY FIR	43
ROBBERY,NECKCHAIN/JEWELRY	421
THEFT OF SERVICES, UNCLASSIFIE	851
THEFT,RELATED OFFENSES,UNCLASS	188
UNAUTH. SALE OF TRANS. SERVICE	40
USE OF A CHILD IN A SEXUAL PER	1
WEAPONS POSSESSION 3	4885
