BAIL JUMPING 1 & 2	68
CHECK,BAD	30
DRUG PARAPHERNALIA,   POSSESSE	183
GENERAL BUSINESS LAW,TICKET SP	38
HEALTH CODE,UNCLASSIFIED MISDE	2
IMPRISONMENT 2,UNLAWFUL	203
LARCENY,GRAND BY BANK ACCT COMPROMISE-ATM TRANSACTION	1
NY STATE LAWS,UNCLASSIFIED VIO	33
PROSTITUTION 2, COMPULSORY	7
ROBBERY, CHAIN STORE	258
ROBBERY,POCKETBOOK/CARRIED BAG	810
TRESPASS 1,CRIMINAL	251
	530
ARSON 2,3,4	995
BURGLARY,COMMERCIAL,DAY	1188
FORGERY,M.V. REGISTRATION	373
IMPRISONMENT 1,UNLAWFUL	128
LARCENY,GRAND BY THEFT OF CREDIT CARD	4107
LARCENY,GRAND OF AUTO	9344
LARCENY,PETIT OF MOTORCYCLE	13
ROBBERY,BICYCLE	114
SEXUAL ABUSE	29
CRIMINAL MISCHIEF,UNCLASSIFIED 4	14755
LARCENY,GRAND BY FALSE PROMISE-NOT IN PERSON CONTACT	2
LARCENY,PETIT FROM TRUCK	209
LOITERING FOR PROSTITUTION OR	1
MARIJUANA, POSSESSION 4 & 5	22154
PRIVACY,OFFENSES AGAINST,UNCLA	1
PUBLIC ADMINISTRATION,UNCLASSI	203
ADM.CODE,UNCLASSIFIED VIOLATIO	31
BURGLARY,UNCLASSIFIED,DAY	133
CONTROLLED SUBSTANCE, INTENT T	349
COURSE OF SEXUAL CONDUCT AGAIN	30
FALSE ALARM FIRE	15
LARCENY,GRAND BY DISHONEST EMP	527
LARCENY,GRAND FROM NIGHT CLUB, UNATTENDED	1
LARCENY,GRAND OF MOTORCYCLE	678
LARCENY,PETIT FROM PIER	8
LOITERING 1ST DEGREE FOR DRUG	2
MENACING,PEACE OFFICER	67
ROBBERY, PAYROLL	2
ROBBERY,LIQUOR STORE	26
USE CHILD TO COMMIT CONT SUB OFF	1
VEHICULAR ASSAULT (INTOX DRIVE	25
CIGARETTE,NO TAX STAMP,POSSESS	18
LARCENY,GRAND BY BANK ACCT COMPROMISE-UNCLASSIFIED	3
PUBLIC ADMINISTATION,UNCLASS M	3120
PUBLIC HEALTH LAW,UNCLASSIFIED	2
RECKLESS ENDANGERMENT OF PROPE	136
ROBBERY,COMMERCIAL UNCLASSIFIED	1056
SEXUAL MISCONDUCT,DEVIATE	30
VIOLATION OF ORDER OF PROTECTI	3293
ASSAULT 2,1,UNCLASSIFIED	15135
CONTROLLED SUBSTANCE,SALE 1	232
EXPOSURE OF A PERSON	8
FRAUD,UNCLASSIFIED-FELONY	4880
GRAND LARCENY-CHECK FROM MAILB	17
LARCENY,GRAND FROM BOAT, UNATTENDED	8
LARCENY,PETIT BY DISHONEST EMP	386
PERJURY 3,ETC.	8
POSSESSION ANTI-SECURITY ITEM	1
SODOMY 1	344
BURGLARY,COMMERCIAL,UNKNOWN TI	445
CONTROLLED SUBSTANCE,SALE 2	86
CREDIT CARD,UNLAWFUL USE OF	2
CRIMINAL MIS 2 & 3	250
FIREWORKS, SALE	77
GAMBLING, DEVICE, POSSESSION	37
HOMICIDE, NEGLIGENT, VEHICLE,	10
LARCENY,GRAND BY EXTORTION	105
LARCENY,GRAND FROM TRUCK, UNATTENDED	78
RECKLESS ENDANGERMENT 1	1608
SODOMY 2	14
STRANGULATION 1ST	144
WEAPONS,MFR,TRANSPORT,ETC.	5
CONTROLLED SUBSTANCE,SALE 3	409
IMPAIRED DRIVING,DRUG	103
LARCENY,GRAND BY CREDIT CARD ACCT COMPROMISE-EXISTING ACCT	2
LARCENY,GRAND OF VEHICULAR/MOTORCYCLE ACCESSORIES	1243
LARCENY,PETIT OF LICENSE PLATE	3673
MANUFACTURE UNAUTHORIZED RECOR	138
MARIJUANA, SALE 4 & 5	1199
PETIT LARCENY-CHECK FROM MAILB	74
PUBLIC SAFETY,UNCLASSIFIED MIS	33
RECKLESS ENDANGERMENT 2	910
ROBBERY,CHECK CASHING BUSINESS	17
ROBBERY,OPEN AREA UNCLASSIFIED	12395
SODOMY 3	32
TRESPASS 2, CRIMINAL	7062
CUSTODIAL INTERFERENCE 1	64
EAVESDROPPING	5
FRAUD,UNCLASSIFIED-MISDEMEANOR	1637
MISCHIEF 1,CRIMINAL,EXPLOSIVE	3
PARK R&R,GAMBLING	3
ROBBERY,HOME INVASION	2
ROBBERY,RESIDENTIAL COMMON AREA	1717
TRESPASS 3, CRIMINAL	666
CUSTODIAL INTERFERENCE 2	79
EDUCATION LAW	4
GAMBLING 2, PROMOTING, BOOKMAK	3
HEALTH CODE,VIOLATION	2
MISCHIEF, CRIMINAL 3 & 2, OF M	2943
MONEY LAUNDERING 1 & 2	1
ACCOSTING,FRAUDULENT	312
BAIL JUMPING 3	178
BRIBERY, POLICE OFFICER	58
BURGLARY,UNKNOWN TIME	50
COMPUTER TAMPER/TRESSPASS	49
CRIMINAL DISPOSAL FIREARM 1 &	36
LARCENY,GRAND BY IDENTITY THEFT-UNCLASSIFIED	15
NUISANCE,CRIMINAL,UNCLASSIFIED	34
PARKR&R,UNCLASSIFIED VIOLATION	25
STOLEN PROPERTY 2,1,POSSESSION	655
ADM.CODE,UNCLASSIFIED MISDEMEA	953
ASSAULT 2,1,PEACE OFFICER	1850
BRIBERY,PUBLIC ADMINISTRATION	1372
BURGLARY,RESIDENCE,NIGHT	4027
CRIMINAL CONTEMPT 1	4920
FACILITATION 4, CRIMINAL	4
LARCENY,GRAND FROM PIER, UNATTENDED	7
LARCENY,GRAND FROM STORE-SHOPL	1051
LARCENY,PETIT OF VEHICLE ACCES	3275
ROBBERY,DOCTOR/DENTIST OFFICE	7
APPEARANCE TICKET FAIL TO RESP	17
INTOXICATED DRIVING,ALCOHOL	6603
LARCENY,GRAND BY FALSE PROMISE	404
LARCENY,PETIT FROM AUTO	19204
SALE SCHOOL GROUNDS 4	47
SOLICITATION 4, CRIMINAL	4
TAX LAW	404
FORGERY,DRIVERS LICENSE	362
FORGERY,ETC.-MISD.	2265
HARASSMENT,SUBD 3,4,5	34079
LARCENY,GRAND FROM RESIDENCE, UNATTENDED	4
LARCENY,GRAND OF BICYCLE	154
LARCENY,GRAND OF TRUCK	131
LARCENY,PETIT FROM STORE-SHOPL	21911
LOITERING TO PROMOTE PROSTITUT	14
MENACING,UNCLASSIFIED	6891
NOISE,UNECESSARY	2
PERJURY 2,1,ETC	8
PROMOTING A SEXUAL PERFORMANCE	10
PROSTITUTION, PATRONIZING 4, 3	24
CHILD ABANDONMENT	33
CHILD,LICENSED PREMISES	1
CHILD,OFFENSES AGAINST,UNCLASS	9
CONTROLLED SUBSTANCE, SALE 4	41
HEALTHCARE/RENT.REG.	3
LARCENY,GRAND FROM COIN MACHIN	11
LARCENY,GRAND PERSON,NECK CHAI	324
LARCENY,PETIT BY FALSE PROMISE	422
MARIJUANA, SALE 1, 2 & 3	97
MENACING 1ST DEGREE (VICT NOT	78
OBSCENITY, PERFORMANCE 3	7
RESISTING ARREST	2856
RIOT 1	13
ROBBERY,DWELLING	543
ROBBERY,PUBLIC PLACE INSIDE	751
SALES OF PRESCRIPTION	10
STOLEN PROPERTY 3,POSSESSION	2228
ABSCONDING FROM WORK RELEASE 2	1
ASSAULT 3	45600
BURGLARY,RESIDENCE,DAY	8218
CONTROLLED SUBSTANCE, SALE 5	605
EDUCATION LAW,UNCLASSIFIED	2
GAMBLING 1,PROMOTING,BOOKMAKIN	2
LARCENY,GRAND BY FALSE PROMISE-IN PERSON CONTACT	2
LARCENY,PETIT OF BICYCLE	2621
LARCENY,PETIT OF TRUCK	2
LOITERING,GAMBLING,OTHER	16
OBSCENITY, MATERIAL 3	1
RADIO DEVICES,UNLAWFUL POSSESS	2
ROBBERY,BODEGA/CONVENIENCE STORE	227
ROBBERY,GAS STATION	107
TRESPASS 4,CRIMINAL SUB 2	155
BURGLARY,TRUCK NIGHT	193
COERCION 1	130
CONTEMPT,CRIMINAL	1697
FALSE REPORT BOMB	54
FORGERY,ETC.,UNCLASSIFIED-FELO	3967
HOMICIDE,NEGLIGENT,VEHICLE	2
LARCENY,GRAND BY OPEN/COMPROMISE CELL PHONE ACCT	22
LARCENY,PETIT FROM COIN MACHIN	24
LARCENY,PETIT OF BOAT	3
MATERIAL              OFFENSIV	2
ARSON 1	17
BURGLARY,UNCLASSIFIED,UNKNOWN	152
CHILD,ALCOHOL SALE TO	142
COERCION 2	4
FORTUNE TELLING	3
LARCENY,GRAND BY ACQUIRING LOS	484
MISCHIEF, CRIMINAL 4, BY FIRE	676
NY STATE LAWS,UNCLASSIFIED FEL	368
PROSTITUTION	16
ROBBERY,PHARMACY	123
STOLEN PROPERTY 2,POSSESSION B	29
BUILDING MATERIAL	1
CONTROLLED SUBSTANCE,INTENT TO	1919
DISORDERLY CONDUCT	162
LARCENY,GRAND OF BOAT	9
LOITERING,UNCLASSIFIED	1
OBSCENITY 1	14
CHILD, ENDANGERING WELFARE	1474
LARCENY,GRAND FROM VEHICLE/MOTORCYCLE	4365
LARCENY,PETIT BY ACQUIRING LOS	284
MARIJUANA, POSSESSION	669
MARIJUANA, POSSESSION 1, 2 & 3	349
AGGRAVATED CRIMINAL CONTEMPT	144
BRIBERY,COMMERCIAL	12
BURGLARY,TRUCK DAY	416
LARCENY,GRAND FROM BUILDING (NON-RESIDENCE) UNATTENDED	13892
LARCENY,PETIT FROM BUILDING,UN	21234
PEDDLING,UNLAWFUL	10
ROBBERY,OF TRUCK DRIVER	14
TAMPERING 3,2, CRIMINAL	104
WEAPONS, POSSESSION, ETC	8723
BURGLARY,RESIDENCE,UNKNOWN TIM	1342
CONTROLLED SUBSTANCE,POSSESS.	1528
DRUG, INJECTION OF	3
ESCAPE 3	15
FACILITATION 3,2,1, CRIMINAL	2
HARASSMENT,SUBD 1,CIVILIAN	23241
IMITATION PISTOL/AIR RIFLE	36
LARCENY, GRAND OF MOPED	30
LARCENY,GRAND BY BANK ACCT COMPROMISE-UNAUTHORIZED PURCHASE	1
LARCENY,GRAND FROM OPEN AREAS, UNATTENDED	2430
PROSTITUTION 3, PROMOTING UNDE	3
THEFT OF SERVICES- CABLE TV SE	37
WEAPONS POSSESSION 1 & 2	1011
A.B.C.,FALSE PROOF OF AGE	5
AGGRAVATED SEXUAL ASBUSE	507
CONTROLLED SUBSTANCE, POSSESSI	9660
GAMBLING 1,PROMOTING,POLICY	9
GAMBLING 2, PROMOTING, POLICY-	5
LARCENY,GRAND BY BANK ACCT COMPROMISE-TELLER	1
MISCHIEF,CRIMINAL,    UNCL 2ND	2690
POSSES OR CARRY A KNIFE	26
RAPE 1	908
SALE OF UNAUTHORIZED RECORDING	210
SOLICITATION 3,2,1, CRIMINAL	1
STOLEN PROPERTY-MOTOR VEH 2ND,	173
ALCOHOLIC BEVERAGE CONTROL LAW	86
LARCENY, PETIT OF MOPED	13
LARCENY,GRAND BY BANK ACCT COMPROMISE-REPRODUCED CHECK	1662
LARCENY,PETIT FROM PARKING MET	2
LEWDNESS,PUBLIC	849
NAVIGATION LAW	1
RAPE 1,ATTEMPT	122
RAPE 2	156
ROBBERY,BAR/RESTAURANT	37
ROBBERY,ON BUS/ OR BUS DRIVER	68
CONTROLLED SUBSTANCE,POSSESS.-	30
DOG STEALING	2
RAPE 3	166
ROBBERY,LICENSED MEDALLION CAB	175
ROBBERY,PERSONAL ELECTRONIC DEVICE	3
STOLEN PROP-MOTOR VEHICLE 3RD,	16
ASSEMBLY,UNLAWFUL	151
DIS. CON.,AGGRAVATED	3
ENTERPRISE CORRUPTION	3
ESCAPE 2,1	25
FORGERY,PRESCRIPTION	66
FORGERY-ILLEGAL POSSESSION,VEH	64
GAMBLING 2,PROMOTING,UNCLASSIF	134
IMPERSONATION 2, PUBLIC SERVAN	1345
LARCENY,GRAND FROM PERSON,PICK	1072
PLACE FALSE BOMB	2
PUBLIC HEALTH LAW,GLUE,UNLAWFU	1
RIOT 2/INCITING	116
ROBBERY,ATM LOCATION	18
ROBBERY,CAR JACKING	173
TRAFFIC,UNCLASSIFIED MISDEMEAN	2428
BRIBERY,FRAUD	5
FALSE REPORT UNCLASSIFIED	768
LARCENY,GRAND FROM PERSON,UNCL	5300
MISCHIEF, CRIMINAL 4, OF MOTOR	19801
OBSCENE MATERIAL - UNDER 17 YE	60
OBSTR BREATH/CIRCUL	97
PROSTITUTION 3,PROMOTING BUSIN	2
ROBBERY,BANK	275
SEXUAL ABUSE 3,2	2621
TAMPERING 1,CRIMINAL	99
UNAUTHORIZED USE VEHICLE 2	468
UNLAWFUL POSS. WEAPON UPON SCH	5
CONSPIRACY 2, 1	7
CONSPIRACY 4, 3	7
CONSPIRACY 6, 5	2
CRIMINAL MISCHIEF 4TH, GRAFFIT	9437
KIDNAPPING 1	18
LARCENY,GRAND BY OPEN CREDIT CARD (NEW ACCT)	8
NY STATE LAWS,UNCLASSIFIED MIS	158
RECORDS,FALSIFY-TAMPER	10
UNAUTHORIZED USE VEHICLE 3	1310
ALCOHOLIC BEVERAGES,PUBLIC CON	25
COMPUTER UNAUTH. USE/TAMPER	22
END WELFARE VULNERABLE ELDERLY PERSON	9
HOMICIDE,NEGLIGENT,UNCLASSIFIE	4
KIDNAPPING 2	33
LARCENY,PETIT BY CREDIT CARD U	632
LEAVING SCENE-ACCIDENT-PERSONA	4116
MENACING 1ST DEGREE (VICT PEAC	105
RECKLESS DRIVING	77
SEX CRIMES	2
SUPP. ACT TERR 2ND	2
TAMPERING WITH A WITNESS	30
ARSON, MOTOR VEHICLE 1 2 3 & 4	445
BURGLARY,COMMERCIAL,NIGHT	2283
INCOMPETENT PERSON,RECKLESSY ENDANGERING	10
JOSTLING	19
LARCENY, GRAND OF AUTO - ATTEM	109
LARCENY,PETIT FROM BOAT	17
ROBBERY,UNLICENSED FOR HIRE VEHICLE	211
SEXUAL MISCONDUCT,INTERCOURSE	249
AGGRAVATED HARASSMENT 1	389
BURGLARS TOOLS,UNCLASSIFIED	222
IMPERSONATION 1, POLICE OFFICE	232
LARCENY,GRAND FROM PERSON,PURS	726
MAKING TERRORISTIC THREAT	25
POSSESSION HYPODERMIC INSTRUME	43
PROSTITUTION 4,PROMOTING&SECUR	19
AGGRAVATED HARASSMENT 2	30024
AGRICULTURE & MARKETS LAW,UNCL	10
BURGLARY,UNCLASSIFIED,NIGHT	254
FALSE REPORT 1,FIRE	77
FIREWORKS, POSSESS/USE	15
GRAFFITI (ADMINISTRATIVE CODE-	4
LARCENY,PETIT BY CHECK USE	422
LARCENY,PETIT FROM OPEN AREAS,	6992
LARCENY,PETIT OF AUTO	29
MISCHIEF, CRIMINAL 3&2, BY FIR	42
ROBBERY,NECKCHAIN/JEWELRY	468
THEFT OF SERVICES, UNCLASSIFIE	934
THEFT,RELATED OFFENSES,UNCLASS	193
UNAUTH. SALE OF TRANS. SERVICE	321
USE OF A CHILD IN A SEXUAL PER	3
WEAPONS POSSESSION 3	4369
