BAIL JUMPING 1 & 2	81
CHECK,BAD	28
DRUG PARAPHERNALIA,   POSSESSE	235
GENERAL BUSINESS LAW,TICKET SP	35
HEALTH CODE,UNCLASSIFIED MISDE	2
IMPRISONMENT 2,UNLAWFUL	169
LARCENY,GRAND BY BANK ACCT COMPROMISE-ATM TRANSACTION	2
NY STATE LAWS,UNCLASSIFIED VIO	15
PROSTITUTION 2, COMPULSORY	3
ROBBERY, CHAIN STORE	284
ROBBERY,POCKETBOOK/CARRIED BAG	746
TRESPASS 1,CRIMINAL	198
	492
ARSON 2,3,4	840
BURGLARY,COMMERCIAL,DAY	1074
FORGERY,M.V. REGISTRATION	350
IMPRISONMENT 1,UNLAWFUL	84
LARCENY,GRAND BY THEFT OF CREDIT CARD	4212
LARCENY,GRAND OF AUTO	8407
LARCENY,PETIT OF MOTORCYCLE	21
ROBBERY,BICYCLE	123
SEXUAL ABUSE	37
CRIMINAL MISCHIEF,UNCLASSIFIED 4	13872
LARCENY,GRAND BY FALSE PROMISE-NOT IN PERSON CONTACT	4
LARCENY,PETIT FROM TRUCK	238
MARIJUANA, POSSESSION 4 & 5	21693
PRIVACY,OFFENSES AGAINST,UNCLA	1
PUBLIC ADMINISTRATION,UNCLASSI	336
ADM.CODE,UNCLASSIFIED VIOLATIO	41
BURGLARY,UNCLASSIFIED,DAY	139
CONTROLLED SUBSTANCE, INTENT T	349
COURSE OF SEXUAL CONDUCT AGAIN	20
FALSE ALARM FIRE	9
LARCENY,GRAND BY DISHONEST EMP	523
LARCENY,GRAND OF MOTORCYCLE	631
LARCENY,PETIT FROM PIER	16
MENACING,PEACE OFFICER	59
ROBBERY, PAYROLL	5
ROBBERY,LIQUOR STORE	17
TRAFFIC,UNCLASSIFIED INFRACTIO	1
VEHICULAR ASSAULT (INTOX DRIVE	16
CIGARETTE,NO TAX STAMP,POSSESS	28
LARCENY,GRAND BY BANK ACCT COMPROMISE-UNCLASSIFIED	4
PROSTITUTION 2, UNDER 16	2
PUBLIC ADMINISTATION,UNCLASS M	3258
PUBLIC HEALTH LAW,UNCLASSIFIED	5
RECKLESS ENDANGERMENT OF PROPE	137
ROBBERY,COMMERCIAL UNCLASSIFIED	1090
ROBBERY,HIJACKING	1
SEXUAL MISCONDUCT,DEVIATE	26
VIOLATION OF ORDER OF PROTECTI	3278
ASSAULT 2,1,UNCLASSIFIED	14747
CONTROLLED SUBSTANCE,SALE 1	199
EXPOSURE OF A PERSON	24
FRAUD,UNCLASSIFIED-FELONY	5371
GRAND LARCENY-CHECK FROM MAILB	18
LARCENY,GRAND FROM BOAT, UNATTENDED	15
LARCENY,PETIT BY DISHONEST EMP	434
PERJURY 3,ETC.	5
SODOMY 1	278
BURGLARY,COMMERCIAL,UNKNOWN TI	415
CONTROLLED SUBSTANCE,SALE 2	78
CREDIT CARD,UNLAWFUL USE OF	3
CRIMINAL MIS 2 & 3	389
DISSEMINATING A FALSE SEX OFFEND	1
FIREWORKS, SALE	55
GAMBLING, DEVICE, POSSESSION	17
HOMICIDE, NEGLIGENT, VEHICLE,	11
LARCENY,GRAND BY EXTORTION	97
LARCENY,GRAND FROM PERSON, BAG OPEN/DIP	1
LARCENY,GRAND FROM TRUCK, UNATTENDED	78
RECKLESS ENDANGERMENT 1	1649
SODOMY 2	18
STRANGULATION 1ST	2055
CONTROLLED SUBSTANCE,SALE 3	388
IMPAIRED DRIVING,DRUG	82
LARCENY,GRAND BY CREDIT CARD ACCT COMPROMISE-EXISTING ACCT	3
LARCENY,GRAND OF VEHICULAR/MOTORCYCLE ACCESSORIES	1424
LARCENY,PETIT OF LICENSE PLATE	3456
MANUFACTURE UNAUTHORIZED RECOR	127
MARIJUANA, SALE 4 & 5	1131
PETIT LARCENY-CHECK FROM MAILB	66
PUBLIC SAFETY,UNCLASSIFIED MIS	33
RECKLESS ENDANGERMENT 2	908
ROBBERY,CHECK CASHING BUSINESS	25
ROBBERY,OPEN AREA UNCLASSIFIED	12452
SODOMY 3	26
TRESPASS 2, CRIMINAL	6186
CUSTODIAL INTERFERENCE 1	78
EAVESDROPPING	3
FRAUD,UNCLASSIFIED-MISDEMEANOR	1757
MISCHIEF 1,CRIMINAL,EXPLOSIVE	1
PARK R&R,GAMBLING	1
ROBBERY,RESIDENTIAL COMMON AREA	1784
TRESPASS 3, CRIMINAL	647
CUSTODIAL INTERFERENCE 2	117
GAMBLING 2, PROMOTING, BOOKMAK	4
HEALTH CODE,VIOLATION	4
INCEST	2
MISCHIEF, CRIMINAL 3 & 2, OF M	2987
MONEY LAUNDERING 1 & 2	1
ACCOSTING,FRAUDULENT	292
BAIL JUMPING 3	274
BRIBERY, POLICE OFFICER	64
BURGLARY,UNKNOWN TIME	73
COMPUTER TAMPER/TRESSPASS	56
CRIMINAL DISPOSAL FIREARM 1 &	32
LARCENY,GRAND BY IDENTITY THEFT-UNCLASSIFIED	12
NUISANCE,CRIMINAL,UNCLASSIFIED	49
PARKR&R,UNCLASSIFIED VIOLATION	18
STOLEN PROPERTY 2,1,POSSESSION	582
ADM.CODE,UNCLASSIFIED MISDEMEA	944
ASSAULT 2,1,PEACE OFFICER	1762
BRIBERY,PUBLIC ADMINISTRATION	1375
BURGLARY,RESIDENCE,NIGHT	4046
CRIMINAL CONTEMPT 1	5091
FACILITATION 4, CRIMINAL	3
FIREWORKS	1
LARCENY,GRAND FROM PIER, UNATTENDED	7
LARCENY,GRAND FROM STORE-SHOPL	1112
LARCENY,PETIT OF VEHICLE ACCES	3247
ROBBERY,DOCTOR/DENTIST OFFICE	10
APPEARANCE TICKET FAIL TO RESP	8
INTOXICATED DRIVING,ALCOHOL	5950
LARCENY,GRAND BY FALSE PROMISE	382
LARCENY,PETIT FROM AUTO	18002
POSS METH MANUFACT MATERIAL	2
SALE SCHOOL GROUNDS 4	50
SOLICITATION 4, CRIMINAL	4
TAX LAW	484
FORGERY,DRIVERS LICENSE	319
FORGERY,ETC.-MISD.	1957
HARASSMENT,SUBD 3,4,5	33284
LARCENY,GRAND FROM RESIDENCE, UNATTENDED	6
LARCENY,GRAND OF BICYCLE	158
LARCENY,GRAND OF TRUCK	133
LARCENY,PETIT FROM STORE-SHOPL	22133
LOITERING TO PROMOTE PROSTITUT	1
MENACING,UNCLASSIFIED	6636
NOISE,UNECESSARY	1
PERJURY 2,1,ETC	13
POSTING ADVERTISEMENTS	1
PROMOTING A SEXUAL PERFORMANCE	23
PROSTITUTION, PATRONIZING 4, 3	30
BIGAMY	1
CHILD ABANDONMENT	40
CHILD,OFFENSES AGAINST,UNCLASS	13
CONTROLLED SUBSTANCE, SALE 4	47
LARCENY,GRAND FROM COIN MACHIN	5
LARCENY,GRAND PERSON,NECK CHAI	487
LARCENY,PETIT BY FALSE PROMISE	447
MARIJUANA, SALE 1, 2 & 3	88
MENACING 1ST DEGREE (VICT NOT	59
OBSCENITY, PERFORMANCE 3	8
RESISTING ARREST	2630
RIOT 1	12
ROBBERY,DWELLING	617
ROBBERY,PUBLIC PLACE INSIDE	745
SALES OF PRESCRIPTION	3
STOLEN PROPERTY 3,POSSESSION	2826
ABSCONDING FROM WORK RELEASE 2	2
ASSAULT 3	42315
BURGLARY,RESIDENCE,DAY	8320
CONTROLLED SUBSTANCE, SALE 5	600
EDUCATION LAW,UNCLASSIFIED	1
GAMBLING 1,PROMOTING,BOOKMAKIN	1
LARCENY,GRAND BY FALSE PROMISE-IN PERSON CONTACT	5
LARCENY,PETIT OF BICYCLE	2621
LARCENY,PETIT OF TRUCK	1
LOITERING,GAMBLING,OTHER	16
RADIO DEVICES,UNLAWFUL POSSESS	2
ROBBERY,BODEGA/CONVENIENCE STORE	207
ROBBERY,GAS STATION	98
TRESPASS 4,CRIMINAL SUB 2	153
BURGLARY,TRUCK NIGHT	229
COERCION 1	126
CONTEMPT,CRIMINAL	1608
FALSE REPORT BOMB	46
FORGERY,ETC.,UNCLASSIFIED-FELO	3265
LARCENY,GRAND BY OPEN/COMPROMISE CELL PHONE ACCT	25
LARCENY,PETIT FROM COIN MACHIN	23
AIR POLLUTION-MOTOR VEH (ADM C	1
ARSON 1	15
BURGLARY,UNCLASSIFIED,UNKNOWN	156
CHILD,ALCOHOL SALE TO	160
COERCION 2	6
LARCENY,GRAND BY ACQUIRING LOS	593
MISCHIEF, CRIMINAL 4, BY FIRE	597
NY STATE LAWS,UNCLASSIFIED FEL	300
PROSTITUTION	20
ROBBERY,PHARMACY	91
STOLEN PROPERTY 2,POSSESSION B	69
CONTROLLED SUBSTANCE,INTENT TO	1846
DISORDERLY CONDUCT	119
LARCENY,GRAND OF BOAT	6
LOITERING,UNCLASSIFIED	1
OBSCENITY 1	24
USURY,CRIMINAL	3
CHILD, ENDANGERING WELFARE	1486
LARCENY,GRAND BY OPEN BANK ACCT	1
LARCENY,GRAND FROM VEHICLE/MOTORCYCLE	4331
LARCENY,PETIT BY ACQUIRING LOS	327
MARIJUANA, POSSESSION	617
MARIJUANA, POSSESSION 1, 2 & 3	296
AGGRAVATED CRIMINAL CONTEMPT	112
BRIBERY,COMMERCIAL	8
BURGLARY,TRUCK DAY	402
LARCENY,GRAND FROM BUILDING (NON-RESIDENCE) UNATTENDED	13700
LARCENY,PETIT FROM BUILDING,UN	22003
PEDDLING,UNLAWFUL	28
ROBBERY,OF TRUCK DRIVER	19
TAMPERING 3,2, CRIMINAL	84
WEAPONS, POSSESSION, ETC	8605
BURGLARY,RESIDENCE,UNKNOWN TIM	1518
CONTROLLED SUBSTANCE,POSSESS.	1364
DRUG, INJECTION OF	3
ESCAPE 3	11
FACILITATION 3,2,1, CRIMINAL	3
HARASSMENT,SUBD 1,CIVILIAN	20938
IMITATION PISTOL/AIR RIFLE	38
LARCENY, GRAND OF MOPED	30
LARCENY,GRAND BY BANK ACCT COMPROMISE-UNAUTHORIZED PURCHASE	2
LARCENY,GRAND FROM OPEN AREAS, UNATTENDED	2399
PROSTITUTION 3, PROMOTING UNDE	2
THEFT OF SERVICES- CABLE TV SE	33
WEAPONS POSSESSION 1 & 2	1021
A.B.C.,FALSE PROOF OF AGE	3
AGGRAVATED SEXUAL ASBUSE	480
CONTROLLED SUBSTANCE, POSSESSI	10020
GAMBLING 1,PROMOTING,POLICY	3
GAMBLING 2, PROMOTING, POLICY-	4
LARCENY,GRAND BY BANK ACCT COMPROMISE-TELLER	2
MISCHIEF,CRIMINAL,    UNCL 2ND	2756
POSSES OR CARRY A KNIFE	26
RAPE 1	904
SALE OF UNAUTHORIZED RECORDING	150
SOLICITATION 3,2,1, CRIMINAL	1
STOLEN PROPERTY-MOTOR VEH 2ND,	161
ALCOHOLIC BEVERAGE CONTROL LAW	79
LARCENY, PETIT OF MOPED	24
LARCENY,GRAND BY BANK ACCT COMPROMISE-REPRODUCED CHECK	1516
LARCENY,PETIT FROM PARKING MET	6
LEWDNESS,PUBLIC	744
NAVIGATION LAW	1
RAPE 1,ATTEMPT	166
RAPE 2	150
ROBBERY,BAR/RESTAURANT	38
ROBBERY,ON BUS/ OR BUS DRIVER	76
CONTROLLED SUBSTANCE,POSSESS.-	16
DOG STEALING	1
N.Y.C. TRANSIT AUTH. R&R	3
NUISANCE, CRIMINAL	2
RAPE 3	165
ROBBERY,LICENSED MEDALLION CAB	110
ROBBERY,PERSONAL ELECTRONIC DEVICE	6
STOLEN PROP-MOTOR VEHICLE 3RD,	18
ASSEMBLY,UNLAWFUL	188
DIS. CON.,AGGRAVATED	4
ENTERPRISE CORRUPTION	1
ESCAPE 2,1	23
FORGERY,PRESCRIPTION	66
FORGERY-ILLEGAL POSSESSION,VEH	71
GAMBLING 2,PROMOTING,UNCLASSIF	123
IMPERSONATION 2, PUBLIC SERVAN	1364
LARCENY,GRAND FROM PERSON,PICK	1020
PLACE FALSE BOMB	1
RIOT 2/INCITING	78
ROBBERY,ATM LOCATION	29
ROBBERY,CAR JACKING	167
SEX TRAFFICKING	6
SOLICITATION 5,CRIMINAL	1
TRAFFIC,UNCLASSIFIED MISDEMEAN	1629
BRIBERY,FRAUD	9
FALSE REPORT UNCLASSIFIED	544
LARCENY,GRAND BY ACQUIRING LOST CREDIT CARD	1
LARCENY,GRAND FROM PERSON,UNCL	5937
LOITERING,SCHOOL	1
MISCHIEF, CRIMINAL 4, OF MOTOR	18006
OBSCENE MATERIAL - UNDER 17 YE	83
OBSTR BREATH/CIRCUL	1850
PROSTITUTION 3,PROMOTING BUSIN	1
ROBBERY,BANK	300
SEXUAL ABUSE 3,2	2762
TAMPERING 1,CRIMINAL	252
UNAUTHORIZED USE VEHICLE 2	367
UNLAWFUL POSS. WEAPON UPON SCH	8
CONSPIRACY 2, 1	10
CONSPIRACY 4, 3	2
CONSPIRACY 6, 5	2
CRIMINAL MISCHIEF 4TH, GRAFFIT	10116
KIDNAPPING 1	13
LARCENY, PETIT OF AUTO - ATTEM	2
LARCENY,GRAND BY OPEN CREDIT CARD (NEW ACCT)	24
NY STATE LAWS,UNCLASSIFIED MIS	137
RECORDS,FALSIFY-TAMPER	6
UNAUTHORIZED USE VEHICLE 3	1311
ALCOHOLIC BEVERAGES,PUBLIC CON	15
COMPUTER UNAUTH. USE/TAMPER	23
END WELFARE VULNERABLE ELDERLY PERSON	4
HOMICIDE,NEGLIGENT,UNCLASSIFIE	1
KIDNAPPING 2	27
LARCENY,PETIT BY CREDIT CARD U	575
LEAVING SCENE-ACCIDENT-PERSONA	4103
MENACING 1ST DEGREE (VICT PEAC	103
RECKLESS DRIVING	89
SEX CRIMES	1
SUPP. ACT TERR 2ND	1
TAMPERING WITH A WITNESS	26
ARSON, MOTOR VEHICLE 1 2 3 & 4	393
BURGLARY,COMMERCIAL,NIGHT	2253
INCOMPETENT PERSON,RECKLESSY ENDANGERING	9
JOSTLING	33
LARCENY, GRAND OF AUTO - ATTEM	87
LARCENY,PETIT FROM BOAT	10
ROBBERY,UNLICENSED FOR HIRE VEHICLE	159
SEXUAL MISCONDUCT,INTERCOURSE	276
AGGRAVATED HARASSMENT 1	350
BURGLARS TOOLS,UNCLASSIFIED	273
IMPERSONATION 1, POLICE OFFICE	195
LARCENY,GRAND FROM PERSON,PURS	726
MAKING TERRORISTIC THREAT	31
POSSESSION HYPODERMIC INSTRUME	39
PROSTITUTION 4,PROMOTING&SECUR	15
TERRORISM PROVIDE SUPPORT	1
AGGRAVATED HARASSMENT 2	27748
AGRICULTURE & MARKETS LAW,UNCL	6
BURGLARY,UNCLASSIFIED,NIGHT	235
FALSE REPORT 1,FIRE	83
FIREWORKS, POSSESS/USE	18
GRAFFITI (ADMINISTRATIVE CODE-	10
LARCENY,PETIT BY CHECK USE	327
LARCENY,PETIT FROM OPEN AREAS,	7189
LARCENY,PETIT OF AUTO	19
MISCHIEF, CRIMINAL 3&2, BY FIR	33
ROBBERY,NECKCHAIN/JEWELRY	578
SODOMY,CONSENSUAL	1
THEFT OF SERVICES, UNCLASSIFIE	893
THEFT,RELATED OFFENSES,UNCLASS	187
UNAUTH. SALE OF TRANS. SERVICE	325
USE OF A CHILD IN A SEXUAL PER	1
WEAPONS POSSESSION 3	3985
