BAIL JUMPING 1 & 2	59
CHECK,BAD	38
DRUG PARAPHERNALIA,   POSSESSE	244
GENERAL BUSINESS LAW,TICKET SP	16
HEALTH CODE,UNCLASSIFIED MISDE	1
IMPRISONMENT 2,UNLAWFUL	167
LARCENY,GRAND BY BANK ACCT COMPROMISE-ATM TRANSACTION	19
LARCENY,GRAND FROM PERSON,PERSONAL ELECTRONIC DEVICE(SNATCH)	3
NY STATE LAWS,UNCLASSIFIED VIO	13
PROSTITUTION 2, COMPULSORY	1
ROBBERY, CHAIN STORE	238
ROBBERY,POCKETBOOK/CARRIED BAG	906
TRESPASS 1,CRIMINAL	177
	413
ARSON 2,3,4	844
BURGLARY,COMMERCIAL,DAY	1026
FORGERY,M.V. REGISTRATION	372
IMPRISONMENT 1,UNLAWFUL	71
LARCENY,GRAND BY THEFT OF CREDIT CARD	4953
LARCENY,GRAND OF AUTO	7147
LARCENY,PETIT OF MOTORCYCLE	17
ROBBERY,BICYCLE	146
SEXUAL ABUSE	65
CRIMINAL MISCHIEF,UNCLASSIFIED 4	14299
GENERAL BUSINESS LAW / UNCLASSIFIED	3
LARCENY,GRAND BY FALSE PROMISE-NOT IN PERSON CONTACT	11
LARCENY,PETIT FROM TRUCK	193
LOITERING FOR PROSTITUTION OR	2
MARIJUANA, POSSESSION 4 & 5	18550
PRIVACY,OFFENSES AGAINST,UNCLA	1
PUBLIC ADMINISTRATION,UNCLASSI	283
ADM.CODE,UNCLASSIFIED VIOLATIO	30
BURGLARY,UNCLASSIFIED,DAY	137
CONTROLLED SUBSTANCE, INTENT T	317
COURSE OF SEXUAL CONDUCT AGAIN	15
FALSE ALARM FIRE	15
LABOR TRAFFICKING	1
LARCENY,GRAND BY DISHONEST EMP	548
LARCENY,GRAND FROM NIGHT CLUB, UNATTENDED	2
LARCENY,GRAND OF MOTORCYCLE	715
LARCENY,PETIT FROM PIER	15
MARRIAGE,OFFENSES AGAINST,UNCL	1
MENACING,PEACE OFFICER	74
ROBBERY, PAYROLL	28
ROBBERY,LIQUOR STORE	17
TRAFFIC,UNCLASSIFIED INFRACTIO	3
VEHICULAR ASSAULT (INTOX DRIVE	27
CIGARETTE,NO TAX STAMP,POSSESS	7
LARCENY,GRAND BY BANK ACCT COMPROMISE-UNCLASSIFIED	26
PUBLIC ADMINISTATION,UNCLASS M	3045
PUBLIC HEALTH LAW,UNCLASSIFIED	3
RECKLESS ENDANGERMENT OF PROPE	163
ROBBERY,COMMERCIAL UNCLASSIFIED	1112
ROBBERY,HIJACKING	2
SEXUAL MISCONDUCT,DEVIATE	21
VIOLATION OF ORDER OF PROTECTI	3351
ASSAULT 2,1,UNCLASSIFIED	15553
CONTROLLED SUBSTANCE,SALE 1	196
EXPOSURE OF A PERSON	26
FRAUD,UNCLASSIFIED-FELONY	5848
GRAND LARCENY-CHECK FROM MAILB	47
LARCENY,GRAND FROM BOAT, UNATTENDED	16
LARCENY,PETIT BY DISHONEST EMP	518
PERJURY 3,ETC.	9
POSSESSION ANTI-SECURITY ITEM	1
SODOMY 1	348
BURGLARY,COMMERCIAL,UNKNOWN TI	445
CONTROLLED SUBSTANCE,SALE 2	64
CREDIT CARD,UNLAWFUL USE OF	1
CRIMINAL MIS 2 & 3	565
FIREWORKS, SALE	70
GAMBLING, DEVICE, POSSESSION	20
HOMICIDE, NEGLIGENT, VEHICLE,	11
LABOR LAW,EMPLOYING CHILDREN	1
LARCENY,GRAND BY EXTORTION	141
LARCENY,GRAND FROM PERSON, BAG OPEN/DIP	1
LARCENY,GRAND FROM TRUCK, UNATTENDED	59
RECKLESS ENDANGERMENT 1	1742
SODOMY 2	23
STRANGULATION 1ST	2080
CONTROLLED SUBSTANCE,SALE 3	334
GYPSY CAB	1
IMPAIRED DRIVING,DRUG	94
LARCENY,GRAND BY CREDIT CARD ACCT COMPROMISE-EXISTING ACCT	34
LARCENY,GRAND OF VEHICULAR/MOTORCYCLE ACCESSORIES	1311
LARCENY,PETIT OF LICENSE PLATE	3534
MANUFACTURE UNAUTHORIZED RECOR	82
MARIJUANA, SALE 4 & 5	1030
PETIT LARCENY-CHECK FROM MAILB	122
PUBLIC SAFETY,UNCLASSIFIED MIS	34
RECKLESS ENDANGERMENT 2	994
ROBBERY,CHECK CASHING BUSINESS	22
ROBBERY,OPEN AREA UNCLASSIFIED	7847
SODOMY 3	37
TRESPASS 2, CRIMINAL	5006
CUSTODIAL INTERFERENCE 1	80
EAVESDROPPING	4
FRAUD,UNCLASSIFIED-MISDEMEANOR	1946
MISCHIEF 1,CRIMINAL,EXPLOSIVE	5
PARK R&R,GAMBLING	1
ROBBERY,HOME INVASION	741
ROBBERY,RESIDENTIAL COMMON AREA	1524
TRESPASS 3, CRIMINAL	787
CUSTODIAL INTERFERENCE 2	77
EDUCATION LAW	3
GAMBLING 2, PROMOTING, BOOKMAK	2
INCEST	1
MISCHIEF, CRIMINAL 3 & 2, OF M	3068
MONEY LAUNDERING 1 & 2	4
ACCOSTING,FRAUDULENT	297
BAIL JUMPING 3	231
BRIBERY, POLICE OFFICER	44
BURGLARY,UNKNOWN TIME	77
COMPUTER TAMPER/TRESSPASS	41
CRIMINAL DISPOSAL FIREARM 1 &	63
LARCENY,GRAND BY IDENTITY THEFT-UNCLASSIFIED	24
NUISANCE,CRIMINAL,UNCLASSIFIED	37
PARKR&R,UNCLASSIFIED VIOLATION	17
STOLEN PROPERTY 2,1,POSSESSION	545
ADM.CODE,UNCLASSIFIED MISDEMEA	999
ASSAULT 2,1,PEACE OFFICER	1923
BRIBERY,PUBLIC ADMINISTRATION	1406
BURGLARY,RESIDENCE,NIGHT	4321
CRIMINAL CONTEMPT 1	5700
FACILITATION 4, CRIMINAL	2
FIREWORKS	2
LARCENY,GRAND FROM PIER, UNATTENDED	12
LARCENY,GRAND FROM STORE-SHOPL	1191
LARCENY,PETIT OF VEHICLE ACCES	3069
ROBBERY,DOCTOR/DENTIST OFFICE	8
APPEARANCE TICKET FAIL TO RESP	3
INTOXICATED DRIVING,ALCOHOL	6638
LARCENY,GRAND BY FALSE PROMISE	541
LARCENY,PETIT FROM AUTO	15580
POSS METH MANUFACT MATERIAL	1
SALE SCHOOL GROUNDS 4	58
SOLICITATION 4, CRIMINAL	3
TAX LAW	323
FORGERY,DRIVERS LICENSE	279
FORGERY,ETC.-MISD.	1653
HARASSMENT,SUBD 3,4,5	35469
LARCENY,GRAND FROM RESIDENCE, UNATTENDED	30
LARCENY,GRAND OF BICYCLE	245
LARCENY,GRAND OF TRUCK	68
LARCENY,PETIT FROM STORE-SHOPL	21940
LOITERING TO PROMOTE PROSTITUT	1
MENACING,UNCLASSIFIED	6933
NOISE,UNECESSARY	4
PERJURY 2,1,ETC	7
POSTING ADVERTISEMENTS	4
PROMOTING A SEXUAL PERFORMANCE	20
PROSTITUTION, PATRONIZING 2, 1	1
PROSTITUTION, PATRONIZING 4, 3	35
CHILD ABANDONMENT	25
CHILD,OFFENSES AGAINST,UNCLASS	10
CONTROLLED SUBSTANCE, SALE 4	31
HEALTHCARE/RENT.REG.	3
LARCENY,GRAND FROM COIN MACHIN	7
LARCENY,GRAND PERSON,NECK CHAI	556
LARCENY,PETIT BY FALSE PROMISE	832
MARIJUANA, SALE 1, 2 & 3	86
MENACING 1ST DEGREE (VICT NOT	57
OBSCENITY, PERFORMANCE 3	8
RESISTING ARREST	2556
RIOT 1	9
ROBBERY,DWELLING	695
ROBBERY,PUBLIC PLACE INSIDE	612
SALES OF PRESCRIPTION	2
STOLEN PROPERTY 3,POSSESSION	2651
ABSCONDING FROM WORK RELEASE 2	4
ASSAULT 3	45122
BURGLARY,RESIDENCE,DAY	8527
CONTROLLED SUBSTANCE, SALE 5	595
GAMBLING 1,PROMOTING,BOOKMAKIN	7
LARCENY,GRAND BY FALSE PROMISE-IN PERSON CONTACT	15
LARCENY,PETIT OF BICYCLE	3118
LOITERING,GAMBLING,OTHER	9
OBSCENITY, MATERIAL 3	1
ROBBERY,BODEGA/CONVENIENCE STORE	185
ROBBERY,GAS STATION	64
TRESPASS 4,CRIMINAL SUB 2	169
BURGLARY,TRUCK NIGHT	194
COERCION 1	110
CONTEMPT,CRIMINAL	1522
FALSE REPORT BOMB	32
FORGERY,ETC.,UNCLASSIFIED-FELO	3082
HOMICIDE,NEGLIGENT,VEHICLE	2
LARCENY,GRAND BY OPEN/COMPROMISE CELL PHONE ACCT	58
LARCENY,PETIT FROM COIN MACHIN	11
LARCENY,PETIT OF BOAT	1
MATERIAL              OFFENSIV	1
ARSON 1	19
BURGLARY,UNCLASSIFIED,UNKNOWN	162
CHILD,ALCOHOL SALE TO	168
COERCION 2	2
FORTUNE TELLING	3
LARCENY,GRAND BY ACQUIRING LOS	655
MISCHIEF, CRIMINAL 4, BY FIRE	623
NY STATE LAWS,UNCLASSIFIED FEL	320
PROSTITUTION	19
ROBBERY,PHARMACY	98
STOLEN PROPERTY 2,POSSESSION B	40
CONTROLLED SUBSTANCE,INTENT TO	1778
DISORDERLY CONDUCT	98
LARCENY,GRAND OF BOAT	4
LOITERING,UNCLASSIFIED	3
OBSCENITY 1	8
CHILD, ENDANGERING WELFARE	1286
LARCENY,GRAND BY OPEN BANK ACCT	1
LARCENY,GRAND FROM VEHICLE/MOTORCYCLE	4556
LARCENY,PETIT BY ACQUIRING LOS	470
MARIJUANA, POSSESSION	652
MARIJUANA, POSSESSION 1, 2 & 3	293
AGGRAVATED CRIMINAL CONTEMPT	119
BRIBERY,COMMERCIAL	9
BURGLARY,TRUCK DAY	391
LARCENY,GRAND FROM BUILDING (NON-RESIDENCE) UNATTENDED	14699
LARCENY,PETIT FROM BUILDING,UN	24862
PEDDLING,UNLAWFUL	18
ROBBERY,OF TRUCK DRIVER	15
TAMPERING 3,2, CRIMINAL	119
WEAPONS, POSSESSION, ETC	7121
WOUNDS,REPORTING OF	1
BURGLARY,RESIDENCE,UNKNOWN TIM	1764
CONTROLLED SUBSTANCE,POSSESS.	1246
ESCAPE 3	11
HARASSMENT,SUBD 1,CIVILIAN	21519
IMITATION PISTOL/AIR RIFLE	22
LARCENY, GRAND OF MOPED	38
LARCENY,GRAND BY BANK ACCT COMPROMISE-UNAUTHORIZED PURCHASE	8
LARCENY,GRAND FROM OPEN AREAS, UNATTENDED	2701
THEFT OF SERVICES- CABLE TV SE	27
WEAPONS POSSESSION 1 & 2	952
A.B.C.,FALSE PROOF OF AGE	7
AGGRAVATED SEXUAL ASBUSE	556
CONTROLLED SUBSTANCE, POSSESSI	9789
GAMBLING 1,PROMOTING,POLICY	2
GAMBLING 2, PROMOTING, POLICY-	3
LARCENY,GRAND BY BANK ACCT COMPROMISE-TELLER	6
MISCHIEF,CRIMINAL,    UNCL 2ND	2804
POSSES OR CARRY A KNIFE	28
RAPE 1	901
SALE OF UNAUTHORIZED RECORDING	122
SOLICITATION 3,2,1, CRIMINAL	5
STOLEN PROPERTY-MOTOR VEH 2ND,	136
ALCOHOLIC BEVERAGE CONTROL LAW	92
LARCENY, PETIT OF MOPED	23
LARCENY,GRAND BY BANK ACCT COMPROMISE-REPRODUCED CHECK	1636
LARCENY,PETIT FROM PARKING MET	6
LEWDNESS,PUBLIC	784
RAPE 1,ATTEMPT	199
RAPE 2	132
ROBBERY,BAR/RESTAURANT	30
ROBBERY,ON BUS/ OR BUS DRIVER	64
CONTROLLED SUBSTANCE,POSSESS.-	21
N.Y.C. TRANSIT AUTH. R&R	6
NUISANCE, CRIMINAL	1
RAPE 3	138
ROBBERY,LICENSED MEDALLION CAB	131
ROBBERY,PERSONAL ELECTRONIC DEVICE	4222
STOLEN PROP-MOTOR VEHICLE 3RD,	11
ASSEMBLY,UNLAWFUL	91
DIS. CON.,AGGRAVATED	4
ENTERPRISE CORRUPTION	3
ESCAPE 2,1	25
FORGERY,PRESCRIPTION	57
FORGERY-ILLEGAL POSSESSION,VEH	62
GAMBLING 2,PROMOTING,UNCLASSIF	156
IMPERSONATION 2, PUBLIC SERVAN	1499
LARCENY,GRAND FROM EATERY, UNATTENDED	1
LARCENY,GRAND FROM PERSON,PICK	1283
RIOT 2/INCITING	67
ROBBERY,ATM LOCATION	39
ROBBERY,CAR JACKING	134
SEX TRAFFICKING	2
SOLICITATION 5,CRIMINAL	1
TRAFFIC,UNCLASSIFIED MISDEMEAN	1307
BRIBERY,FRAUD	11
FALSE REPORT UNCLASSIFIED	583
LARCENY,GRAND BY ACQUIRING LOST CREDIT CARD	8
LARCENY,GRAND FROM PERSON,UNCL	6743
MISCHIEF, CRIMINAL 4, OF MOTOR	17188
OBSCENE MATERIAL - UNDER 17 YE	127
OBSTR BREATH/CIRCUL	2358
PROSTITUTION 3,PROMOTING BUSIN	1
ROBBERY,BANK	286
SEXUAL ABUSE 3,2	2729
TAMPERING 1,CRIMINAL	296
UNAUTHORIZED USE VEHICLE 2	426
UNLAWFUL POSS. WEAPON UPON SCH	5
CONSPIRACY 2, 1	11
CONSPIRACY 4, 3	3
CONSPIRACY 6, 5	3
CRIMINAL MISCHIEF 4TH, GRAFFIT	8600
KIDNAPPING 1	14
LARCENY,GRAND BY OPEN CREDIT CARD (NEW ACCT)	63
NY STATE LAWS,UNCLASSIFIED MIS	153
RECORDS,FALSIFY-TAMPER	13
UNAUTHORIZED USE VEHICLE 3	1409
ALCOHOLIC BEVERAGES,PUBLIC CON	16
COMPUTER UNAUTH. USE/TAMPER	18
END WELFARE VULNERABLE ELDERLY PERSON	1
HOMICIDE,NEGLIGENT,UNCLASSIFIE	5
KIDNAPPING 2	35
LARCENY,PETIT BY CREDIT CARD U	588
LEAVING SCENE-ACCIDENT-PERSONA	4184
MENACING 1ST DEGREE (VICT PEAC	100
RECKLESS DRIVING	79
SEX CRIMES	8
SUPP. ACT TERR 2ND	5
TAMPERING WITH A WITNESS	10
ARSON, MOTOR VEHICLE 1 2 3 & 4	391
BURGLARY,COMMERCIAL,NIGHT	2047
INCOMPETENT PERSON,RECKLESSY ENDANGERING	16
JOSTLING	47
LARCENY, GRAND OF AUTO - ATTEM	100
LARCENY,PETIT FROM BOAT	12
ROBBERY,UNLICENSED FOR HIRE VEHICLE	209
SEXUAL MISCONDUCT,INTERCOURSE	261
AGGRAVATED HARASSMENT 1	347
BURGLARS TOOLS,UNCLASSIFIED	292
IMPERSONATION 1, POLICE OFFICE	226
LARCENY,GRAND FROM PERSON,PURS	697
MAKING TERRORISTIC THREAT	40
POSSESSION HYPODERMIC INSTRUME	46
PROSTITUTION 4,PROMOTING&SECUR	16
AGGRAVATED HARASSMENT 2	27250
AGRICULTURE & MARKETS LAW,UNCL	9
BURGLARY,UNCLASSIFIED,NIGHT	218
FALSE REPORT 1,FIRE	58
FIREWORKS, POSSESS/USE	17
GRAFFITI (ADMINISTRATIVE CODE-	1
LARCENY,PETIT BY CHECK USE	421
LARCENY,PETIT FROM OPEN AREAS,	7848
LARCENY,PETIT OF AUTO	26
MISCHIEF, CRIMINAL 3&2, BY FIR	40
ROBBERY,NECKCHAIN/JEWELRY	797
SODOMY,CONSENSUAL	2
THEFT OF SERVICES, UNCLASSIFIE	1035
THEFT,RELATED OFFENSES,UNCLASS	221
UNAUTH. SALE OF TRANS. SERVICE	637
USE OF A CHILD IN A SEXUAL PER	1
WEAPONS POSSESSION 3	3957
