BAIL JUMPING 1 & 2	52
CHECK,BAD	19
DRUG PARAPHERNALIA,   POSSESSE	219
GENERAL BUSINESS LAW,TICKET SP	11
HEALTH CODE,UNCLASSIFIED MISDE	9
IMPRISONMENT 2,UNLAWFUL	189
LARCENY,GRAND BY BANK ACCT COMPROMISE-ATM TRANSACTION	431
LARCENY,GRAND FROM PERSON,PERSONAL ELECTRONIC DEVICE(SNATCH)	1075
NY STATE LAWS,UNCLASSIFIED VIO	11
PROSTITUTION 2, COMPULSORY	2
ROBBERY, CHAIN STORE	244
ROBBERY,POCKETBOOK/CARRIED BAG	982
TRESPASS 1,CRIMINAL	153
	321
ARSON 2,3,4	810
BURGLARY,COMMERCIAL,DAY	1039
FORGERY,M.V. REGISTRATION	359
IMPRISONMENT 1,UNLAWFUL	83
LARCENY,GRAND BY THEFT OF CREDIT CARD	4049
LARCENY,GRAND OF AUTO	6344
LARCENY,PETIT OF MOTORCYCLE	23
ROBBERY,BICYCLE	206
SEXUAL ABUSE	386
CRIMINAL MISCHIEF,UNCLASSIFIED 4	13133
LARCENY,GRAND BY FALSE PROMISE-NOT IN PERSON CONTACT	281
LARCENY,PETIT FROM TRUCK	174
LOITERING FOR PROSTITUTION OR	1
MARIJUANA, POSSESSION 4 & 5	14410
PRIVACY,OFFENSES AGAINST,UNCLA	3
PUBLIC ADMINISTRATION,UNCLASSI	362
PUBLIC HEALTH LAW,GLUE,INHALAT	1
ADM.CODE,UNCLASSIFIED VIOLATIO	23
BURGLARY,UNCLASSIFIED,DAY	160
CONTROLLED SUBSTANCE, INTENT T	303
COURSE OF SEXUAL CONDUCT AGAIN	11
FALSE ALARM FIRE	8
LARCENY,GRAND BY DISHONEST EMP	680
LARCENY,GRAND FROM NIGHT CLUB, UNATTENDED	356
LARCENY,GRAND OF MOTORCYCLE	800
LARCENY,PETIT FROM PIER	10
MENACING,PEACE OFFICER	51
ROBBERY, PAYROLL	32
ROBBERY,LIQUOR STORE	15
TRAFFIC,UNCLASSIFIED INFRACTIO	3
VEHICULAR ASSAULT (INTOX DRIVE	21
CIGARETTE,NO TAX STAMP,POSSESS	4
LARCENY,GRAND BY BANK ACCT COMPROMISE-UNCLASSIFIED	276
PROSTITUTION 2, UNDER 16	1
PUBLIC ADMINISTATION,UNCLASS M	3177
PUBLIC HEALTH LAW,UNCLASSIFIED	42
RECKLESS ENDANGERMENT OF PROPE	108
ROBBERY,COMMERCIAL UNCLASSIFIED	1053
ROBBERY,HIJACKING	1
SEXUAL MISCONDUCT,DEVIATE	27
VIOLATION OF ORDER OF PROTECTI	3137
ASSAULT 2,1,UNCLASSIFIED	16047
CONTROLLED SUBSTANCE,SALE 1	185
EXPOSURE OF A PERSON	21
FRAUD,UNCLASSIFIED-FELONY	4732
GRAND LARCENY-CHECK FROM MAILB	22
LARCENY,GRAND FROM BOAT, UNATTENDED	15
LARCENY,PETIT BY DISHONEST EMP	466
PERJURY 3,ETC.	11
SODOMY 1	290
BURGLARY,COMMERCIAL,UNKNOWN TI	463
CONTROLLED SUBSTANCE,SALE 2	72
CREDIT CARD,UNLAWFUL USE OF	1
CRIMINAL MIS 2 & 3	632
DISSEMINATING A FALSE SEX OFFEND	1
FIREWORKS, SALE	63
GAMBLING, DEVICE, POSSESSION	17
HOMICIDE, NEGLIGENT, VEHICLE,	9
LARCENY,GRAND BY EXTORTION	332
LARCENY,GRAND FROM PERSON, BAG OPEN/DIP	650
LARCENY,GRAND FROM PERSON,LUSH WORKER(SLEEPING/UNCON VICTIM)	199
LARCENY,GRAND FROM TRUCK, UNATTENDED	70
RECKLESS ENDANGERMENT 1	1713
SODOMY 2	12
STRANGULATION 1ST	2506
CONTROLLED SUBSTANCE,SALE 3	268
GYPSY CAB	1
IMPAIRED DRIVING,DRUG	103
LARCENY,GRAND BY CREDIT CARD ACCT COMPROMISE-EXISTING ACCT	566
LARCENY,GRAND OF VEHICULAR/MOTORCYCLE ACCESSORIES	1301
LARCENY,PETIT OF LICENSE PLATE	3384
MANUFACTURE UNAUTHORIZED RECOR	50
MARIJUANA, SALE 4 & 5	847
PETIT LARCENY-CHECK FROM MAILB	121
PUBLIC SAFETY,UNCLASSIFIED MIS	31
RECKLESS ENDANGERMENT 2	1086
ROBBERY,CHECK CASHING BUSINESS	20
ROBBERY,OPEN AREA UNCLASSIFIED	4814
SODOMY 3	14
TRESPASS 2, CRIMINAL	4323
CUSTODIAL INTERFERENCE 1	57
EAVESDROPPING	8
FRAUD,UNCLASSIFIED-MISDEMEANOR	1759
MISCHIEF 1,CRIMINAL,EXPLOSIVE	2
ROBBERY,HOME INVASION	699
ROBBERY,RESIDENTIAL COMMON AREA	1242
TRESPASS 3, CRIMINAL	663
CUSTODIAL INTERFERENCE 2	88
HEALTH CODE,VIOLATION	1
LARCENY,GRAND BY CREDIT CARD COMPROMISE-UNAUTHORIZE PURCHASE	15
LARCENY,GRAND FROM RETAIL STORE, UNATTENDED	421
MISCHIEF, CRIMINAL 3 & 2, OF M	3259
MONEY LAUNDERING 1 & 2	2
ACCOSTING,FRAUDULENT	187
BAIL JUMPING 3	183
BRIBERY, POLICE OFFICER	53
BURGLARY,UNKNOWN TIME	74
COMPUTER TAMPER/TRESSPASS	34
CRIMINAL DISPOSAL FIREARM 1 &	55
LARCENY,GRAND BY IDENTITY THEFT-UNCLASSIFIED	124
NUISANCE,CRIMINAL,UNCLASSIFIED	38
PARKR&R,UNCLASSIFIED VIOLATION	10
STOLEN PROPERTY 2,1,POSSESSION	554
ADM.CODE,UNCLASSIFIED MISDEMEA	1014
ASSAULT 2,1,PEACE OFFICER	1844
BRIBERY,PUBLIC ADMINISTRATION	1232
BURGLARY,RESIDENCE,NIGHT	3796
CRIMINAL CONTEMPT 1	6792
FACILITATION 4, CRIMINAL	6
FIREWORKS	1
LARCENY,GRAND FROM PIER, UNATTENDED	24
LARCENY,GRAND FROM STORE-SHOPL	1298
LARCENY,PETIT OF VEHICLE ACCES	2502
ROBBERY,DOCTOR/DENTIST OFFICE	5
APPEARANCE TICKET FAIL TO RESP	14
INTOXICATED DRIVING,ALCOHOL	8136
LARCENY,GRAND BY FALSE PROMISE	445
LARCENY,PETIT FROM AUTO	15009
POSS METH MANUFACT MATERIAL	1
SALE SCHOOL GROUNDS 4	28
TAX LAW	229
FORGERY,DRIVERS LICENSE	356
FORGERY,ETC.-MISD.	1506
HARASSMENT,SUBD 3,4,5	36601
LARCENY,GRAND FROM RESIDENCE, UNATTENDED	934
LARCENY,GRAND OF BICYCLE	405
LARCENY,GRAND OF TRUCK	80
LARCENY,PETIT FROM STORE-SHOPL	23410
LOITERING TO PROMOTE PROSTITUT	6
MENACING,UNCLASSIFIED	7010
NOISE,UNECESSARY	1
PERJURY 2,1,ETC	8
POSTING ADVERTISEMENTS	5
PROMOTING A SEXUAL PERFORMANCE	29
PROSTITUTION, PATRONIZING 2, 1	1
PROSTITUTION, PATRONIZING 4, 3	34
CHILD ABANDONMENT	38
CHILD,LICENSED PREMISES	2
CHILD,OFFENSES AGAINST,UNCLASS	3
CONTROLLED SUBSTANCE, SALE 4	29
LARCENY,GRAND FROM COIN MACHIN	4
LARCENY,GRAND PERSON,NECK CHAI	292
LARCENY,PETIT BY FALSE PROMISE	1177
MARIJUANA, SALE 1, 2 & 3	84
MENACING 1ST DEGREE (VICT NOT	72
OBSCENITY, PERFORMANCE 3	8
RESISTING ARREST	2464
RIOT 1	12
ROBBERY,DWELLING	852
ROBBERY,PUBLIC PLACE INSIDE	426
SALES OF PRESCRIPTION	5
STOLEN PROPERTY 3,POSSESSION	2314
ABSCONDING FROM WORK RELEASE 2	3
ASSAULT 3	43909
BURGLARY,RESIDENCE,DAY	7141
CONTROLLED SUBSTANCE, SALE 5	468
EDUCATION LAW,UNCLASSIFIED	2
GAMBLING 1,PROMOTING,BOOKMAKIN	4
LARCENY,GRAND BY FALSE PROMISE-IN PERSON CONTACT	212
LARCENY,PETIT OF BICYCLE	3639
LOITERING,GAMBLING,OTHER	12
OBSCENITY, MATERIAL 3	1
RADIO DEVICES,UNLAWFUL POSSESS	1
ROBBERY,BODEGA/CONVENIENCE STORE	194
ROBBERY,GAS STATION	48
TRESPASS 4,CRIMINAL SUB 2	180
BURGLARY,TRUCK NIGHT	294
COERCION 1	118
CONTEMPT,CRIMINAL	1710
FALSE REPORT BOMB	27
FORGERY,ETC.,UNCLASSIFIED-FELO	3437
HOMICIDE,NEGLIGENT,VEHICLE	2
LARCENY,GRAND BY OPEN/COMPROMISE CELL PHONE ACCT	748
LARCENY,PETIT FROM COIN MACHIN	23
LARCENY,PETIT OF BOAT	2
MATERIAL              OFFENSIV	1
ARSON 1	13
BURGLARY,UNCLASSIFIED,UNKNOWN	146
CHILD,ALCOHOL SALE TO	151
COERCION 2	3
LARCENY,GRAND BY ACQUIRING LOS	830
MISCHIEF, CRIMINAL 4, BY FIRE	665
NY STATE LAWS,UNCLASSIFIED FEL	322
PROSTITUTION	11
ROBBERY,PHARMACY	74
STOLEN PROPERTY 2,POSSESSION B	31
BUILDING MATERIAL	1
CONTROLLED SUBSTANCE,INTENT TO	1791
DISORDERLY CONDUCT	87
LARCENY,GRAND OF BOAT	13
LOITERING,UNCLASSIFIED	1
OBSCENITY 1	15
CHILD, ENDANGERING WELFARE	1262
LARCENY,GRAND BY OPEN BANK ACCT	46
LARCENY,GRAND FROM VEHICLE/MOTORCYCLE	5027
LARCENY,PETIT BY ACQUIRING LOS	747
MARIJUANA, POSSESSION	636
MARIJUANA, POSSESSION 1, 2 & 3	227
AGGRAVATED CRIMINAL CONTEMPT	170
BRIBERY,COMMERCIAL	8
BURGLARY,TRUCK DAY	491
LARCENY,GRAND FROM BUILDING (NON-RESIDENCE) UNATTENDED	11344
LARCENY,PETIT FROM BUILDING,UN	25427
PEDDLING,UNLAWFUL	4
ROBBERY,OF TRUCK DRIVER	14
TAMPERING 3,2, CRIMINAL	78
WEAPONS, POSSESSION, ETC	6514
WOUNDS,REPORTING OF	2
BURGLARY,RESIDENCE,UNKNOWN TIM	1623
CONTROLLED SUBSTANCE,POSSESS.	1229
ESCAPE 3	10
FACILITATION 3,2,1, CRIMINAL	1
HARASSMENT,SUBD 1,CIVILIAN	20996
IMITATION PISTOL/AIR RIFLE	25
LARCENY, GRAND OF MOPED	47
LARCENY,GRAND BY BANK ACCT COMPROMISE-UNAUTHORIZED PURCHASE	131
LARCENY,GRAND FROM OPEN AREAS, UNATTENDED	2412
LARCENY,GRAND FROM PARKING MET	1
PROSTITUTION 3, PROMOTING UNDE	1
THEFT OF SERVICES- CABLE TV SE	30
WEAPONS POSSESSION 1 & 2	923
AGGRAVATED SEXUAL ASBUSE	98
CONTROLLED SUBSTANCE, POSSESSI	9217
GAMBLING 1,PROMOTING,POLICY	4
GAMBLING 2, PROMOTING, POLICY-	7
LARCENY,GRAND BY BANK ACCT COMPROMISE-TELLER	92
MISCHIEF,CRIMINAL,    UNCL 2ND	3209
POSSES OR CARRY A KNIFE	21
RAPE 1	856
SALE OF UNAUTHORIZED RECORDING	62
SOLICITATION 3,2,1, CRIMINAL	3
STOLEN PROPERTY-MOTOR VEH 2ND,	95
ALCOHOLIC BEVERAGE CONTROL LAW	64
LARCENY, PETIT OF MOPED	37
LARCENY,GRAND BY BANK ACCT COMPROMISE-REPRODUCED CHECK	1428
LARCENY,PETIT FROM PARKING MET	9
LEWDNESS,PUBLIC	785
RAPE 1,ATTEMPT	188
RAPE 2	114
ROBBERY,BAR/RESTAURANT	13
ROBBERY,ON BUS/ OR BUS DRIVER	20
CONTROLLED SUBSTANCE,POSSESS.-	13
DOG STEALING	4
N.Y.C. TRANSIT AUTH. R&R	5
NUISANCE, CRIMINAL	2
RAPE 3	137
ROBBERY,LICENSED MEDALLION CAB	114
ROBBERY,PERSONAL ELECTRONIC DEVICE	6894
STOLEN PROP-MOTOR VEHICLE 3RD,	9
ASSEMBLY,UNLAWFUL	110
DIS. CON.,AGGRAVATED	5
ESCAPE 2,1	27
FORGERY,PRESCRIPTION	41
FORGERY-ILLEGAL POSSESSION,VEH	94
GAMBLING 2,PROMOTING,UNCLASSIF	100
IMPERSONATION 2, PUBLIC SERVAN	1507
LARCENY,GRAND FROM EATERY, UNATTENDED	402
LARCENY,GRAND FROM PERSON,PICK	1515
PLACE FALSE BOMB	1
PUBLIC HEALTH LAW,GLUE,UNLAWFU	3
RIOT 2/INCITING	90
ROBBERY,ATM LOCATION	54
ROBBERY,CAR JACKING	166
SEX TRAFFICKING	2
SOLICITATION 5,CRIMINAL	1
TRAFFIC,UNCLASSIFIED MISDEMEAN	1523
BRIBERY,FRAUD	7
FALSE REPORT UNCLASSIFIED	534
LARCENY,GRAND BY ACQUIRING LOST CREDIT CARD	410
LARCENY,GRAND FROM PERSON,UNCL	5188
MISCHIEF, CRIMINAL 4, OF MOTOR	14796
OBSCENE MATERIAL - UNDER 17 YE	95
OBSTR BREATH/CIRCUL	2558
PROSTITUTION 3,PROMOTING BUSIN	1
ROBBERY,BANK	170
SEXUAL ABUSE 3,2	2319
TAMPERING 1,CRIMINAL	412
UNAUTHORIZED USE VEHICLE 2	360
UNLAWFUL POSS. WEAPON UPON SCH	10
CONSPIRACY 2, 1	10
CONSPIRACY 4, 3	4
CONSPIRACY 6, 5	2
CRIMINAL MISCHIEF 4TH, GRAFFIT	7527
KIDNAPPING 1	11
LARCENY, PETIT OF AUTO - ATTEM	1
LARCENY,GRAND BY OPEN CREDIT CARD (NEW ACCT)	673
NY STATE LAWS,UNCLASSIFIED MIS	132
RECORDS,FALSIFY-TAMPER	9
UNAUTHORIZED USE VEHICLE 3	1531
WEAPONS,PROHIBITED USE	1
ALCOHOLIC BEVERAGES,PUBLIC CON	15
COMPUTER UNAUTH. USE/TAMPER	21
END WELFARE VULNERABLE ELDERLY PERSON	5
HOMICIDE,NEGLIGENT,UNCLASSIFIE	7
INCOMPETENT PERSON,KNOWINGLY ENDANGERING	1
KIDNAPPING 2	25
LARCENY,PETIT BY CREDIT CARD U	544
LEAVING SCENE-ACCIDENT-PERSONA	4492
MENACING 1ST DEGREE (VICT PEAC	83
RECKLESS DRIVING	71
SEX CRIMES	89
SUPP. ACT TERR 2ND	3
TAMPERING WITH A WITNESS	18
ARSON, MOTOR VEHICLE 1 2 3 & 4	360
BURGLARY,COMMERCIAL,NIGHT	1946
INCOMPETENT PERSON,RECKLESSY ENDANGERING	17
JOSTLING	30
LARCENY, GRAND OF AUTO - ATTEM	81
LARCENY,PETIT FROM BOAT	6
ROBBERY,UNLICENSED FOR HIRE VEHICLE	213
SEXUAL MISCONDUCT,INTERCOURSE	236
AGGRAVATED HARASSMENT 1	361
BURGLARS TOOLS,UNCLASSIFIED	288
IMPERSONATION 1, POLICE OFFICE	214
LARCENY,GRAND FROM PERSON,PURS	643
MAKING TERRORISTIC THREAT	82
POSSESSION HYPODERMIC INSTRUME	40
PROSTITUTION 4,PROMOTING&SECUR	2
TERRORISM PROVIDE SUPPORT	2
AGGRAVATED HARASSMENT 2	26760
AGRICULTURE & MARKETS LAW,UNCL	16
BURGLARY,UNCLASSIFIED,NIGHT	245
FALSE REPORT 1,FIRE	49
FIREWORKS, POSSESS/USE	25
LARCENY,PETIT BY CHECK USE	502
LARCENY,PETIT FROM OPEN AREAS,	7971
LARCENY,PETIT OF AUTO	22
MISCHIEF, CRIMINAL 3&2, BY FIR	48
ROBBERY,NECKCHAIN/JEWELRY	558
THEFT OF SERVICES, UNCLASSIFIE	1110
THEFT,RELATED OFFENSES,UNCLASS	166
UNAUTH. SALE OF TRANS. SERVICE	553
USE OF A CHILD IN A SEXUAL PER	2
WEAPONS POSSESSION 3	4166
