BAIL JUMPING 1 & 2	54
CHECK,BAD	16
DRUG PARAPHERNALIA,   POSSESSE	175
GENERAL BUSINESS LAW,TICKET SP	8
HEALTH CODE,UNCLASSIFIED MISDE	7
IMPRISONMENT 2,UNLAWFUL	151
LARCENY,GRAND BY BANK ACCT COMPROMISE-ATM TRANSACTION	1380
LARCENY,GRAND FROM PERSON,PERSONAL ELECTRONIC DEVICE(SNATCH)	2290
NY STATE LAWS,UNCLASSIFIED VIO	17
PROSTITUTION 2, COMPULSORY	1
ROBBERY, CHAIN STORE	298
ROBBERY,POCKETBOOK/CARRIED BAG	864
TRESPASS 1,CRIMINAL	154
	329
ARSON 2,3,4	855
BURGLARY,COMMERCIAL,DAY	885
FORGERY,M.V. REGISTRATION	341
IMPRISONMENT 1,UNLAWFUL	71
LARCENY,GRAND BY THEFT OF CREDIT CARD	1850
LARCENY,GRAND OF AUTO	6562
LARCENY,PETIT OF MOTORCYCLE	17
ROBBERY,BICYCLE	201
SEXUAL ABUSE	389
CRIMINAL MISCHIEF,UNCLASSIFIED 4	13247
LARCENY,GRAND BY FALSE PROMISE-NOT IN PERSON CONTACT	1146
LARCENY,PETIT FROM TRUCK	218
MARIJUANA, POSSESSION 4 & 5	14198
PRIVACY,OFFENSES AGAINST,UNCLA	3
PUBLIC ADMINISTRATION,UNCLASSI	299
ADM.CODE,UNCLASSIFIED VIOLATIO	20
BURGLARY,UNCLASSIFIED,DAY	117
CONTROLLED SUBSTANCE, INTENT T	258
COURSE OF SEXUAL CONDUCT AGAIN	16
FALSE ALARM FIRE	14
LARCENY,GRAND BY DISHONEST EMP	884
LARCENY,GRAND FROM NIGHT CLUB, UNATTENDED	1161
LARCENY,GRAND OF MOTORCYCLE	850
LARCENY,PETIT FROM PIER	20
LOITERING 1ST DEGREE FOR DRUG	1
MENACING,PEACE OFFICER	40
ROBBERY, PAYROLL	28
ROBBERY,LIQUOR STORE	26
TRAFFIC,UNCLASSIFIED INFRACTIO	1
VEHICULAR ASSAULT (INTOX DRIVE	14
CIGARETTE,NO TAX STAMP,POSSESS	2
LARCENY,GRAND BY BANK ACCT COMPROMISE-UNCLASSIFIED	543
PROSTITUTION 2, UNDER 16	1
PROSTITUTION,PERMITTING	1
PUBLIC ADMINISTATION,UNCLASS M	2235
PUBLIC HEALTH LAW,UNCLASSIFIED	37
RECKLESS ENDANGERMENT OF PROPE	139
ROBBERY,COMMERCIAL UNCLASSIFIED	950
ROBBERY,HIJACKING	1
SEXUAL MISCONDUCT,DEVIATE	28
VIOLATION OF ORDER OF PROTECTI	3142
ASSAULT 2,1,UNCLASSIFIED	15981
CONTROLLED SUBSTANCE,SALE 1	131
EXPOSURE OF A PERSON	20
FRAUD,UNCLASSIFIED-FELONY	4302
LARCENY,GRAND FROM BOAT, UNATTENDED	12
LARCENY,PETIT BY DISHONEST EMP	553
PERJURY 3,ETC.	7
POSSESSION ANTI-SECURITY ITEM	1
SODOMY 1	290
BURGLARY,COMMERCIAL,UNKNOWN TI	418
CONTROLLED SUBSTANCE,SALE 2	47
CREDIT CARD,UNLAWFUL USE OF	1
CRIMINAL MIS 2 & 3	867
DISSEMINATING A FALSE SEX OFFEND	1
FIREWORKS, SALE	64
GAMBLING, DEVICE, POSSESSION	39
HOMICIDE, NEGLIGENT, VEHICLE,	2
LARCENY,GRAND BY EXTORTION	574
LARCENY,GRAND FROM PERSON, BAG OPEN/DIP	1584
LARCENY,GRAND FROM PERSON,LUSH WORKER(SLEEPING/UNCON VICTIM)	593
LARCENY,GRAND FROM TRUCK, UNATTENDED	66
RECKLESS ENDANGERMENT 1	1877
SODOMY 2	30
STRANGULATION 1ST	2438
WEAPONS,MFR,TRANSPORT,ETC.	1
CONTROLLED SUBSTANCE,SALE 3	283
IMPAIRED DRIVING,DRUG	72
LARCENY,GRAND BY CREDIT CARD ACCT COMPROMISE-EXISTING ACCT	1740
LARCENY,GRAND OF VEHICULAR/MOTORCYCLE ACCESSORIES	1450
LARCENY,PETIT OF LICENSE PLATE	3066
MANUFACTURE UNAUTHORIZED RECOR	47
MARIJUANA, SALE 4 & 5	799
PETIT LARCENY-CHECK FROM MAILB	146
PUBLIC SAFETY,UNCLASSIFIED MIS	39
RECKLESS ENDANGERMENT 2	1078
ROBBERY,CHECK CASHING BUSINESS	13
ROBBERY,OPEN AREA UNCLASSIFIED	4204
SODOMY 3	33
TRESPASS 2, CRIMINAL	4427
CUSTODIAL INTERFERENCE 1	57
EAVESDROPPING	9
FRAUD,UNCLASSIFIED-MISDEMEANOR	1919
MISCHIEF 1,CRIMINAL,EXPLOSIVE	1
PARK R&R,GAMBLING	2
ROBBERY,BEGIN AS SHOPLIFTING	1
ROBBERY,HOME INVASION	636
ROBBERY,RESIDENTIAL COMMON AREA	1185
TRESPASS 3, CRIMINAL	719
CUSTODIAL INTERFERENCE 2	106
GAMBLING 2, PROMOTING, BOOKMAK	2
HEALTH CODE,VIOLATION	5
INCEST	1
LARCENY,GRAND FROM RETAIL STORE, UNATTENDED	1359
MISCHIEF, CRIMINAL 3 & 2, OF M	3484
ACCOSTING,FRAUDULENT	247
BAIL JUMPING 3	160
BRIBERY, POLICE OFFICER	48
BURGLARY,UNKNOWN TIME	69
COMPUTER TAMPER/TRESSPASS	36
CRIMINAL DISPOSAL FIREARM 1 &	50
LARCENY,GRAND BY IDENTITY THEFT-UNCLASSIFIED	280
NUISANCE,CRIMINAL,UNCLASSIFIED	42
PARKR&R,UNCLASSIFIED VIOLATION	14
STOLEN PROPERTY 2,1,POSSESSION	912
ADM.CODE,UNCLASSIFIED MISDEMEA	1015
ASSAULT 2,1,PEACE OFFICER	1812
BRIBERY,PUBLIC ADMINISTRATION	1113
BURGLARY,RESIDENCE,NIGHT	3639
CRIMINAL CONTEMPT 1	7608
FACILITATION 4, CRIMINAL	2
LARCENY,GRAND FROM PIER, UNATTENDED	30
LARCENY,GRAND FROM STORE-SHOPL	1518
LARCENY,PETIT OF VEHICLE ACCES	2722
ROBBERY,DOCTOR/DENTIST OFFICE	4
APPEARANCE TICKET FAIL TO RESP	7
INTOXICATED DRIVING,ALCOHOL	7813
LARCENY,PETIT FROM AUTO	14205
POSS METH MANUFACT MATERIAL	1
SALE SCHOOL GROUNDS 4	19
TAX LAW	222
FORGERY,DRIVERS LICENSE	308
FORGERY,ETC.-MISD.	1495
HARASSMENT,SUBD 3,4,5	40995
LARCENY,GRAND FROM RESIDENCE, UNATTENDED	2722
LARCENY,GRAND OF BICYCLE	881
LARCENY,GRAND OF TRUCK	106
LARCENY,PETIT FROM STORE-SHOPL	26490
LOITERING TO PROMOTE PROSTITUT	4
MENACING,UNCLASSIFIED	7102
PERJURY 2,1,ETC	8
POSTING ADVERTISEMENTS	1
PROMOTING A SEXUAL PERFORMANCE	39
PROSTITUTION, PATRONIZING 4, 3	86
UNDER THE INFLUENCE OF DRUGS	1
BIGAMY	1
CHILD ABANDONMENT	25
CHILD,OFFENSES AGAINST,UNCLASS	6
CONTROLLED SUBSTANCE, SALE 4	20
HEALTHCARE/RENT.REG.	3
LARCENY,GRAND PERSON,NECK CHAI	331
LARCENY,PETIT BY FALSE PROMISE	1375
MARIJUANA, SALE 1, 2 & 3	55
MENACING 1ST DEGREE (VICT NOT	61
OBSCENITY, PERFORMANCE 3	9
RESISTING ARREST	2984
RIOT 1	12
ROBBERY,DWELLING	839
ROBBERY,PUBLIC PLACE INSIDE	398
SALES OF PRESCRIPTION	2
STOLEN PROPERTY 3,POSSESSION	1445
ABSCONDING FROM WORK RELEASE 2	3
ASSAULT 3	43782
BURGLARY,RESIDENCE,DAY	6594
CONTROLLED SUBSTANCE, SALE 5	458
EDUCATION LAW,UNCLASSIFIED	1
GAMBLING 1,PROMOTING,BOOKMAKIN	3
LARCENY,GRAND BY FALSE PROMISE-IN PERSON CONTACT	588
LARCENY,PETIT OF BICYCLE	3902
LARCENY,PETIT OF TRUCK	1
LOITERING,GAMBLING,OTHER	5
RADIO DEVICES,UNLAWFUL POSSESS	1
ROBBERY,BODEGA/CONVENIENCE STORE	185
ROBBERY,GAS STATION	55
TRESPASS 4,CRIMINAL SUB 2	186
BURGLARY,TRUCK NIGHT	345
COERCION 1	106
CONTEMPT,CRIMINAL	1763
FALSE REPORT BOMB	36
FORGERY,ETC.,UNCLASSIFIED-FELO	4052
LARCENY,GRAND BY OPEN/COMPROMISE CELL PHONE ACCT	1228
LARCENY,PETIT FROM COIN MACHIN	19
LARCENY,PETIT OF BOAT	2
MATERIAL              OFFENSIV	4
AIR POLLUTION-MOTOR VEH (ADM C	1
ARSON 1	9
BURGLARY,UNCLASSIFIED,UNKNOWN	113
CHILD,ALCOHOL SALE TO	130
COERCION 2	5
LARCENY,GRAND BY ACQUIRING LOS	630
MISCHIEF, CRIMINAL 4, BY FIRE	616
NY STATE LAWS,UNCLASSIFIED FEL	448
PROSTITUTION	18
ROBBERY,PHARMACY	91
STOLEN PROPERTY 2,POSSESSION B	16
BUILDING MATERIAL	1
CONTROLLED SUBSTANCE,INTENT TO	1684
DISORDERLY CONDUCT	47
LARCENY,GRAND OF BOAT	5
OBSCENITY 1	19
CHILD, ENDANGERING WELFARE	1371
LARCENY,GRAND BY OPEN BANK ACCT	53
LARCENY,GRAND FROM VEHICLE/MOTORCYCLE	4980
LARCENY,PETIT BY ACQUIRING LOS	876
MARIJUANA, POSSESSION	526
MARIJUANA, POSSESSION 1, 2 & 3	206
AGGRAVATED CRIMINAL CONTEMPT	203
BRIBERY,COMMERCIAL	16
BURGLARY,TRUCK DAY	528
LARCENY,GRAND FROM BUILDING (NON-RESIDENCE) UNATTENDED	3911
LARCENY,PETIT FROM BUILDING,UN	22975
PEDDLING,UNLAWFUL	5
ROBBERY,OF TRUCK DRIVER	17
TAMPERING 3,2, CRIMINAL	63
WEAPONS, POSSESSION, ETC	6165
WOUNDS,REPORTING OF	4
BURGLARY,RESIDENCE,UNKNOWN TIM	1585
CONTROLLED SUBSTANCE,POSSESS.	1082
ESCAPE 3	9
FACILITATION 3,2,1, CRIMINAL	1
HARASSMENT,SUBD 1,CIVILIAN	20913
IMITATION PISTOL/AIR RIFLE	21
LARCENY, GRAND OF MOPED	48
LARCENY,GRAND BY BANK ACCT COMPROMISE-UNAUTHORIZED PURCHASE	309
LARCENY,GRAND FROM OPEN AREAS, UNATTENDED	2214
PROSTITUTION 3, PROMOTING UNDE	2
THEFT OF SERVICES- CABLE TV SE	35
WEAPONS POSSESSION 1 & 2	897
AGGRAVATED SEXUAL ASBUSE	30
CONTROLLED SUBSTANCE, POSSESSI	9302
GAMBLING 1,PROMOTING,POLICY	1
GAMBLING 2, PROMOTING, POLICY-	4
LARCENY,GRAND BY BANK ACCT COMPROMISE-TELLER	183
MISCHIEF,CRIMINAL,    UNCL 2ND	3318
POSSES OR CARRY A KNIFE	10
RAPE 1	764
SALE OF UNAUTHORIZED RECORDING	31
SOLICITATION 3,2,1, CRIMINAL	3
STOLEN PROPERTY-MOTOR VEH 2ND,	129
ALCOHOLIC BEVERAGE CONTROL LAW	69
LARCENY, PETIT OF MOPED	38
LARCENY,GRAND BY BANK ACCT COMPROMISE-REPRODUCED CHECK	841
LARCENY,PETIT FROM PARKING MET	1
LEWDNESS,PUBLIC	801
LURING A CHILD	7
RAPE 1,ATTEMPT	177
RAPE 2	111
ROBBERY,BAR/RESTAURANT	21
ROBBERY,ON BUS/ OR BUS DRIVER	24
CONTROLLED SUBSTANCE,POSSESS.-	3
DOG STEALING	20
N.Y.C. TRANSIT AUTH. R&R	2
RAPE 3	152
ROBBERY,LICENSED MEDALLION CAB	134
ROBBERY,PERSONAL ELECTRONIC DEVICE	5298
SALE SCHOOL GROUNDS	2
STOLEN PROP-MOTOR VEHICLE 3RD,	11
ASSEMBLY,UNLAWFUL	112
DIS. CON.,AGGRAVATED	6
ESCAPE 2,1	9
FORGERY,PRESCRIPTION	46
FORGERY-ILLEGAL POSSESSION,VEH	103
GAMBLING 2,PROMOTING,UNCLASSIF	136
IMPERSONATION 2, PUBLIC SERVAN	1757
LARCENY,GRAND FROM EATERY, UNATTENDED	1405
LARCENY,GRAND FROM PERSON,PICK	1398
PLACE FALSE BOMB	1
PUBLIC HEALTH LAW,GLUE,UNLAWFU	2
RIOT 2/INCITING	67
ROBBERY,ATM LOCATION	54
ROBBERY,CAR JACKING	132
SEX TRAFFICKING	6
SOLICITATION 5,CRIMINAL	1
TRAFFIC,UNCLASSIFIED MISDEMEAN	1417
FALSE REPORT UNCLASSIFIED	495
LARCENY,GRAND BY ACQUIRING LOST CREDIT CARD	1014
LARCENY,GRAND FROM PERSON,UNCL	749
MISCHIEF, CRIMINAL 4, OF MOTOR	14678
OBSCENE MATERIAL - UNDER 17 YE	120
OBSTR BREATH/CIRCUL	2822
PROSTITUTION 3,PROMOTING BUSIN	1
ROBBERY,BANK	159
SEXUAL ABUSE 3,2	2388
TAMPERING 1,CRIMINAL	1041
UNAUTHORIZED USE VEHICLE 2	402
UNLAWFUL POSS. WEAPON UPON SCH	5
CONSPIRACY 2, 1	11
CONSPIRACY 4, 3	4
CONSPIRACY 6, 5	3
CRIMINAL MISCHIEF 4TH, GRAFFIT	10072
KIDNAPPING 1	10
LARCENY, PETIT OF AUTO - ATTEM	4
LARCENY,GRAND BY OPEN CREDIT CARD (NEW ACCT)	1478
NY STATE LAWS,UNCLASSIFIED MIS	199
RECORDS,FALSIFY-TAMPER	7
UNAUTHORIZED USE VEHICLE 3	1702
WEAPONS,PROHIBITED USE	3
ALCOHOLIC BEVERAGES,PUBLIC CON	10
COMPUTER UNAUTH. USE/TAMPER	17
END WELFARE VULNERABLE ELDERLY PERSON	8
HOMICIDE,NEGLIGENT,UNCLASSIFIE	6
INCOMPETENT PERSON,KNOWINGLY ENDANGERING	11
KIDNAPPING 2	29
LARCENY,PETIT BY CREDIT CARD U	574
LEAVING SCENE-ACCIDENT-PERSONA	4341
MENACING 1ST DEGREE (VICT PEAC	94
RECKLESS DRIVING	80
SEX CRIMES	17
SUPP. ACT TERR 2ND	9
TAMPERING WITH A WITNESS	12
ARSON, MOTOR VEHICLE 1 2 3 & 4	319
BURGLARY,COMMERCIAL,NIGHT	2316
EDUCATION LAW, TRUANCY	1
INCOMPETENT PERSON,RECKLESSY ENDANGERING	11
JOSTLING	39
LARCENY, GRAND OF AUTO - ATTEM	84
LARCENY,PETIT FROM BOAT	15
ROBBERY,UNLICENSED FOR HIRE VEHICLE	232
SEXUAL MISCONDUCT,INTERCOURSE	287
AGGRAVATED HARASSMENT 1	257
BURGLARS TOOLS,UNCLASSIFIED	373
IMPERSONATION 1, POLICE OFFICE	184
LARCENY,GRAND FROM PERSON,PURS	653
MAKING TERRORISTIC THREAT	85
POSSESSION HYPODERMIC INSTRUME	62
PROSTITUTION 4,PROMOTING&SECUR	5
TERRORISM PROVIDE SUPPORT	2
AGGRAVATED HARASSMENT 2	19442
AGRICULTURE & MARKETS LAW,UNCL	105
BURGLARY,UNCLASSIFIED,NIGHT	223
FALSE REPORT 1,FIRE	70
FIREWORKS, POSSESS/USE	24
LARCENY,PETIT BY CHECK USE	480
LARCENY,PETIT FROM OPEN AREAS,	7347
LARCENY,PETIT OF AUTO	14
MISCHIEF, CRIMINAL 3&2, BY FIR	39
ROBBERY,NECKCHAIN/JEWELRY	520
THEFT OF SERVICES, UNCLASSIFIE	1319
THEFT,RELATED OFFENSES,UNCLASS	158
UNAUTH. SALE OF TRANS. SERVICE	424
USE OF A CHILD IN A SEXUAL PER	1
WEAPONS POSSESSION 3	3661
