1	61537,value
10	43479,value
100	25879,value
101	41139,value
102	65301,value
103	80404,value
104	75116,value
105	74017,value
106	61495,value
107	53750,value
108	54117,value
109	80169,value
110	68583,value
111	33116,value
112	36889,value
113	87842,value
114	91696,value
115	81493,value
120	109720,value
121	17449,value
122	82693,value
123	34003,value
13	74443,value
14	119413,value
17	32658,value
18	79129,value
19	65983,value
20	40974,value
22	4420,value
23	66693,value
24	50509,value
25	67480,value
26	34275,value
28	53052,value
30	49689,value
32	70599,value
33	45214,value
34	53834,value
40	118895,value
41	70032,value
42	78477,value
43	137771,value
44	127725,value
45	64272,value
46	111356,value
47	90507,value
48	82118,value
49	68574,value
5	44917,value
50	46599,value
52	107178,value
6	54905,value
60	64959,value
61	64665,value
62	61874,value
63	54424,value
66	49609,value
67	94719,value
68	51275,value
69	50126,value
7	40886,value
70	81609,value
71	72089,value
72	54961,value
73	107097,value
75	165478,value
76	28928,value
77	76718,value
78	34725,value
79	81616,value
81	65145,value
83	69104,value
84	51565,value
88	46254,value
9	62165,value
90	65730,value
94	33533,value
NULL	390,value
int	5100832,dtype
string	390,dtype
precinct	5101222,stype
NULL	390,label
VALID	5100832,label
