00:00:00	9427,value
00:01:00	13284,value
00:02:00	1262,value
00:03:00	883,value
00:04:00	817,value
00:05:00	6847,value
00:06:00	858,value
00:07:00	910,value
00:08:00	981,value
00:09:00	801,value
00:10:00	7372,value
00:11:00	737,value
00:12:00	985,value
00:13:00	741,value
00:14:00	722,value
00:15:00	8132,value
00:16:00	853,value
00:17:00	865,value
00:18:00	873,value
00:19:00	716,value
00:20:00	6468,value
00:21:00	691,value
00:22:00	788,value
00:23:00	730,value
00:24:00	715,value
00:25:00	3761,value
00:26:00	718,value
00:27:00	758,value
00:28:00	814,value
00:29:00	768,value
00:30:00	14645,value
00:31:00	818,value
00:32:00	811,value
00:33:00	770,value
00:34:00	705,value
00:35:00	4801,value
00:36:00	786,value
00:37:00	757,value
00:38:00	767,value
00:39:00	712,value
00:40:00	5588,value
00:41:00	694,value
00:42:00	831,value
00:43:00	775,value
00:44:00	750,value
00:45:00	6512,value
00:46:00	690,value
00:47:00	741,value
00:48:00	841,value
00:49:00	729,value
00:50:00	5253,value
00:51:00	720,value
00:52:00	826,value
00:53:00	721,value
00:54:00	635,value
00:55:00	3243,value
00:56:00	687,value
00:57:00	739,value
00:58:00	802,value
00:59:00	858,value
01:00:00	18736,value
01:01:00	806,value
01:02:00	809,value
01:03:00	747,value
01:04:00	768,value
01:05:00	4890,value
01:06:00	761,value
01:07:00	740,value
01:08:00	812,value
01:09:00	772,value
01:10:00	6089,value
01:11:00	733,value
01:12:00	841,value
01:13:00	758,value
01:14:00	726,value
01:15:00	6739,value
01:16:00	752,value
01:17:00	802,value
01:18:00	845,value
01:19:00	658,value
01:20:00	5758,value
01:21:00	714,value
01:22:00	773,value
01:23:00	798,value
01:24:00	705,value
01:25:00	3351,value
01:26:00	694,value
01:27:00	743,value
01:28:00	804,value
01:29:00	649,value
01:30:00	13783,value
01:31:00	711,value
01:32:00	807,value
01:33:00	721,value
01:34:00	700,value
01:35:00	4351,value
01:36:00	769,value
01:37:00	702,value
01:38:00	781,value
01:39:00	706,value
01:40:00	5443,value
01:41:00	676,value
01:42:00	710,value
01:43:00	703,value
01:44:00	695,value
01:45:00	5591,value
01:46:00	659,value
01:47:00	726,value
01:48:00	709,value
01:49:00	585,value
01:50:00	4840,value
01:51:00	617,value
01:52:00	750,value
01:53:00	650,value
01:54:00	572,value
01:55:00	2809,value
01:56:00	640,value
01:57:00	684,value
01:58:00	643,value
01:59:00	614,value
02:00:00	17620,value
02:01:00	703,value
02:02:00	722,value
02:03:00	637,value
02:04:00	605,value
02:05:00	4295,value
02:06:00	601,value
02:07:00	625,value
02:08:00	665,value
02:09:00	586,value
02:10:00	4909,value
02:11:00	631,value
02:12:00	685,value
02:13:00	563,value
02:14:00	611,value
02:15:00	5526,value
02:16:00	584,value
02:17:00	623,value
02:18:00	659,value
02:19:00	540,value
02:20:00	4523,value
02:21:00	557,value
02:22:00	636,value
02:23:00	570,value
02:24:00	534,value
02:25:00	2583,value
02:26:00	618,value
02:27:00	562,value
02:28:00	590,value
02:29:00	535,value
02:30:00	11730,value
02:31:00	620,value
02:32:00	646,value
02:33:00	588,value
02:34:00	546,value
02:35:00	3569,value
02:36:00	572,value
02:37:00	535,value
02:38:00	552,value
02:39:00	518,value
02:40:00	4231,value
02:41:00	514,value
02:42:00	564,value
02:43:00	568,value
02:44:00	537,value
02:45:00	4622,value
02:46:00	567,value
02:47:00	568,value
02:48:00	607,value
02:49:00	528,value
02:50:00	3880,value
02:51:00	539,value
02:52:00	558,value
02:53:00	541,value
02:54:00	475,value
02:55:00	2323,value
02:56:00	546,value
02:57:00	512,value
02:58:00	603,value
02:59:00	558,value
03:00:00	16743,value
03:01:00	641,value
03:02:00	629,value
03:03:00	593,value
03:04:00	442,value
03:05:00	3640,value
03:06:00	543,value
03:07:00	538,value
03:08:00	585,value
03:09:00	518,value
03:10:00	4245,value
03:11:00	527,value
03:12:00	588,value
03:13:00	490,value
03:14:00	502,value
03:15:00	4965,value
03:16:00	542,value
03:17:00	585,value
03:18:00	625,value
03:19:00	477,value
03:20:00	4024,value
03:21:00	506,value
03:22:00	545,value
03:23:00	512,value
03:24:00	437,value
03:25:00	2363,value
03:26:00	520,value
03:27:00	484,value
03:28:00	515,value
03:29:00	461,value
03:30:00	11024,value
03:31:00	511,value
03:32:00	547,value
03:33:00	559,value
03:34:00	462,value
03:35:00	2997,value
03:36:00	556,value
03:37:00	495,value
03:38:00	539,value
03:39:00	469,value
03:40:00	3842,value
03:41:00	449,value
03:42:00	455,value
03:43:00	471,value
03:44:00	446,value
03:45:00	4214,value
03:46:00	499,value
03:47:00	491,value
03:48:00	528,value
03:49:00	450,value
03:50:00	3542,value
03:51:00	436,value
03:52:00	464,value
03:53:00	416,value
03:54:00	459,value
03:55:00	2114,value
03:56:00	448,value
03:57:00	435,value
03:58:00	500,value
03:59:00	505,value
04:00:00	16626,value
04:01:00	539,value
04:02:00	584,value
04:03:00	478,value
04:04:00	444,value
04:05:00	3440,value
04:06:00	474,value
04:07:00	451,value
04:08:00	532,value
04:09:00	472,value
04:10:00	4019,value
04:11:00	477,value
04:12:00	541,value
04:13:00	453,value
04:14:00	462,value
04:15:00	4808,value
04:16:00	517,value
04:17:00	537,value
04:18:00	579,value
04:19:00	449,value
04:20:00	4022,value
04:21:00	433,value
04:22:00	547,value
04:23:00	480,value
04:24:00	457,value
04:25:00	2242,value
04:26:00	472,value
04:27:00	470,value
04:28:00	469,value
04:29:00	416,value
04:30:00	10957,value
04:31:00	452,value
04:32:00	567,value
04:33:00	442,value
04:34:00	423,value
04:35:00	2923,value
04:36:00	460,value
04:37:00	470,value
04:38:00	506,value
04:39:00	414,value
04:40:00	3404,value
04:41:00	447,value
04:42:00	485,value
04:43:00	406,value
04:44:00	420,value
04:45:00	4155,value
04:46:00	464,value
04:47:00	447,value
04:48:00	502,value
04:49:00	386,value
04:50:00	3231,value
04:51:00	375,value
04:52:00	438,value
04:53:00	380,value
04:54:00	379,value
04:55:00	1647,value
04:56:00	382,value
04:57:00	378,value
04:58:00	391,value
04:59:00	353,value
05:00:00	16199,value
05:01:00	424,value
05:02:00	427,value
05:03:00	411,value
05:04:00	327,value
05:05:00	2444,value
05:06:00	342,value
05:07:00	382,value
05:08:00	389,value
05:09:00	369,value
05:10:00	3205,value
05:11:00	323,value
05:12:00	417,value
05:13:00	318,value
05:14:00	295,value
05:15:00	4010,value
05:16:00	351,value
05:17:00	341,value
05:18:00	344,value
05:19:00	276,value
05:20:00	3093,value
05:21:00	298,value
05:22:00	294,value
05:23:00	320,value
05:24:00	285,value
05:25:00	1574,value
05:26:00	293,value
05:27:00	287,value
05:28:00	320,value
05:29:00	268,value
05:30:00	11437,value
05:31:00	309,value
05:32:00	292,value
05:33:00	241,value
05:34:00	251,value
05:35:00	1868,value
05:36:00	282,value
05:37:00	268,value
05:38:00	295,value
05:39:00	250,value
05:40:00	2682,value
05:41:00	238,value
05:42:00	293,value
05:43:00	241,value
05:44:00	188,value
05:45:00	3753,value
05:46:00	280,value
05:47:00	227,value
05:48:00	255,value
05:49:00	222,value
05:50:00	2579,value
05:51:00	237,value
05:52:00	234,value
05:53:00	224,value
05:54:00	209,value
05:55:00	1272,value
05:56:00	199,value
05:57:00	198,value
05:58:00	238,value
05:59:00	205,value
06:00:00	25246,value
06:01:00	292,value
06:02:00	271,value
06:03:00	219,value
06:04:00	204,value
06:05:00	2291,value
06:06:00	238,value
06:07:00	221,value
06:08:00	227,value
06:09:00	205,value
06:10:00	2922,value
06:11:00	227,value
06:12:00	229,value
06:13:00	212,value
06:14:00	172,value
06:15:00	4436,value
06:16:00	243,value
06:17:00	210,value
06:18:00	249,value
06:19:00	207,value
06:20:00	3335,value
06:21:00	216,value
06:22:00	236,value
06:23:00	206,value
06:24:00	204,value
06:25:00	1400,value
06:26:00	176,value
06:27:00	190,value
06:28:00	198,value
06:29:00	183,value
06:30:00	17201,value
06:31:00	211,value
06:32:00	209,value
06:33:00	172,value
06:34:00	171,value
06:35:00	1771,value
06:36:00	198,value
06:37:00	161,value
06:38:00	228,value
06:39:00	178,value
06:40:00	3150,value
06:41:00	183,value
06:42:00	217,value
06:43:00	181,value
06:44:00	177,value
06:45:00	5389,value
06:46:00	184,value
06:47:00	229,value
06:48:00	215,value
06:49:00	171,value
06:50:00	3576,value
06:51:00	179,value
06:52:00	195,value
06:53:00	158,value
06:54:00	156,value
06:55:00	1459,value
06:56:00	157,value
06:57:00	193,value
06:58:00	221,value
06:59:00	216,value
07:00:00	41142,value
07:01:00	240,value
07:02:00	257,value
07:03:00	231,value
07:04:00	177,value
07:05:00	2546,value
07:06:00	203,value
07:07:00	217,value
07:08:00	205,value
07:09:00	170,value
07:10:00	3393,value
07:11:00	225,value
07:12:00	240,value
07:13:00	198,value
07:14:00	192,value
07:15:00	5912,value
07:16:00	202,value
07:17:00	224,value
07:18:00	247,value
07:19:00	185,value
07:20:00	4064,value
07:21:00	175,value
07:22:00	215,value
07:23:00	186,value
07:24:00	159,value
07:25:00	1530,value
07:26:00	185,value
07:27:00	161,value
07:28:00	198,value
07:29:00	188,value
07:30:00	25157,value
07:31:00	242,value
07:32:00	218,value
07:33:00	178,value
07:34:00	151,value
07:35:00	2389,value
07:36:00	173,value
07:37:00	173,value
07:38:00	228,value
07:39:00	142,value
07:40:00	4291,value
07:41:00	169,value
07:42:00	207,value
07:43:00	209,value
07:44:00	157,value
07:45:00	7524,value
07:46:00	226,value
07:47:00	211,value
07:48:00	240,value
07:49:00	174,value
07:50:00	4875,value
07:51:00	199,value
07:52:00	234,value
07:53:00	215,value
07:54:00	166,value
07:55:00	1963,value
07:56:00	212,value
07:57:00	202,value
07:58:00	253,value
07:59:00	213,value
08:00:00	60224,value
08:01:00	388,value
08:02:00	397,value
08:03:00	292,value
08:04:00	194,value
08:05:00	3524,value
08:06:00	248,value
08:07:00	256,value
08:08:00	265,value
08:09:00	245,value
08:10:00	5164,value
08:11:00	238,value
08:12:00	321,value
08:13:00	257,value
08:14:00	227,value
08:15:00	8044,value
08:16:00	289,value
08:17:00	351,value
08:18:00	339,value
08:19:00	252,value
08:20:00	5669,value
08:21:00	257,value
08:22:00	321,value
08:23:00	287,value
08:24:00	249,value
08:25:00	2513,value
08:26:00	282,value
08:27:00	297,value
08:28:00	282,value
08:29:00	264,value
08:30:00	28194,value
08:31:00	347,value
08:32:00	384,value
08:33:00	287,value
08:34:00	242,value
08:35:00	3441,value
08:36:00	298,value
08:37:00	329,value
08:38:00	290,value
08:39:00	273,value
08:40:00	5106,value
08:41:00	301,value
08:42:00	337,value
08:43:00	291,value
08:44:00	307,value
08:45:00	7422,value
08:46:00	338,value
08:47:00	393,value
08:48:00	355,value
08:49:00	304,value
08:50:00	4809,value
08:51:00	306,value
08:52:00	327,value
08:53:00	300,value
08:54:00	259,value
08:55:00	2256,value
08:56:00	313,value
08:57:00	336,value
08:58:00	318,value
08:59:00	364,value
09:00:00	57903,value
09:01:00	485,value
09:02:00	434,value
09:03:00	355,value
09:04:00	300,value
09:05:00	4024,value
09:06:00	354,value
09:07:00	348,value
09:08:00	408,value
09:09:00	301,value
09:10:00	5038,value
09:11:00	304,value
09:12:00	464,value
09:13:00	372,value
09:14:00	305,value
09:15:00	7762,value
09:16:00	366,value
09:17:00	406,value
09:18:00	429,value
09:19:00	305,value
09:20:00	5382,value
09:21:00	330,value
09:22:00	416,value
09:23:00	353,value
09:24:00	330,value
09:25:00	2570,value
09:26:00	347,value
09:27:00	375,value
09:28:00	385,value
09:29:00	335,value
09:30:00	26863,value
09:31:00	405,value
09:32:00	450,value
09:33:00	385,value
09:34:00	299,value
09:35:00	3552,value
09:36:00	364,value
09:37:00	373,value
09:38:00	411,value
09:39:00	342,value
09:40:00	5283,value
09:41:00	333,value
09:42:00	426,value
09:43:00	373,value
09:44:00	334,value
09:45:00	7261,value
09:46:00	393,value
09:47:00	395,value
09:48:00	412,value
09:49:00	315,value
09:50:00	4814,value
09:51:00	329,value
09:52:00	430,value
09:53:00	372,value
09:54:00	307,value
09:55:00	2354,value
09:56:00	358,value
09:57:00	353,value
09:58:00	445,value
09:59:00	418,value
10:00:00	51845,value
10:01:00	541,value
10:02:00	525,value
10:03:00	448,value
10:04:00	364,value
10:05:00	4365,value
10:06:00	435,value
10:07:00	452,value
10:08:00	466,value
10:09:00	347,value
10:10:00	4809,value
10:11:00	364,value
10:12:00	467,value
10:13:00	376,value
10:14:00	382,value
10:15:00	8086,value
10:16:00	433,value
10:17:00	499,value
10:18:00	533,value
10:19:00	382,value
10:20:00	5779,value
10:21:00	402,value
10:22:00	489,value
10:23:00	446,value
10:24:00	414,value
10:25:00	2796,value
10:26:00	428,value
10:27:00	404,value
10:28:00	443,value
10:29:00	444,value
10:30:00	25638,value
10:31:00	526,value
10:32:00	500,value
10:33:00	455,value
10:34:00	366,value
10:35:00	4185,value
10:36:00	434,value
10:37:00	426,value
10:38:00	478,value
10:39:00	388,value
10:40:00	5695,value
10:41:00	448,value
10:42:00	520,value
10:43:00	425,value
10:44:00	418,value
10:45:00	7321,value
10:46:00	498,value
10:47:00	466,value
10:48:00	518,value
10:49:00	403,value
10:50:00	5096,value
10:51:00	436,value
10:52:00	470,value
10:53:00	429,value
10:54:00	409,value
10:55:00	2743,value
10:56:00	393,value
10:57:00	425,value
10:58:00	511,value
10:59:00	502,value
11:00:00	45141,value
11:01:00	626,value
11:02:00	644,value
11:03:00	560,value
11:04:00	466,value
11:05:00	4999,value
11:06:00	480,value
11:07:00	500,value
11:08:00	544,value
11:09:00	490,value
11:10:00	5758,value
11:11:00	485,value
11:12:00	524,value
11:13:00	491,value
11:14:00	480,value
11:15:00	8628,value
11:16:00	516,value
11:17:00	572,value
11:18:00	565,value
11:19:00	489,value
11:20:00	6531,value
11:21:00	492,value
11:22:00	577,value
11:23:00	538,value
11:24:00	481,value
11:25:00	3393,value
11:26:00	484,value
11:27:00	515,value
11:28:00	579,value
11:29:00	500,value
11:30:00	25121,value
11:31:00	593,value
11:32:00	637,value
11:33:00	535,value
11:34:00	498,value
11:35:00	4951,value
11:36:00	509,value
11:37:00	540,value
11:38:00	602,value
11:39:00	482,value
11:40:00	6481,value
11:41:00	501,value
11:42:00	599,value
11:43:00	546,value
11:44:00	535,value
11:45:00	8623,value
11:46:00	619,value
11:47:00	637,value
11:48:00	622,value
11:49:00	519,value
11:50:00	6084,value
11:51:00	500,value
11:52:00	611,value
11:53:00	515,value
11:54:00	477,value
11:55:00	3289,value
11:56:00	546,value
11:57:00	540,value
11:58:00	685,value
11:59:00	831,value
12:00:00	65833,value
12:01:00	1022,value
12:02:00	775,value
12:03:00	618,value
12:04:00	512,value
12:05:00	6520,value
12:06:00	599,value
12:07:00	603,value
12:08:00	690,value
12:09:00	573,value
12:10:00	7468,value
12:11:00	549,value
12:12:00	714,value
12:13:00	547,value
12:14:00	502,value
12:15:00	10203,value
12:16:00	608,value
12:17:00	648,value
12:18:00	736,value
12:19:00	558,value
12:20:00	7057,value
12:21:00	573,value
12:22:00	677,value
12:23:00	531,value
12:24:00	614,value
12:25:00	3866,value
12:26:00	632,value
12:27:00	615,value
12:28:00	652,value
12:29:00	552,value
12:30:00	27032,value
12:31:00	641,value
12:32:00	754,value
12:33:00	636,value
12:34:00	591,value
12:35:00	5349,value
12:36:00	643,value
12:37:00	654,value
12:38:00	697,value
12:39:00	601,value
12:40:00	7327,value
12:41:00	568,value
12:42:00	688,value
12:43:00	613,value
12:44:00	583,value
12:45:00	9298,value
12:46:00	753,value
12:47:00	693,value
12:48:00	752,value
12:49:00	608,value
12:50:00	6779,value
12:51:00	630,value
12:52:00	647,value
12:53:00	618,value
12:54:00	592,value
12:55:00	3727,value
12:56:00	582,value
12:57:00	627,value
12:58:00	731,value
12:59:00	689,value
13:00:00	47299,value
13:01:00	843,value
13:02:00	834,value
13:03:00	653,value
13:04:00	565,value
13:05:00	6560,value
13:06:00	642,value
13:07:00	670,value
13:08:00	772,value
13:09:00	657,value
13:10:00	8397,value
13:11:00	629,value
13:12:00	713,value
13:13:00	687,value
13:14:00	621,value
13:15:00	10104,value
13:16:00	687,value
13:17:00	663,value
13:18:00	744,value
13:19:00	611,value
13:20:00	8178,value
13:21:00	671,value
13:22:00	700,value
13:23:00	640,value
13:24:00	619,value
13:25:00	4453,value
13:26:00	667,value
13:27:00	710,value
13:28:00	663,value
13:29:00	615,value
13:30:00	26229,value
13:31:00	821,value
13:32:00	846,value
13:33:00	725,value
13:34:00	562,value
13:35:00	6046,value
13:36:00	733,value
13:37:00	738,value
13:38:00	745,value
13:39:00	642,value
13:40:00	8321,value
13:41:00	606,value
13:42:00	739,value
13:43:00	636,value
13:44:00	631,value
13:45:00	9532,value
13:46:00	730,value
13:47:00	722,value
13:48:00	752,value
13:49:00	602,value
13:50:00	7659,value
13:51:00	633,value
13:52:00	752,value
13:53:00	641,value
13:54:00	604,value
13:55:00	4103,value
13:56:00	647,value
13:57:00	623,value
13:58:00	738,value
13:59:00	812,value
14:00:00	48350,value
14:01:00	892,value
14:02:00	1022,value
14:03:00	769,value
14:04:00	588,value
14:05:00	6917,value
14:06:00	699,value
14:07:00	778,value
14:08:00	834,value
14:09:00	683,value
14:10:00	9333,value
14:11:00	705,value
14:12:00	845,value
14:13:00	676,value
14:14:00	748,value
14:15:00	11018,value
14:16:00	764,value
14:17:00	813,value
14:18:00	830,value
14:19:00	654,value
14:20:00	9832,value
14:21:00	720,value
14:22:00	896,value
14:23:00	746,value
14:24:00	689,value
14:25:00	5023,value
14:26:00	732,value
14:27:00	750,value
14:28:00	840,value
14:29:00	688,value
14:30:00	30166,value
14:31:00	882,value
14:32:00	961,value
14:33:00	718,value
14:34:00	598,value
14:35:00	7050,value
14:36:00	803,value
14:37:00	743,value
14:38:00	806,value
14:39:00	620,value
14:40:00	9412,value
14:41:00	727,value
14:42:00	823,value
14:43:00	711,value
14:44:00	773,value
14:45:00	11116,value
14:46:00	827,value
14:47:00	845,value
14:48:00	886,value
14:49:00	694,value
14:50:00	9135,value
14:51:00	758,value
14:52:00	857,value
14:53:00	789,value
14:54:00	605,value
14:55:00	4723,value
14:56:00	727,value
14:57:00	776,value
14:58:00	846,value
14:59:00	789,value
15:00:00	59982,value
15:01:00	1117,value
15:02:00	1022,value
15:03:00	962,value
15:04:00	687,value
15:05:00	8385,value
15:06:00	775,value
15:07:00	826,value
15:08:00	939,value
15:09:00	815,value
15:10:00	10973,value
15:11:00	778,value
15:12:00	901,value
15:13:00	694,value
15:14:00	687,value
15:15:00	13558,value
15:16:00	812,value
15:17:00	894,value
15:18:00	930,value
15:19:00	698,value
15:20:00	10494,value
15:21:00	786,value
15:22:00	857,value
15:23:00	790,value
15:24:00	723,value
15:25:00	5252,value
15:26:00	724,value
15:27:00	749,value
15:28:00	779,value
15:29:00	685,value
15:30:00	32490,value
15:31:00	900,value
15:32:00	929,value
15:33:00	869,value
15:34:00	660,value
15:35:00	7525,value
15:36:00	745,value
15:37:00	758,value
15:38:00	772,value
15:39:00	628,value
15:40:00	10197,value
15:41:00	654,value
15:42:00	811,value
15:43:00	671,value
15:44:00	605,value
15:45:00	12037,value
15:46:00	790,value
15:47:00	824,value
15:48:00	820,value
15:49:00	659,value
15:50:00	8616,value
15:51:00	641,value
15:52:00	815,value
15:53:00	672,value
15:54:00	635,value
15:55:00	4785,value
15:56:00	667,value
15:57:00	711,value
15:58:00	789,value
15:59:00	786,value
16:00:00	54446,value
16:01:00	1040,value
16:02:00	1020,value
16:03:00	809,value
16:04:00	809,value
16:05:00	8469,value
16:06:00	742,value
16:07:00	775,value
16:08:00	956,value
16:09:00	752,value
16:10:00	10469,value
16:11:00	722,value
16:12:00	916,value
16:13:00	774,value
16:14:00	761,value
16:15:00	12154,value
16:16:00	903,value
16:17:00	927,value
16:18:00	990,value
16:19:00	775,value
16:20:00	10084,value
16:21:00	737,value
16:22:00	886,value
16:23:00	802,value
16:24:00	817,value
16:25:00	5341,value
16:26:00	705,value
16:27:00	804,value
16:28:00	862,value
16:29:00	754,value
16:30:00	30909,value
16:31:00	923,value
16:32:00	1057,value
16:33:00	848,value
16:34:00	790,value
16:35:00	7663,value
16:36:00	799,value
16:37:00	838,value
16:38:00	928,value
16:39:00	795,value
16:40:00	9278,value
16:41:00	779,value
16:42:00	913,value
16:43:00	805,value
16:44:00	804,value
16:45:00	11726,value
16:46:00	860,value
16:47:00	851,value
16:48:00	955,value
16:49:00	766,value
16:50:00	8584,value
16:51:00	811,value
16:52:00	918,value
16:53:00	813,value
16:54:00	734,value
16:55:00	4688,value
16:56:00	760,value
16:57:00	770,value
16:58:00	890,value
16:59:00	869,value
17:00:00	52568,value
17:01:00	1066,value
17:02:00	1051,value
17:03:00	948,value
17:04:00	682,value
17:05:00	8127,value
17:06:00	797,value
17:07:00	748,value
17:08:00	1010,value
17:09:00	808,value
17:10:00	9883,value
17:11:00	835,value
17:12:00	968,value
17:13:00	775,value
17:14:00	777,value
17:15:00	11916,value
17:16:00	847,value
17:17:00	984,value
17:18:00	976,value
17:19:00	777,value
17:20:00	9846,value
17:21:00	833,value
17:22:00	924,value
17:23:00	844,value
17:24:00	763,value
17:25:00	5343,value
17:26:00	822,value
17:27:00	734,value
17:28:00	854,value
17:29:00	767,value
17:30:00	30160,value
17:31:00	1000,value
17:32:00	1072,value
17:33:00	873,value
17:34:00	719,value
17:35:00	7436,value
17:36:00	841,value
17:37:00	789,value
17:38:00	889,value
17:39:00	733,value
17:40:00	8902,value
17:41:00	800,value
17:42:00	870,value
17:43:00	832,value
17:44:00	690,value
17:45:00	11370,value
17:46:00	829,value
17:47:00	957,value
17:48:00	925,value
17:49:00	761,value
17:50:00	8709,value
17:51:00	821,value
17:52:00	940,value
17:53:00	800,value
17:54:00	775,value
17:55:00	4824,value
17:56:00	763,value
17:57:00	794,value
17:58:00	856,value
17:59:00	857,value
18:00:00	51417,value
18:01:00	1105,value
18:02:00	1058,value
18:03:00	924,value
18:04:00	776,value
18:05:00	8041,value
18:06:00	900,value
18:07:00	795,value
18:08:00	842,value
18:09:00	749,value
18:10:00	9624,value
18:11:00	797,value
18:12:00	995,value
18:13:00	756,value
18:14:00	767,value
18:15:00	11585,value
18:16:00	876,value
18:17:00	921,value
18:18:00	1012,value
18:19:00	724,value
18:20:00	9591,value
18:21:00	845,value
18:22:00	910,value
18:23:00	808,value
18:24:00	764,value
18:25:00	5186,value
18:26:00	811,value
18:27:00	842,value
18:28:00	839,value
18:29:00	750,value
18:30:00	29727,value
18:31:00	989,value
18:32:00	1065,value
18:33:00	885,value
18:34:00	783,value
18:35:00	7104,value
18:36:00	900,value
18:37:00	812,value
18:38:00	938,value
18:39:00	770,value
18:40:00	9068,value
18:41:00	806,value
18:42:00	943,value
18:43:00	843,value
18:44:00	799,value
18:45:00	11270,value
18:46:00	896,value
18:47:00	959,value
18:48:00	944,value
18:49:00	778,value
18:50:00	8434,value
18:51:00	826,value
18:52:00	925,value
18:53:00	793,value
18:54:00	792,value
18:55:00	4684,value
18:56:00	896,value
18:57:00	843,value
18:58:00	952,value
18:59:00	901,value
19:00:00	42826,value
19:01:00	1134,value
19:02:00	1138,value
19:03:00	1007,value
19:04:00	765,value
19:05:00	7562,value
19:06:00	812,value
19:07:00	925,value
19:08:00	1002,value
19:09:00	873,value
19:10:00	9326,value
19:11:00	936,value
19:12:00	981,value
19:13:00	825,value
19:14:00	916,value
19:15:00	10937,value
19:16:00	909,value
19:17:00	1020,value
19:18:00	1030,value
19:19:00	927,value
19:20:00	9734,value
19:21:00	900,value
19:22:00	1001,value
19:23:00	947,value
19:24:00	800,value
19:25:00	5306,value
19:26:00	889,value
19:27:00	952,value
19:28:00	907,value
19:29:00	870,value
19:30:00	27594,value
19:31:00	994,value
19:32:00	1121,value
19:33:00	939,value
19:34:00	869,value
19:35:00	7324,value
19:36:00	969,value
19:37:00	903,value
19:38:00	1035,value
19:39:00	808,value
19:40:00	8911,value
19:41:00	835,value
19:42:00	912,value
19:43:00	792,value
19:44:00	813,value
19:45:00	11075,value
19:46:00	954,value
19:47:00	1044,value
19:48:00	993,value
19:49:00	877,value
19:50:00	8545,value
19:51:00	869,value
19:52:00	951,value
19:53:00	920,value
19:54:00	788,value
19:55:00	4811,value
19:56:00	898,value
19:57:00	936,value
19:58:00	974,value
19:59:00	868,value
20:00:00	42161,value
20:01:00	1217,value
20:02:00	1061,value
20:03:00	975,value
20:04:00	779,value
20:05:00	7673,value
20:06:00	902,value
20:07:00	840,value
20:08:00	1114,value
20:09:00	828,value
20:10:00	9452,value
20:11:00	941,value
20:12:00	1089,value
20:13:00	921,value
20:14:00	880,value
20:15:00	11110,value
20:16:00	927,value
20:17:00	942,value
20:18:00	1021,value
20:19:00	839,value
20:20:00	8916,value
20:21:00	890,value
20:22:00	898,value
20:23:00	834,value
20:24:00	863,value
20:25:00	4778,value
20:26:00	885,value
20:27:00	899,value
20:28:00	926,value
20:29:00	815,value
20:30:00	25769,value
20:31:00	972,value
20:32:00	1099,value
20:33:00	958,value
20:34:00	857,value
20:35:00	7076,value
20:36:00	939,value
20:37:00	867,value
20:38:00	980,value
20:39:00	838,value
20:40:00	8393,value
20:41:00	905,value
20:42:00	926,value
20:43:00	882,value
20:44:00	886,value
20:45:00	10083,value
20:46:00	925,value
20:47:00	973,value
20:48:00	950,value
20:49:00	798,value
20:50:00	7602,value
20:51:00	838,value
20:52:00	940,value
20:53:00	900,value
20:54:00	756,value
20:55:00	4503,value
20:56:00	894,value
20:57:00	869,value
20:58:00	1012,value
20:59:00	921,value
21:00:00	36005,value
21:01:00	899,value
21:02:00	950,value
21:03:00	959,value
21:04:00	842,value
21:05:00	7306,value
21:06:00	836,value
21:07:00	910,value
21:08:00	925,value
21:09:00	858,value
21:10:00	8714,value
21:11:00	891,value
21:12:00	932,value
21:13:00	767,value
21:14:00	820,value
21:15:00	10162,value
21:16:00	835,value
21:17:00	925,value
21:18:00	932,value
21:19:00	783,value
21:20:00	8160,value
21:21:00	857,value
21:22:00	952,value
21:23:00	800,value
21:24:00	819,value
21:25:00	4707,value
21:26:00	777,value
21:27:00	842,value
21:28:00	863,value
21:29:00	855,value
21:30:00	24005,value
21:31:00	807,value
21:32:00	978,value
21:33:00	862,value
21:34:00	738,value
21:35:00	6581,value
21:36:00	879,value
21:37:00	836,value
21:38:00	959,value
21:39:00	785,value
21:40:00	8066,value
21:41:00	706,value
21:42:00	881,value
21:43:00	853,value
21:44:00	811,value
21:45:00	9742,value
21:46:00	865,value
21:47:00	883,value
21:48:00	901,value
21:49:00	761,value
21:50:00	7662,value
21:51:00	792,value
21:52:00	843,value
21:53:00	863,value
21:54:00	744,value
21:55:00	4205,value
21:56:00	775,value
21:57:00	885,value
21:58:00	880,value
21:59:00	838,value
22:00:00	33639,value
22:01:00	945,value
22:02:00	1008,value
22:03:00	854,value
22:04:00	764,value
22:05:00	6638,value
22:06:00	771,value
22:07:00	781,value
22:08:00	914,value
22:09:00	742,value
22:10:00	8390,value
22:11:00	811,value
22:12:00	845,value
22:13:00	770,value
22:14:00	798,value
22:15:00	9594,value
22:16:00	845,value
22:17:00	872,value
22:18:00	892,value
22:19:00	769,value
22:20:00	7351,value
22:21:00	774,value
22:22:00	876,value
22:23:00	800,value
22:24:00	749,value
22:25:00	4178,value
22:26:00	777,value
22:27:00	730,value
22:28:00	832,value
22:29:00	729,value
22:30:00	21255,value
22:31:00	806,value
22:32:00	957,value
22:33:00	781,value
22:34:00	737,value
22:35:00	6098,value
22:36:00	764,value
22:37:00	767,value
22:38:00	860,value
22:39:00	736,value
22:40:00	7269,value
22:41:00	750,value
22:42:00	810,value
22:43:00	743,value
22:44:00	643,value
22:45:00	8465,value
22:46:00	800,value
22:47:00	864,value
22:48:00	839,value
22:49:00	749,value
22:50:00	6908,value
22:51:00	718,value
22:52:00	851,value
22:53:00	712,value
22:54:00	654,value
22:55:00	3823,value
22:56:00	705,value
22:57:00	756,value
22:58:00	838,value
22:59:00	741,value
23:00:00	31305,value
23:01:00	908,value
23:02:00	881,value
23:03:00	762,value
23:04:00	644,value
23:05:00	5793,value
23:06:00	744,value
23:07:00	818,value
23:08:00	835,value
23:09:00	733,value
23:10:00	6735,value
23:11:00	780,value
23:12:00	871,value
23:13:00	706,value
23:14:00	729,value
23:15:00	9022,value
23:16:00	770,value
23:17:00	786,value
23:18:00	875,value
23:19:00	733,value
23:20:00	6583,value
23:21:00	721,value
23:22:00	793,value
23:23:00	763,value
23:24:00	707,value
23:25:00	3748,value
23:26:00	665,value
23:27:00	718,value
23:28:00	701,value
23:29:00	721,value
23:30:00	18904,value
23:31:00	746,value
23:32:00	782,value
23:33:00	807,value
23:34:00	575,value
23:35:00	6174,value
23:36:00	729,value
23:37:00	695,value
23:38:00	760,value
23:39:00	785,value
23:40:00	6812,value
23:41:00	649,value
23:42:00	718,value
23:43:00	723,value
23:44:00	628,value
23:45:00	8719,value
23:46:00	741,value
23:47:00	693,value
23:48:00	773,value
23:49:00	650,value
23:50:00	7706,value
23:51:00	686,value
23:52:00	743,value
23:53:00	697,value
23:54:00	677,value
23:55:00	5644,value
23:56:00	758,value
23:57:00	794,value
23:58:00	1083,value
23:59:00	18365,value
24:00:00	1376,value
NULL	1387783,value
string	1389159,dtype
timestamp	3712063,dtype
time	5101222,stype
INVALID	1376,label
NULL	1387783,label
VALID	3712063,label
