00:00:00	27443,value
00:00:01	1,value
00:01:00	67124,value
00:02:00	1190,value
00:03:00	841,value
00:04:00	674,value
00:05:00	12751,value
00:06:00	592,value
00:07:00	595,value
00:08:00	773,value
00:09:00	593,value
00:10:00	11033,value
00:11:00	438,value
00:12:00	824,value
00:13:00	583,value
00:14:00	577,value
00:15:00	12638,value
00:16:00	530,value
00:17:00	565,value
00:18:00	694,value
00:19:00	548,value
00:20:00	9857,value
00:21:00	446,value
00:22:00	526,value
00:23:00	609,value
00:24:00	624,value
00:25:00	5360,value
00:26:00	489,value
00:27:00	512,value
00:28:00	658,value
00:29:00	493,value
00:30:00	33365,value
00:31:00	396,value
00:32:00	478,value
00:33:00	516,value
00:34:00	542,value
00:35:00	5023,value
00:36:00	470,value
00:37:00	528,value
00:38:00	697,value
00:39:00	526,value
00:40:00	8485,value
00:41:00	390,value
00:42:00	558,value
00:43:00	546,value
00:44:00	486,value
00:45:00	9817,value
00:46:00	421,value
00:47:00	518,value
00:48:00	691,value
00:49:00	509,value
00:50:00	8580,value
00:51:00	377,value
00:52:00	538,value
00:53:00	521,value
00:54:00	461,value
00:55:00	4286,value
00:56:00	441,value
00:57:00	477,value
00:58:00	681,value
00:59:00	454,value
01:00:00	57060,value
01:01:00	448,value
01:02:00	431,value
01:03:00	531,value
01:04:00	479,value
01:05:00	4398,value
01:06:00	465,value
01:07:00	513,value
01:08:00	695,value
01:09:00	541,value
01:10:00	8073,value
01:11:00	423,value
01:12:00	538,value
01:13:00	510,value
01:14:00	516,value
01:15:00	9392,value
01:16:00	449,value
01:17:00	506,value
01:18:00	697,value
01:19:00	478,value
01:20:00	9526,value
01:21:00	381,value
01:22:00	521,value
01:23:00	521,value
01:24:00	486,value
01:25:00	4736,value
01:26:00	426,value
01:27:00	477,value
01:28:00	580,value
01:29:00	403,value
01:30:00	28362,value
01:31:00	348,value
01:32:00	466,value
01:33:00	494,value
01:34:00	429,value
01:35:00	4208,value
01:36:00	442,value
01:37:00	448,value
01:38:00	664,value
01:39:00	457,value
01:40:00	8112,value
01:41:00	346,value
01:42:00	446,value
01:43:00	501,value
01:44:00	433,value
01:45:00	8585,value
01:46:00	379,value
01:47:00	459,value
01:48:00	560,value
01:49:00	417,value
01:50:00	8252,value
01:51:00	304,value
01:52:00	414,value
01:53:00	381,value
01:54:00	366,value
01:55:00	3676,value
01:56:00	404,value
01:57:00	416,value
01:58:00	553,value
01:59:00	346,value
02:00:00	46056,value
02:01:00	373,value
02:02:00	399,value
02:03:00	399,value
02:04:00	406,value
02:05:00	3448,value
02:06:00	355,value
02:07:00	411,value
02:08:00	481,value
02:09:00	384,value
02:10:00	6008,value
02:11:00	367,value
02:12:00	484,value
02:13:00	420,value
02:14:00	453,value
02:15:00	7624,value
02:16:00	352,value
02:17:00	407,value
02:18:00	546,value
02:19:00	361,value
02:20:00	7348,value
02:21:00	349,value
02:22:00	411,value
02:23:00	411,value
02:24:00	375,value
02:25:00	3384,value
02:26:00	341,value
02:27:00	395,value
02:28:00	474,value
02:29:00	331,value
02:30:00	22632,value
02:31:00	244,value
02:32:00	383,value
02:33:00	391,value
02:34:00	358,value
02:35:00	3144,value
02:36:00	362,value
02:37:00	375,value
02:38:00	484,value
02:39:00	351,value
02:40:00	6469,value
02:41:00	304,value
02:42:00	352,value
02:43:00	384,value
02:44:00	343,value
02:45:00	7096,value
02:46:00	325,value
02:47:00	375,value
02:48:00	437,value
02:49:00	303,value
02:50:00	6806,value
02:51:00	243,value
02:52:00	341,value
02:53:00	320,value
02:54:00	312,value
02:55:00	3094,value
02:56:00	310,value
02:57:00	334,value
02:58:00	450,value
02:59:00	314,value
03:00:00	37882,value
03:01:00	286,value
03:02:00	332,value
03:03:00	349,value
03:04:00	336,value
03:05:00	2652,value
03:06:00	337,value
03:07:00	318,value
03:08:00	410,value
03:09:00	330,value
03:10:00	4849,value
03:11:00	249,value
03:12:00	411,value
03:13:00	347,value
03:14:00	309,value
03:15:00	6859,value
03:16:00	309,value
03:17:00	322,value
03:18:00	460,value
03:19:00	321,value
03:20:00	6208,value
03:21:00	293,value
03:22:00	328,value
03:23:00	318,value
03:24:00	334,value
03:25:00	3017,value
03:26:00	336,value
03:27:00	349,value
03:28:00	414,value
03:29:00	323,value
03:30:00	18609,value
03:31:00	218,value
03:32:00	268,value
03:33:00	338,value
03:34:00	284,value
03:35:00	2517,value
03:36:00	275,value
03:37:00	285,value
03:38:00	400,value
03:39:00	295,value
03:40:00	5563,value
03:41:00	215,value
03:42:00	314,value
03:43:00	270,value
03:44:00	260,value
03:45:00	6257,value
03:46:00	260,value
03:47:00	333,value
03:48:00	378,value
03:49:00	281,value
03:50:00	6209,value
03:51:00	249,value
03:52:00	285,value
03:53:00	306,value
03:54:00	283,value
03:55:00	2776,value
03:56:00	261,value
03:57:00	327,value
03:58:00	416,value
03:59:00	297,value
04:00:00	31080,value
04:01:00	250,value
04:02:00	296,value
04:03:00	265,value
04:04:00	282,value
04:05:00	2616,value
04:06:00	283,value
04:07:00	348,value
04:08:00	417,value
04:09:00	302,value
04:10:00	4884,value
04:11:00	291,value
04:12:00	373,value
04:13:00	291,value
04:14:00	302,value
04:15:00	6415,value
04:16:00	307,value
04:17:00	356,value
04:18:00	404,value
04:19:00	312,value
04:20:00	6164,value
04:21:00	253,value
04:22:00	339,value
04:23:00	308,value
04:24:00	291,value
04:25:00	2794,value
04:26:00	290,value
04:27:00	283,value
04:28:00	370,value
04:29:00	272,value
04:30:00	17151,value
04:31:00	169,value
04:32:00	335,value
04:33:00	266,value
04:34:00	246,value
04:35:00	2415,value
04:36:00	242,value
04:37:00	314,value
04:38:00	349,value
04:39:00	250,value
04:40:00	4655,value
04:41:00	199,value
04:42:00	270,value
04:43:00	245,value
04:44:00	269,value
04:45:00	5508,value
04:46:00	220,value
04:47:00	244,value
04:48:00	359,value
04:49:00	230,value
04:50:00	4565,value
04:51:00	179,value
04:52:00	240,value
04:53:00	252,value
04:54:00	229,value
04:55:00	1872,value
04:56:00	202,value
04:57:00	239,value
04:58:00	274,value
04:59:00	215,value
05:00:00	24293,value
05:01:00	194,value
05:02:00	238,value
05:03:00	218,value
05:04:00	187,value
05:05:00	1649,value
05:06:00	169,value
05:07:00	224,value
05:08:00	280,value
05:09:00	227,value
05:10:00	3021,value
05:11:00	216,value
05:12:00	224,value
05:13:00	180,value
05:14:00	200,value
05:15:00	4126,value
05:16:00	169,value
05:17:00	212,value
05:18:00	254,value
05:19:00	194,value
05:20:00	3633,value
05:21:00	132,value
05:22:00	182,value
05:23:00	214,value
05:24:00	190,value
05:25:00	1630,value
05:26:00	184,value
05:27:00	192,value
05:28:00	227,value
05:29:00	160,value
05:30:00	12726,value
05:31:00	114,value
05:32:00	158,value
05:33:00	144,value
05:34:00	152,value
05:35:00	1265,value
05:36:00	161,value
05:37:00	161,value
05:38:00	190,value
05:39:00	150,value
05:40:00	3008,value
05:41:00	137,value
05:42:00	167,value
05:43:00	172,value
05:44:00	160,value
05:45:00	3892,value
05:46:00	164,value
05:47:00	147,value
05:48:00	194,value
05:49:00	143,value
05:50:00	3026,value
05:51:00	112,value
05:52:00	151,value
05:53:00	139,value
05:54:00	152,value
05:55:00	1270,value
05:56:00	126,value
05:57:00	137,value
05:58:00	193,value
05:59:00	138,value
06:00:00	25482,value
06:01:00	185,value
06:02:00	159,value
06:03:00	182,value
06:04:00	143,value
06:05:00	1632,value
06:06:00	155,value
06:07:00	149,value
06:08:00	206,value
06:09:00	145,value
06:10:00	2590,value
06:11:00	145,value
06:12:00	168,value
06:13:00	171,value
06:14:00	145,value
06:15:00	4059,value
06:16:00	122,value
06:17:00	145,value
06:18:00	180,value
06:19:00	127,value
06:20:00	3266,value
06:21:00	119,value
06:22:00	140,value
06:23:00	150,value
06:24:00	136,value
06:25:00	1460,value
06:26:00	131,value
06:27:00	137,value
06:28:00	179,value
06:29:00	142,value
06:30:00	13956,value
06:31:00	108,value
06:32:00	135,value
06:33:00	124,value
06:34:00	117,value
06:35:00	1212,value
06:36:00	141,value
06:37:00	126,value
06:38:00	150,value
06:39:00	146,value
06:40:00	2949,value
06:41:00	104,value
06:42:00	162,value
06:43:00	141,value
06:44:00	125,value
06:45:00	4821,value
06:46:00	119,value
06:47:00	152,value
06:48:00	178,value
06:49:00	138,value
06:50:00	3491,value
06:51:00	123,value
06:52:00	140,value
06:53:00	143,value
06:54:00	147,value
06:55:00	1262,value
06:56:00	96,value
06:57:00	141,value
06:58:00	203,value
06:59:00	136,value
07:00:00	37696,value
07:01:00	132,value
07:02:00	153,value
07:03:00	162,value
07:04:00	135,value
07:05:00	1670,value
07:06:00	149,value
07:07:00	174,value
07:08:00	178,value
07:09:00	161,value
07:10:00	2835,value
07:11:00	139,value
07:12:00	202,value
07:13:00	170,value
07:14:00	171,value
07:15:00	5359,value
07:16:00	140,value
07:17:00	148,value
07:18:00	193,value
07:19:00	144,value
07:20:00	3945,value
07:21:00	125,value
07:22:00	156,value
07:23:00	166,value
07:24:00	164,value
07:25:00	1619,value
07:26:00	137,value
07:27:00	106,value
07:28:00	154,value
07:29:00	140,value
07:30:00	22199,value
07:31:00	99,value
07:32:00	154,value
07:33:00	127,value
07:34:00	153,value
07:35:00	1688,value
07:36:00	172,value
07:37:00	166,value
07:38:00	230,value
07:39:00	164,value
07:40:00	4579,value
07:41:00	125,value
07:42:00	165,value
07:43:00	165,value
07:44:00	171,value
07:45:00	7613,value
07:46:00	187,value
07:47:00	173,value
07:48:00	255,value
07:49:00	188,value
07:50:00	5431,value
07:51:00	157,value
07:52:00	204,value
07:53:00	174,value
07:54:00	182,value
07:55:00	2041,value
07:56:00	196,value
07:57:00	195,value
07:58:00	254,value
07:59:00	194,value
08:00:00	78411,value
08:01:00	180,value
08:02:00	213,value
08:03:00	209,value
08:04:00	213,value
08:05:00	2297,value
08:06:00	232,value
08:07:00	257,value
08:08:00	265,value
08:09:00	248,value
08:10:00	4613,value
08:11:00	219,value
08:12:00	282,value
08:13:00	234,value
08:14:00	261,value
08:15:00	8280,value
08:16:00	240,value
08:17:00	249,value
08:18:00	277,value
08:19:00	260,value
08:20:00	6173,value
08:21:00	183,value
08:22:00	255,value
08:23:00	296,value
08:24:00	263,value
08:25:00	2545,value
08:26:00	234,value
08:27:00	262,value
08:28:00	286,value
08:29:00	247,value
08:30:00	30966,value
08:31:00	190,value
08:32:00	234,value
08:33:00	230,value
08:34:00	279,value
08:35:00	2306,value
08:36:00	238,value
08:37:00	266,value
08:38:00	301,value
08:39:00	255,value
08:40:00	5783,value
08:41:00	250,value
08:42:00	255,value
08:43:00	290,value
08:44:00	278,value
08:45:00	8469,value
08:46:00	262,value
08:47:00	301,value
08:48:00	324,value
08:49:00	295,value
08:50:00	5807,value
08:51:00	195,value
08:52:00	281,value
08:53:00	291,value
08:54:00	288,value
08:55:00	2450,value
08:56:00	221,value
08:57:00	280,value
08:58:00	399,value
08:59:00	294,value
09:00:00	89653,value
09:01:00	224,value
09:02:00	310,value
09:03:00	315,value
09:04:00	271,value
09:05:00	2448,value
09:06:00	312,value
09:07:00	363,value
09:08:00	380,value
09:09:00	293,value
09:10:00	4551,value
09:11:00	286,value
09:12:00	401,value
09:13:00	320,value
09:14:00	346,value
09:15:00	8616,value
09:16:00	300,value
09:17:00	339,value
09:18:00	400,value
09:19:00	278,value
09:20:00	6118,value
09:21:00	269,value
09:22:00	350,value
09:23:00	323,value
09:24:00	313,value
09:25:00	2788,value
09:26:00	286,value
09:27:00	324,value
09:28:00	379,value
09:29:00	287,value
09:30:00	33259,value
09:31:00	231,value
09:32:00	288,value
09:33:00	309,value
09:34:00	298,value
09:35:00	2448,value
09:36:00	323,value
09:37:00	344,value
09:38:00	369,value
09:39:00	288,value
09:40:00	6075,value
09:41:00	239,value
09:42:00	327,value
09:43:00	326,value
09:44:00	351,value
09:45:00	8364,value
09:46:00	315,value
09:47:00	319,value
09:48:00	441,value
09:49:00	297,value
09:50:00	6130,value
09:51:00	253,value
09:52:00	351,value
09:53:00	320,value
09:54:00	335,value
09:55:00	2488,value
09:56:00	315,value
09:57:00	335,value
09:58:00	419,value
09:59:00	304,value
10:00:00	83969,value
10:01:00	285,value
10:02:00	357,value
10:03:00	427,value
10:04:00	320,value
10:05:00	2443,value
10:06:00	380,value
10:07:00	331,value
10:08:00	405,value
10:09:00	329,value
10:10:00	4330,value
10:11:00	342,value
10:12:00	477,value
10:13:00	398,value
10:14:00	391,value
10:15:00	9262,value
10:16:00	330,value
10:17:00	432,value
10:18:00	467,value
10:19:00	388,value
10:20:00	6791,value
10:21:00	301,value
10:22:00	449,value
10:23:00	409,value
10:24:00	394,value
10:25:00	3172,value
10:26:00	378,value
10:27:00	446,value
10:28:00	467,value
10:29:00	426,value
10:30:00	36168,value
10:31:00	312,value
10:32:00	380,value
10:33:00	325,value
10:34:00	353,value
10:35:00	2880,value
10:36:00	398,value
10:37:00	411,value
10:38:00	517,value
10:39:00	411,value
10:40:00	6563,value
10:41:00	345,value
10:42:00	459,value
10:43:00	485,value
10:44:00	413,value
10:45:00	9511,value
10:46:00	399,value
10:47:00	424,value
10:48:00	559,value
10:49:00	362,value
10:50:00	6987,value
10:51:00	304,value
10:52:00	426,value
10:53:00	384,value
10:54:00	424,value
10:55:00	3095,value
10:56:00	374,value
10:57:00	390,value
10:58:00	563,value
10:59:00	429,value
11:00:00	71247,value
11:01:00	334,value
11:02:00	416,value
11:03:00	469,value
11:04:00	400,value
11:05:00	2928,value
11:06:00	436,value
11:07:00	421,value
11:08:00	573,value
11:09:00	449,value
11:10:00	5462,value
11:11:00	427,value
11:12:00	487,value
11:13:00	458,value
11:14:00	462,value
11:15:00	10273,value
11:16:00	356,value
11:17:00	443,value
11:18:00	556,value
11:19:00	437,value
11:20:00	8179,value
11:21:00	326,value
11:22:00	450,value
11:23:00	517,value
11:24:00	542,value
11:25:00	4156,value
11:26:00	409,value
11:27:00	467,value
11:28:00	580,value
11:29:00	423,value
11:30:00	37897,value
11:31:00	322,value
11:32:00	450,value
11:33:00	494,value
11:34:00	471,value
11:35:00	3647,value
11:36:00	464,value
11:37:00	450,value
11:38:00	640,value
11:39:00	448,value
11:40:00	8090,value
11:41:00	383,value
11:42:00	495,value
11:43:00	545,value
11:44:00	470,value
11:45:00	11705,value
11:46:00	432,value
11:47:00	504,value
11:48:00	631,value
11:49:00	478,value
11:50:00	8796,value
11:51:00	378,value
11:52:00	479,value
11:53:00	501,value
11:54:00	495,value
11:55:00	4131,value
11:56:00	443,value
11:57:00	524,value
11:58:00	677,value
11:59:00	662,value
12:00:00	135632,value
12:01:00	763,value
12:02:00	517,value
12:03:00	505,value
12:04:00	497,value
12:05:00	3986,value
12:06:00	516,value
12:07:00	519,value
12:08:00	652,value
12:09:00	511,value
12:10:00	7183,value
12:11:00	424,value
12:12:00	586,value
12:13:00	547,value
12:14:00	511,value
12:15:00	12183,value
12:16:00	459,value
12:17:00	499,value
12:18:00	712,value
12:19:00	514,value
12:20:00	9346,value
12:21:00	418,value
12:22:00	593,value
12:23:00	595,value
12:24:00	568,value
12:25:00	4629,value
12:26:00	530,value
12:27:00	532,value
12:28:00	689,value
12:29:00	500,value
12:30:00	40029,value
12:31:00	400,value
12:32:00	480,value
12:33:00	512,value
12:34:00	526,value
12:35:00	4324,value
12:36:00	497,value
12:37:00	589,value
12:38:00	707,value
12:39:00	502,value
12:40:00	9332,value
12:41:00	409,value
12:42:00	578,value
12:43:00	610,value
12:44:00	551,value
12:45:00	12638,value
12:46:00	504,value
12:47:00	579,value
12:48:00	728,value
12:49:00	505,value
12:50:00	9995,value
12:51:00	421,value
12:52:00	525,value
12:53:00	576,value
12:54:00	505,value
12:55:00	4536,value
12:56:00	548,value
12:57:00	573,value
12:58:00	720,value
12:59:00	537,value
13:00:00	85639,value
13:01:00	466,value
13:02:00	503,value
13:03:00	489,value
13:04:00	505,value
13:05:00	4250,value
13:06:00	528,value
13:07:00	565,value
13:08:00	717,value
13:09:00	571,value
13:10:00	8305,value
13:11:00	474,value
13:12:00	630,value
13:13:00	652,value
13:14:00	534,value
13:15:00	12531,value
13:16:00	492,value
13:17:00	560,value
13:18:00	746,value
13:19:00	555,value
13:20:00	11083,value
13:21:00	454,value
13:22:00	569,value
13:23:00	568,value
13:24:00	613,value
13:25:00	5504,value
13:26:00	573,value
13:27:00	605,value
13:28:00	724,value
13:29:00	574,value
13:30:00	40344,value
13:31:00	395,value
13:32:00	540,value
13:33:00	688,value
13:34:00	537,value
13:35:00	4908,value
13:36:00	543,value
13:37:00	551,value
13:38:00	750,value
13:39:00	541,value
13:40:00	10439,value
13:41:00	453,value
13:42:00	630,value
13:43:00	607,value
13:44:00	594,value
13:45:00	12671,value
13:46:00	488,value
13:47:00	649,value
13:48:00	804,value
13:49:00	563,value
13:50:00	11531,value
13:51:00	438,value
13:52:00	568,value
13:53:00	576,value
13:54:00	554,value
13:55:00	5157,value
13:56:00	554,value
13:57:00	574,value
13:58:00	777,value
13:59:00	549,value
14:00:00	92385,value
14:01:00	439,value
14:02:00	659,value
14:03:00	558,value
14:04:00	474,value
14:05:00	4657,value
14:06:00	590,value
14:07:00	598,value
14:08:00	726,value
14:09:00	589,value
14:10:00	9372,value
14:11:00	556,value
14:12:00	727,value
14:13:00	630,value
14:14:00	683,value
14:15:00	14072,value
14:16:00	560,value
14:17:00	649,value
14:18:00	850,value
14:19:00	580,value
14:20:00	13243,value
14:21:00	539,value
14:22:00	640,value
14:23:00	658,value
14:24:00	607,value
14:25:00	6496,value
14:26:00	623,value
14:27:00	669,value
14:28:00	895,value
14:29:00	590,value
14:30:00	48521,value
14:31:00	427,value
14:32:00	608,value
14:33:00	604,value
14:34:00	543,value
14:35:00	5772,value
14:36:00	597,value
14:37:00	593,value
14:38:00	793,value
14:39:00	592,value
14:40:00	12523,value
14:41:00	463,value
14:42:00	669,value
14:43:00	601,value
14:44:00	592,value
14:45:00	15797,value
14:46:00	544,value
14:47:00	665,value
14:48:00	838,value
14:49:00	546,value
14:50:00	13582,value
14:51:00	446,value
14:52:00	612,value
14:53:00	635,value
14:54:00	506,value
14:55:00	6004,value
14:56:00	533,value
14:57:00	663,value
14:58:00	840,value
14:59:00	552,value
15:00:00	116221,value
15:01:00	713,value
15:02:00	577,value
15:03:00	709,value
15:04:00	519,value
15:05:00	5518,value
15:06:00	544,value
15:07:00	633,value
15:08:00	815,value
15:09:00	619,value
15:10:00	11440,value
15:11:00	606,value
15:12:00	707,value
15:13:00	667,value
15:14:00	599,value
15:15:00	16607,value
15:16:00	547,value
15:17:00	630,value
15:18:00	887,value
15:19:00	604,value
15:20:00	13939,value
15:21:00	495,value
15:22:00	624,value
15:23:00	664,value
15:24:00	607,value
15:25:00	6546,value
15:26:00	536,value
15:27:00	624,value
15:28:00	772,value
15:29:00	559,value
15:30:00	53508,value
15:31:00	423,value
15:32:00	580,value
15:33:00	635,value
15:34:00	584,value
15:35:00	5905,value
15:36:00	569,value
15:37:00	693,value
15:38:00	797,value
15:39:00	633,value
15:40:00	13405,value
15:41:00	441,value
15:42:00	668,value
15:43:00	744,value
15:44:00	588,value
15:45:00	16361,value
15:46:00	534,value
15:47:00	658,value
15:48:00	765,value
15:49:00	618,value
15:50:00	13004,value
15:51:00	504,value
15:52:00	561,value
15:53:00	621,value
15:54:00	582,value
15:55:00	6202,value
15:56:00	522,value
15:57:00	627,value
15:58:00	836,value
15:59:00	537,value
16:00:00	103993,value
16:01:00	503,value
16:02:00	574,value
16:03:00	594,value
16:04:00	616,value
16:05:00	5476,value
16:06:00	540,value
16:07:00	624,value
16:08:00	852,value
16:09:00	641,value
16:10:00	10572,value
16:11:00	604,value
16:12:00	822,value
16:13:00	679,value
16:14:00	700,value
16:15:00	15336,value
16:16:00	654,value
16:17:00	668,value
16:18:00	885,value
16:19:00	647,value
16:20:00	13355,value
16:21:00	484,value
16:22:00	691,value
16:23:00	743,value
16:24:00	681,value
16:25:00	6828,value
16:26:00	554,value
16:27:00	676,value
16:28:00	865,value
16:29:00	567,value
16:30:00	52368,value
16:31:00	444,value
16:32:00	645,value
16:33:00	598,value
16:34:00	627,value
16:35:00	6026,value
16:36:00	576,value
16:37:00	637,value
16:38:00	825,value
16:39:00	659,value
16:40:00	12345,value
16:41:00	554,value
16:42:00	722,value
16:43:00	721,value
16:44:00	675,value
16:45:00	15674,value
16:46:00	578,value
16:47:00	654,value
16:48:00	915,value
16:49:00	630,value
16:50:00	12281,value
16:51:00	528,value
16:52:00	625,value
16:53:00	645,value
16:54:00	646,value
16:55:00	5734,value
16:56:00	564,value
16:57:00	587,value
16:58:00	823,value
16:59:00	558,value
17:00:00	103510,value
17:01:00	539,value
17:02:00	633,value
17:03:00	634,value
17:04:00	600,value
17:05:00	5572,value
17:06:00	619,value
17:07:00	621,value
17:08:00	901,value
17:09:00	668,value
17:10:00	10288,value
17:11:00	630,value
17:12:00	797,value
17:13:00	690,value
17:14:00	656,value
17:15:00	15564,value
17:16:00	558,value
17:17:00	754,value
17:18:00	947,value
17:19:00	671,value
17:20:00	13081,value
17:21:00	533,value
17:22:00	642,value
17:23:00	759,value
17:24:00	622,value
17:25:00	6682,value
17:26:00	598,value
17:27:00	616,value
17:28:00	900,value
17:29:00	609,value
17:30:00	52670,value
17:31:00	447,value
17:32:00	617,value
17:33:00	609,value
17:34:00	652,value
17:35:00	5814,value
17:36:00	657,value
17:37:00	696,value
17:38:00	820,value
17:39:00	594,value
17:40:00	11707,value
17:41:00	489,value
17:42:00	697,value
17:43:00	721,value
17:44:00	621,value
17:45:00	15954,value
17:46:00	579,value
17:47:00	618,value
17:48:00	905,value
17:49:00	614,value
17:50:00	12804,value
17:51:00	514,value
17:52:00	615,value
17:53:00	654,value
17:54:00	624,value
17:55:00	5883,value
17:56:00	590,value
17:57:00	644,value
17:58:00	808,value
17:59:00	538,value
18:00:00	112102,value
18:01:00	508,value
18:02:00	637,value
18:03:00	624,value
18:04:00	585,value
18:05:00	5344,value
18:06:00	625,value
18:07:00	653,value
18:08:00	757,value
18:09:00	633,value
18:10:00	9931,value
18:11:00	552,value
18:12:00	766,value
18:13:00	696,value
18:14:00	651,value
18:15:00	15380,value
18:16:00	604,value
18:17:00	662,value
18:18:00	909,value
18:19:00	635,value
18:20:00	13162,value
18:21:00	542,value
18:22:00	717,value
18:23:00	702,value
18:24:00	701,value
18:25:00	6614,value
18:26:00	648,value
18:27:00	745,value
18:28:00	797,value
18:29:00	678,value
18:30:00	53486,value
18:31:00	451,value
18:32:00	710,value
18:33:00	608,value
18:34:00	634,value
18:35:00	5782,value
18:36:00	650,value
18:37:00	668,value
18:38:00	809,value
18:39:00	661,value
18:40:00	12266,value
18:41:00	533,value
18:42:00	646,value
18:43:00	747,value
18:44:00	731,value
18:45:00	15897,value
18:46:00	625,value
18:47:00	650,value
18:48:00	879,value
18:49:00	632,value
18:50:00	12691,value
18:51:00	459,value
18:52:00	655,value
18:53:00	644,value
18:54:00	598,value
18:55:00	6015,value
18:56:00	625,value
18:57:00	702,value
18:58:00	837,value
18:59:00	587,value
19:00:00	100289,value
19:01:00	569,value
19:02:00	689,value
19:03:00	721,value
19:04:00	600,value
19:05:00	5589,value
19:06:00	606,value
19:07:00	734,value
19:08:00	851,value
19:09:00	688,value
19:10:00	10191,value
19:11:00	624,value
19:12:00	799,value
19:13:00	725,value
19:14:00	704,value
19:15:00	15433,value
19:16:00	603,value
19:17:00	785,value
19:18:00	948,value
19:19:00	756,value
19:20:00	13486,value
19:21:00	614,value
19:22:00	712,value
19:23:00	763,value
19:24:00	704,value
19:25:00	6898,value
19:26:00	677,value
19:27:00	745,value
19:28:00	914,value
19:29:00	672,value
19:30:00	53571,value
19:31:00	509,value
19:32:00	678,value
19:33:00	659,value
19:34:00	668,value
19:35:00	6282,value
19:36:00	687,value
19:37:00	694,value
19:38:00	886,value
19:39:00	683,value
19:40:00	12284,value
19:41:00	574,value
19:42:00	669,value
19:43:00	683,value
19:44:00	680,value
19:45:00	15681,value
19:46:00	580,value
19:47:00	722,value
19:48:00	895,value
19:49:00	683,value
19:50:00	13189,value
19:51:00	534,value
19:52:00	644,value
19:53:00	674,value
19:54:00	587,value
19:55:00	6167,value
19:56:00	609,value
19:57:00	722,value
19:58:00	762,value
19:59:00	582,value
20:00:00	106703,value
20:01:00	603,value
20:02:00	635,value
20:03:00	663,value
20:04:00	601,value
20:05:00	5795,value
20:06:00	676,value
20:07:00	704,value
20:08:00	918,value
20:09:00	676,value
20:10:00	10964,value
20:11:00	670,value
20:12:00	899,value
20:13:00	764,value
20:14:00	766,value
20:15:00	15255,value
20:16:00	627,value
20:17:00	736,value
20:18:00	1045,value
20:19:00	670,value
20:20:00	12219,value
20:21:00	560,value
20:22:00	699,value
20:23:00	737,value
20:24:00	676,value
20:25:00	6627,value
20:26:00	621,value
20:27:00	635,value
20:28:00	846,value
20:29:00	606,value
20:30:00	50511,value
20:31:00	439,value
20:32:00	659,value
20:33:00	621,value
20:34:00	703,value
20:35:00	6098,value
20:36:00	632,value
20:37:00	639,value
20:38:00	839,value
20:39:00	674,value
20:40:00	11554,value
20:41:00	540,value
20:42:00	599,value
20:43:00	776,value
20:44:00	656,value
20:45:00	14688,value
20:46:00	590,value
20:47:00	649,value
20:48:00	853,value
20:49:00	618,value
20:50:00	11544,value
20:51:00	486,value
20:52:00	641,value
20:53:00	678,value
20:54:00	552,value
20:55:00	5798,value
20:56:00	591,value
20:57:00	640,value
20:58:00	823,value
20:59:00	531,value
21:00:00	92015,value
21:01:00	482,value
21:02:00	520,value
21:03:00	634,value
21:04:00	605,value
21:05:00	5369,value
21:06:00	603,value
21:07:00	584,value
21:08:00	917,value
21:09:00	683,value
21:10:00	9895,value
21:11:00	556,value
21:12:00	690,value
21:13:00	661,value
21:14:00	619,value
21:15:00	13690,value
21:16:00	534,value
21:17:00	661,value
21:18:00	893,value
21:19:00	623,value
21:20:00	11938,value
21:21:00	515,value
21:22:00	629,value
21:23:00	683,value
21:24:00	624,value
21:25:00	6185,value
21:26:00	556,value
21:27:00	657,value
21:28:00	768,value
21:29:00	612,value
21:30:00	48643,value
21:31:00	452,value
21:32:00	578,value
21:33:00	614,value
21:34:00	614,value
21:35:00	5593,value
21:36:00	628,value
21:37:00	608,value
21:38:00	829,value
21:39:00	576,value
21:40:00	11450,value
21:41:00	467,value
21:42:00	636,value
21:43:00	698,value
21:44:00	624,value
21:45:00	13993,value
21:46:00	519,value
21:47:00	648,value
21:48:00	881,value
21:49:00	565,value
21:50:00	11349,value
21:51:00	475,value
21:52:00	588,value
21:53:00	594,value
21:54:00	569,value
21:55:00	5159,value
21:56:00	516,value
21:57:00	548,value
21:58:00	743,value
21:59:00	523,value
22:00:00	90635,value
22:01:00	509,value
22:02:00	558,value
22:03:00	594,value
22:04:00	561,value
22:05:00	5064,value
22:06:00	561,value
22:07:00	584,value
22:08:00	759,value
22:09:00	564,value
22:10:00	9838,value
22:11:00	491,value
22:12:00	633,value
22:13:00	637,value
22:14:00	611,value
22:15:00	13088,value
22:16:00	534,value
22:17:00	608,value
22:18:00	814,value
22:19:00	591,value
22:20:00	10653,value
22:21:00	445,value
22:22:00	594,value
22:23:00	652,value
22:24:00	594,value
22:25:00	5847,value
22:26:00	513,value
22:27:00	501,value
22:28:00	734,value
22:29:00	497,value
22:30:00	44927,value
22:31:00	370,value
22:32:00	567,value
22:33:00	526,value
22:34:00	509,value
22:35:00	5342,value
22:36:00	536,value
22:37:00	560,value
22:38:00	767,value
22:39:00	556,value
22:40:00	10586,value
22:41:00	457,value
22:42:00	570,value
22:43:00	607,value
22:44:00	523,value
22:45:00	12296,value
22:46:00	500,value
22:47:00	555,value
22:48:00	718,value
22:49:00	537,value
22:50:00	11301,value
22:51:00	427,value
22:52:00	546,value
22:53:00	539,value
22:54:00	451,value
22:55:00	4625,value
22:56:00	466,value
22:57:00	516,value
22:58:00	738,value
22:59:00	482,value
23:00:00	77310,value
23:01:00	458,value
23:02:00	510,value
23:03:00	520,value
23:04:00	507,value
23:05:00	4778,value
23:06:00	496,value
23:07:00	563,value
23:08:00	725,value
23:09:00	576,value
23:10:00	8796,value
23:11:00	531,value
23:12:00	625,value
23:13:00	533,value
23:14:00	592,value
23:15:00	12616,value
23:16:00	451,value
23:17:00	557,value
23:18:00	783,value
23:19:00	539,value
23:20:00	10080,value
23:21:00	424,value
23:22:00	518,value
23:23:00	584,value
23:24:00	533,value
23:25:00	5055,value
23:26:00	417,value
23:27:00	500,value
23:28:00	625,value
23:29:00	489,value
23:30:00	41464,value
23:31:00	373,value
23:32:00	472,value
23:33:00	626,value
23:34:00	448,value
23:35:00	5701,value
23:36:00	463,value
23:37:00	507,value
23:38:00	661,value
23:39:00	487,value
23:40:00	10197,value
23:41:00	389,value
23:42:00	537,value
23:43:00	544,value
23:44:00	498,value
23:45:00	13040,value
23:46:00	474,value
23:47:00	557,value
23:48:00	668,value
23:49:00	518,value
23:50:00	11270,value
23:51:00	415,value
23:52:00	531,value
23:53:00	524,value
23:54:00	478,value
23:55:00	5584,value
23:56:00	465,value
23:57:00	542,value
23:58:00	777,value
23:59:00	2193,value
24:00:00	903,value
NULL	48,value
string	951,dtype
timestamp	5100271,dtype
time	5101222,stype
INVALID	903,label
NULL	48,label
VALID	5100271,label
