1010 EAST 178TH STREET	1,value
1162-1176 WASHINGTON AVENUE	318,value
131 SAINT NICHOLAS AVENUE	232,value
1471 WATSON AVENUE	224,value
303 VERNON AVENUE	646,value
33-35 SARATOGA AVENUE	365,value
344 EAST 28TH STREET	1,value
45 ALLEN STREET	111,value
572 WARREN STREET	342,value
830 AMSTERDAM AVENUE	432,value
ADAMS	1930,value
ALBANY	2004,value
ALBANY II	1065,value
AMSTERDAM	1095,value
ARMSTRONG I	1395,value
ARMSTRONG II	1538,value
ASTORIA	1564,value
ATLANTIC TERMINAL SITE 4B	656,value
AUDUBON	362,value
BAILEY AVENUE-WEST 193RD STREET	484,value
BAISLEY PARK	337,value
BARUCH	3147,value
BARUCH HOUSES ADDITION	120,value
BAY VIEW	1852,value
BAYCHESTER	31,value
BAYSIDE-OCEAN BAY APTS	1256,value
BEACH 41ST STREET-BEACH CHANNEL DRIVE	523,value
BEDFORD-STUYVESANT REHAB	191,value
BELMONT-SUTTER AREA	231,value
BERRY	789,value
BERRY STREET-SOUTH 9TH STREET	147,value
BETANCES I	615,value
BETANCES III	55,value
BETANCES VI	17,value
BETHUNE GARDENS	86,value
BLAND	594,value
BORINQUEN PLAZA I	1603,value
BORINQUEN PLAZA II	1305,value
BOSTON ROAD PLAZA	92,value
BOSTON SECOR	1208,value
BOULEVARD	2821,value
BOYNTON AVENUE REHAB	257,value
BREUKELEN	662,value
BREVOORT	1938,value
BRONX RIVER	1904,value
BRONX RIVER ADDITION	99,value
BRONXCHESTER	1,value
BRONXDALE	3485,value
BROWN	12,value
BROWNSVILLE	3579,value
BRYANT AVENUE-EAST 174TH STREET	83,value
BUSHWICK	3052,value
BUSHWICK II (GROUPS A & C)	537,value
BUSHWICK II (GROUPS B & D)	579,value
BUSHWICK II CDA (GROUP E)	307,value
BUTLER	3960,value
CAMPOS PLAZA I	311,value
CAREY GARDENS	11,value
CARLETON MANOR	402,value
CARVER	503,value
CASSIDY-LAFAYETTE	134,value
CASTLE HILL	5495,value
CLAREMONT PARKWAY-FRANKLIN AVENUE	187,value
CLAREMONT REHAB (GROUP 2)	494,value
CLAREMONT REHAB (GROUP 3)	219,value
CLAREMONT REHAB (GROUP 4)	357,value
CLAREMONT REHAB (GROUP 5)	400,value
CLASON POINT GARDENS	943,value
CLINTON	2100,value
COLLEGE AVENUE-EAST 165TH STREET	125,value
CONEY ISLAND	716,value
CONEY ISLAND I (SITE 1B)	848,value
COOPER PARK	1473,value
CROWN HEIGHTS	209,value
CYPRESS HILLS	2998,value
DAVIDSON	673,value
DE HOSTOS APARTMENTS	11,value
DOUGLASS	3749,value
DOUGLASS ADDITION	500,value
DYCKMAN	599,value
EAGLE AVENUE-EAST 163RD STREET	251,value
EAST 165TH STREET-BRYANT AVENUE	111,value
EAST 173RD STREET-VYSE AVENUE	459,value
EAST 180TH STREET-MONTEREY AVENUE	271,value
EAST NEW YORK CITY LINE	217,value
EASTCHESTER GARDENS	1580,value
EDENWALD	752,value
FARRAGUT	3673,value
FENIMORE-LEFFERTS	102,value
FIORENTINO PLAZA	763,value
FIRST HOUSES	32,value
FOREST	1094,value
FOREST HILLS COOP (108TH STREET-62ND DRIVE)	1,value
FORT INDEPENDENCE STREET-HEATH AVENUE	853,value
FORT WASHINGTON AVENUE REHAB	116,value
FRANKLIN AVENUE I CONVENTIONAL	69,value
FRANKLIN AVENUE I MHOP	28,value
FRANKLIN AVENUE II CONVENTIONAL	64,value
FRANKLIN AVENUE II MHOP	2,value
FRANKLIN AVENUE III CONVENTIONAL	22,value
FRANKLIN AVENUE III MHOP	1,value
FULTON	2,value
GARVEY (GROUP A)	1007,value
GLEBE AVENUE-WESTCHESTER AVENUE	89,value
GLENMORE PLAZA	20,value
GLENWOOD	1568,value
GOMPERS	1093,value
GOWANUS	2158,value
GRAMPION	162,value
GRANT	3886,value
GRAVESEND	253,value
GUN HILL	810,value
HABER	5,value
HAMMEL	1276,value
HARLEM RIVER	241,value
HARRISON AVENUE REHAB (GROUP A)	39,value
HARRISON AVENUE REHAB (GROUP B)	223,value
HERNANDEZ	219,value
HIGHBRIDGE GARDENS	1459,value
HIGHBRIDGE REHABS (ANDERSON AVENUE)	241,value
HIGHBRIDGE REHABS (NELSON AVENUE)	211,value
HOE AVENUE-EAST 173RD STREET	132,value
HOPE GARDENS	429,value
HOWARD	1655,value
HOWARD AVENUE	426,value
HOWARD AVENUE-PARK PLACE	420,value
HUGHES APARTMENTS	1727,value
HYLAN	444,value
INDEPENDENCE	805,value
INGERSOLL	2947,value
JACKSON	1416,value
JEFFERSON	1,value
JENNINGS STREET	44,value
JOHNSON	2476,value
KING TOWERS	775,value
KINGSBOROUGH 73	2,value
KINGSBOROUGH 77	41,value
LA GUARDIA	1985,value
LA GUARDIA ADDITION	41,value
LAFAYETTE	1544,value
LATIMER GARDENS	277,value
LAVANBURG HOMES	299,value
LEHMAN	750,value
LENOX ROAD-ROCKAWAY PARKWAY	135,value
LEXINGTON	281,value
LINCOLN	3980,value
LINDEN	3718,value
LONG ISLAND BAPTIST HOUSES	946,value
LONGFELLOW AVENUE REHAB	228,value
LOW HOUSES	1782,value
LOWER EAST SIDE I INFILL	245,value
LOWER EAST SIDE II	22,value
LOWER EAST SIDE REHAB (GROUP 5)	102,value
MACOMBS ROAD	84,value
MANHATTANVILLE	2664,value
MANHATTANVILLE REHAB (GROUP 2)	22,value
MARBLE HILL	1579,value
MARCY	4298,value
MARCY AVENUE-GREENE AVENUE SITE A	126,value
MARCY AVENUE-GREENE AVENUE SITE B	111,value
MARINER'S HARBOR	1573,value
MARKHAM GARDENS	486,value
MARLBORO	1411,value
MARSHALL PLAZA	61,value
MCKINLEY	428,value
MELROSE	938,value
METRO NORTH REHAB	2,value
MIDDLETOWN PLAZA	32,value
MILBANK-FRAWLEY	185,value
MILL BROOK	1042,value
MILL BROOK EXTENSION	457,value
MITCHEL	2710,value
MONROE	2912,value
MOORE	921,value
MORRIS HEIGHTS REHAB	150,value
MORRIS I	1677,value
MORRIS II	1517,value
MORRISANIA	378,value
MORRISANIA AIR RIGHTS 42	310,value
MOTT HAVEN	601,value
MURPHY	839,value
NEW LANE AREA	43,value
NOSTRAND	2093,value
NULL	4848018,value
O'DWYER GARDENS	55,value
OCEAN HILL APARTMENTS	237,value
OCEAN HILL-BROWNSVILLE	465,value
OCEANSIDE-OCEAN BAY APTS	79,value
PALMETTO GARDENS	30,value
PARK ROCK REHAB	339,value
PARKSIDE	1434,value
PATTERSON	1459,value
PELHAM PARKWAY	1998,value
PENNSYLVANIA AVENUE-WORTMAN AVENUE	915,value
PINK	3640,value
POMONOK	3131,value
PROSPECT PLAZA	22,value
QUEENSBRIDGE NORTH	745,value
QUEENSBRIDGE SOUTH	798,value
RALPH AVENUE REHAB	307,value
RANDALL AVENUE-BALCOM AVENUE	111,value
RANGEL	1978,value
RED HOOK EAST	2261,value
RED HOOK WEST	2967,value
REDFERN	1294,value
REID APARTMENTS	77,value
RICHMOND TERRACE	1562,value
RIIS	1309,value
RIIS II	797,value
ROBINSON	8,value
ROOSEVELT I	753,value
ROOSEVELT II	795,value
RUTGERS	1022,value
RUTLAND TOWERS	108,value
SACK WERN	954,value
SAINT MARY'S PARK	1973,value
SAMUEL (CITY)	129,value
SARATOGA SQUARE	137,value
SEDGWICK	257,value
SEWARD PARK EXTENSION	966,value
SHEEPSHEAD BAY	2247,value
SMITH	2758,value
SOUNDVIEW	3368,value
SOUTH BEACH	1109,value
SOUTH BRONX AREA (SITE 402)	281,value
SOUTHERN BOULEVARD	100,value
STAPLETON	2237,value
STEBBINS AVENUE-HEWITT PLACE	145,value
STERLING PLACE REHAB (SAINT JOHNS-STERLING)	309,value
STERLING PLACE REHAB (STERLING-BUFFALO)	430,value
STUYVESANT GARDENS I	996,value
SUMNER	2292,value
SUTTER AVENUE-UNION STREET	231,value
TAFT	1596,value
TAFT REHABS (REHAB PROGRAM)	9,value
TAPSCOTT STREET REHAB	383,value
TAYLOR STREET-WYTHE AVENUE	494,value
TELLER AVENUE-EAST 166TH STREET	280,value
THROGGS NECK	3142,value
THROGGS NECK ADDITION	667,value
TILDEN	2909,value
TODT HILL	842,value
TOMPKINS	3072,value
TWIN PARKS EAST (SITE 9)	102,value
TWIN PARKS WEST (SITE 1 & 2)	380,value
TWO BRIDGES URA (SITE 7)	248,value
UNION AVENUE-EAST 163RD STREET	132,value
UNION AVENUE-EAST 166TH STREET	276,value
UNITY PLAZA (SITES 17,24,25A)	646,value
UNITY PLAZA (SITES 4-27)	1416,value
UNIVERSITY AVENUE REHAB	505,value
UPACA (SITE 5)	123,value
UPACA (SITE 6)	113,value
VAN DYKE I	4585,value
VAN DYKE II	68,value
VANDALIA AVENUE	91,value
VLADECK	1595,value
VLADECK II	285,value
WAGNER	1409,value
WALD	1890,value
WASHINGTON HEIGHTS REHAB (GROUPS 1&2)	5,value
WASHINGTON HEIGHTS REHAB PHASE III	22,value
WEBSTER	1270,value
WEEKSVILLE GARDENS	941,value
WEST BRIGHTON I	1847,value
WEST BRIGHTON II	99,value
WEST FARMS ROAD REHAB	247,value
WEST TREMONT AVENUE-SEDGWICK AVENUE AREA	90,value
WEST TREMONT REHAB (GROUP 1)	57,value
WEST TREMONT REHAB (GROUP 2)	64,value
WEST TREMONT REHAB (GROUP 3)	136,value
WHITMAN	2980,value
WILLIAMS PLAZA	633,value
WILLIAMSBURG	2593,value
WOODSIDE	834,value
WOODSON	229,value
WSUR (SITE B) 74 WEST 92ND STREET	11,value
WSUR (SITE C) 589 AMSTERDAM AVENUE	619,value
WYCKOFF GARDENS	809,value
string	5101222,dtype
address	5101222,stype
NULL	4848018,label
VALID	253204,label
