101	4574,value
102	93,value
103	33,value
104	13791,value
105	198774,value
106	184124,value
107	191405,value
109	429204,value
110	102061,value
111	9113,value
112	56768,value
113	49304,value
114	13984,value
115	122,value
116	10855,value
117	62683,value
118	50563,value
119	48,value
120	389,value
121	72421,value
122	122,value
123	4,value
124	2305,value
125	3756,value
126	112265,value
230	300,value
231	2477,value
232	20377,value
233	44130,value
234	111,value
235	285801,value
236	73680,value
237	168,value
238	2645,value
340	32057,value
341	822507,value
342	908,value
343	12511,value
344	521609,value
345	1468,value
346	750,value
347	73733,value
348	59141,value
349	47,value
350	1902,value
351	433368,value
352	66549,value
353	13826,value
354	95,value
355	12341,value
356	618,value
357	11,value
358	17738,value
359	100134,value
360	16064,value
361	283102,value
362	3,value
363	810,value
364	5994,value
365	9939,value
366	45,value
455	59,value
460	16,value
571	207,value
572	829,value
577	3,value
578	604141,value
672	20,value
675	1450,value
676	31,value
677	239,value
678	8476,value
685	18,value
881	13,value
int	5101222,dtype
code	5101222,stype
VALID	5101222,label
