ABORTION	4,value
ADMINISTRATIVE CODE	11383,value
ADMINISTRATIVE CODES	18,value
AGRICULTURE & MRKTS LAW-UNCLASSIFIED	83,value
ALCOHOLIC BEVERAGE CONTROL LAW	750,value
ANTICIPATORY OFFENSES	95,value
ARSON	13984,value
ASSAULT 3 & RELATED OFFENSES	521536,value
BURGLAR'S TOOLS	2477,value
BURGLARY	191404,value
CHILD ABANDONMENT/NON SUPPORT	367,value
CRIMINAL MISCHIEF & RELATED OF	505774,value
CRIMINAL TRESPASS	66544,value
DANGEROUS DRUGS	348469,value
DANGEROUS WEAPONS	124235,value
DISORDERLY CONDUCT	829,value
DISRUPTION OF A RELIGIOUS SERV	47,value
ENDAN WELFARE INCOMP	144,value
ESCAPE 3	167,value
FELONY ASSAULT	184069,value
FORGERY	49303,value
FORTUNE TELLING	11,value
FRAUDS	32054,value
FRAUDULENT ACCOSTING	2645,value
GAMBLING	2023,value
GRAND LARCENY	429195,value
GRAND LARCENY OF MOTOR VEHICLE	102061,value
HARRASSMENT 2	604070,value
HOMICIDE-NEGLIGENT,UNCLASSIFIE	33,value
HOMICIDE-NEGLIGENT-VEHICLE	93,value
INTOXICATED & IMPAIRED DRIVING	73730,value
INTOXICATED/IMPAIRED DRIVING	48,value
JOSTLING	299,value
KIDNAPPING	2,value
KIDNAPPING & RELATED OFFENSES	2300,value
KIDNAPPING AND RELATED OFFENSES	2,value
LOITERING	20,value
LOITERING FOR DRUG PURPOSES	23,value
LOITERING/DEVIATE SEX	16,value
LOITERING/GAMBLING (CARDS, DIC	207,value
MISCELLANEOUS PENAL LAW	118720,value
MURDER & NON-NEGL. MANSLAUGHTER	4574,value
NEW YORK CITY HEALTH CODE	75,value
NULL	18840,value
NYS LAWS-UNCLASSIFIED FELONY	3755,value
NYS LAWS-UNCLASSIFIED VIOLATION	6,value
OFF. AGNST PUB ORD SENSBLTY &	283065,value
OFFENSES AGAINST MARRIAGE UNCL	3,value
OFFENSES AGAINST PUBLIC ADMINI	100118,value
OFFENSES AGAINST PUBLIC SAFETY	810,value
OFFENSES AGAINST THE PERSON	12339,value
OFFENSES INVOLVING FRAUD	17736,value
OFFENSES RELATED TO CHILDREN	1346,value
OTHER OFFENSES RELATED TO THEF	9731,value
OTHER STATE LAWS	233,value
OTHER STATE LAWS (NON PENAL LA	5505,value
OTHER STATE LAWS (NON PENAL LAW)	4,value
OTHER TRAFFIC INFRACTION	13,value
PETIT LARCENY	822497,value
PETIT LARCENY OF MOTOR VEHICLE	908,value
POSSESSION OF STOLEN PROPERTY	29488,value
PROSTITUTION & RELATED OFFENSES	842,value
RAPE	13791,value
ROBBERY	198772,value
SEX CRIMES	54970,value
THEFT OF SERVICES	2778,value
THEFT-FRAUD	56762,value
UNAUTHORIZED USE OF A VEHICLE	13826,value
UNDER THE INFLUENCE OF DRUGS	3,value
UNLAWFUL POSS. WEAP. ON SCHOOL	59,value
VEHICLE AND TRAFFIC LAWS	59139,value
string	5101222,dtype
description	5101222,stype
NULL	18840,label
VALID	5082382,label
