101	438129,value
104	220,value
105	11648,value
106	18376,value
107	51,value
109	154046,value
110	786,value
111	863,value
112	704,value
113	70184,value
114	12369,value
115	9660,value
117	17842,value
119	3,value
121	15,value
122	78,value
125	33,value
143	4,value
146	1,value
148	1,value
153	1821,value
155	1605,value
157	8940,value
159	1426,value
162	3,value
164	302,value
166	220,value
168	3430,value
170	2907,value
174	265,value
175	26779,value
176	135,value
177	1467,value
178	2,value
179	4243,value
180	288,value
181	1631,value
183	1003,value
184	2,value
185	315,value
186	12,value
187	176,value
191	977,value
193	806,value
195	70,value
197	1315,value
198	54031,value
199	1176,value
201	1634,value
203	6543,value
204	2446,value
205	60001,value
209	2477,value
211	12389,value
213	23739,value
214	4387,value
221	82515,value
223	40815,value
224	14121,value
231	4908,value
233	2539,value
234	642,value
241	1449,value
243	2528,value
244	1372,value
248	15,value
254	188807,value
256	6277,value
258	89416,value
259	146449,value
261	161,value
263	9203,value
264	4621,value
265	33,value
266	432,value
267	34445,value
268	3582,value
269	30813,value
271	852,value
273	3111,value
275	20,value
277	1435,value
281	12,value
283	19,value
285	22,value
289	27,value
291	40,value
293	99,value
297	49,value
299	15,value
301	8052,value
303	4997,value
305	6496,value
307	4895,value
313	6702,value
321	178035,value
323	138,value
327	66,value
329	279,value
331	126,value
333	215446,value
335	2202,value
338	221734,value
339	76593,value
341	469,value
342	17,value
343	26579,value
344	36,value
345	24,value
347	1049,value
349	36251,value
350	226,value
351	191,value
355	5,value
357	32804,value
360	396,value
361	3104,value
363	333,value
365	195,value
366	1455,value
367	2930,value
371	231,value
373	55,value
375	998,value
377	2189,value
379	807,value
380	1797,value
381	28,value
382	5121,value
384	8410,value
385	164,value
386	21717,value
387	2,value
388	17410,value
389	6367,value
390	2693,value
391	1554,value
392	1885,value
393	185,value
394	10,value
395	597,value
396	3,value
397	99645,value
398	6745,value
399	11747,value
401	7710,value
402	2354,value
403	15186,value
404	5369,value
405	42892,value
406	3752,value
407	6692,value
408	1521,value
409	2105,value
410	3022,value
411	3088,value
412	6332,value
413	3363,value
414	3073,value
415	13510,value
416	2447,value
417	8547,value
418	2341,value
419	49615,value
420	3138,value
421	48550,value
422	3828,value
423	118,value
424	4140,value
425	3070,value
426	455,value
427	4,value
428	672,value
429	51,value
430	1419,value
431	168,value
432	704,value
433	12426,value
434	138,value
435	692,value
436	15,value
437	1348,value
438	121738,value
439	26652,value
441	91883,value
442	1184,value
443	3137,value
445	58,value
447	260,value
450	380,value
451	7520,value
455	1096,value
457	13499,value
461	5368,value
462	13826,value
464	299,value
466	2645,value
468	11,value
475	2778,value
476	17,value
477	339,value
478	9581,value
479	354,value
489	1786,value
490	20242,value
491	135,value
493	1819,value
494	7046,value
498	247,value
500	11460,value
501	3411,value
502	1670,value
503	20588,value
505	1714,value
507	1428,value
508	1786,value
509	587,value
510	3605,value
511	99943,value
512	2358,value
513	5,value
514	806,value
515	4788,value
519	434,value
520	404,value
521	5585,value
522	1,value
523	2,value
524	247,value
529	45,value
530	24,value
531	149,value
532	46,value
533	31,value
537	82,value
544	1455,value
548	333,value
553	42,value
557	80,value
561	6,value
563	149,value
565	396,value
566	5769,value
567	173044,value
568	2970,value
569	10427,value
570	946,value
574	4,value
576	107,value
584	16,value
585	29,value
586	23,value
587	30,value
588	15,value
589	3,value
591	69,value
593	14,value
594	142,value
595	59,value
596	675,value
602	16,value
604	23,value
605	64,value
610	207,value
614	2,value
618	9,value
619	18,value
622	3,value
625	842,value
627	47,value
633	167,value
637	235959,value
638	368119,value
639	281278,value
640	3843,value
641	50,value
643	977,value
644	729,value
645	129,value
646	3,value
647	462,value
648	10,value
649	5965,value
652	766,value
659	322,value
661	8031,value
662	32,value
663	46,value
664	6,value
665	495,value
669	27,value
672	141,value
674	132,value
678	1,value
681	14081,value
683	1124,value
685	3,value
687	94,value
688	122,value
689	3,value
691	17,value
693	7,value
694	2,value
695	367,value
696	204,value
697	15,value
698	22,value
701	111,value
703	463,value
705	17527,value
706	86,value
707	13347,value
708	2256,value
711	197,value
715	13,value
718	17925,value
719	145,value
721	64,value
723	3480,value
724	741,value
725	3747,value
727	573,value
729	41503,value
730	1019,value
731	1234,value
733	14,value
737	4,value
739	54563,value
742	167,value
744	1647,value
746	84,value
748	15917,value
749	30952,value
750	28238,value
754	79,value
756	17,value
759	25229,value
760	11522,value
761	650,value
762	242,value
764	565,value
766	95,value
770	177,value
772	384,value
775	31,value
779	3303,value
780	43,value
781	491,value
782	73653,value
784	13,value
786	4,value
787	2,value
788	539,value
789	233,value
792	9024,value
793	41046,value
796	3,value
797	16,value
799	255,value
802	750,value
803	33,value
808	396,value
809	3535,value
811	42,value
812	200,value
814	1,value
815	1,value
817	41,value
818	40,value
819	1,value
820	2,value
821	10,value
822	10,value
826	282,value
827	4,value
829	115,value
836	2,value
839	1,value
840	10,value
841	125,value
843	4,value
844	27,value
845	3,value
846	2,value
847	3733,value
848	1309,value
849	186,value
853	209,value
858	332,value
860	2,value
861	2,value
862	203,value
864	15,value
866	10,value
868	8,value
872	18,value
874	142,value
878	9689,value
879	329,value
880	150,value
885	1,value
887	39,value
888	44,value
889	30,value
890	51,value
892	38,value
899	163,value
904	48,value
905	73005,value
907	725,value
916	41454,value
918	729,value
922	16956,value
969	13,value
975	1,value
NULL	4574,value
int	5096648,dtype
string	4574,dtype
code	5101222,stype
NULL	4574,label
VALID	5096648,label
