A.B.C.,FALSE PROOF OF AGE	33,value
ABANDON ANIMAL	40,value
ABORTION 1	4,value
ABORTION 2, 1, SELF	1,value
ABORTIONAL ARTICLES,ISSUING	1,value
ABSCONDING FROM WORK RELEASE 2	17,value
ACCOSTING,FRAUDULENT	2645,value
ADM.CODE,UNCLASSIFIED MISDEMEA	9689,value
ADM.CODE,UNCLASSIFIED VIOLATIO	329,value
AGGRAVATED CRIMINAL CONTEMPT	1176,value
AGGRAVATED HARASSMENT 1	3843,value
AGGRAVATED HARASSMENT 2	281278,value
AGGRAVATED SEXUAL ASBUSE	4243,value
AGRICULTURE & MARKETS LAW,UNCL	200,value
AIR POLLUTION-MOTOR VEH (ADM C	2,value
AIRPOLLUTION	2,value
ALCOHOLIC BEVERAGE CONTROL LAW	750,value
ALCOHOLIC BEVERAGES,PUBLIC CON	203,value
ANARCHY,CRIMINAL	1,value
APPEARANCE TICKET FAIL TO RESP	79,value
ARSON 1	161,value
ARSON 2,3,4	9203,value
ARSON, MOTOR VEHICLE 1 2 3 & 4	4621,value
ASSAULT 2,1,PEACE OFFICER	18376,value
ASSAULT 2,1,UNCLASSIFIED	154046,value
ASSAULT 3	438129,value
ASSEMBLY,UNLAWFUL	977,value
ATTEND/SPECTATOR ANIMAL FIGHTING	1,value
BAIL JUMPING 1 & 2	565,value
BAIL JUMPING 3	1647,value
BIGAMY	17,value
BREED/TRAIN/HOST ANIMAL FIGHTING	3,value
BRIBERY, POLICE OFFICER	650,value
BRIBERY,COMMERCIAL	111,value
BRIBERY,FRAUD	64,value
BRIBERY,PUBLIC ADMINISTRATION	11522,value
BUILDING MATERIAL	15,value
BURGLARS TOOLS,UNCLASSIFIED	2477,value
BURGLARY,COMMERCIAL,DAY	12389,value
BURGLARY,COMMERCIAL,NIGHT	23739,value
BURGLARY,COMMERCIAL,UNKNOWN TI	4387,value
BURGLARY,RESIDENCE,DAY	82515,value
BURGLARY,RESIDENCE,NIGHT	40815,value
BURGLARY,RESIDENCE,UNKNOWN TIM	14121,value
BURGLARY,TRUCK DAY	4908,value
BURGLARY,TRUCK NIGHT	2539,value
BURGLARY,UNCLASSIFIED,DAY	1449,value
BURGLARY,UNCLASSIFIED,NIGHT	2528,value
BURGLARY,UNCLASSIFIED,UNKNOWN	1372,value
BURGLARY,UNKNOWN TIME	642,value
CAUSE SPI/KILL ANIMAL	27,value
CHECK,BAD	463,value
CHILD ABANDONMENT	367,value
CHILD, ENDANGERING WELFARE	14081,value
CHILD,ALCOHOL SALE TO	1124,value
CHILD,LICENSED PREMISES	3,value
CHILD,OFFENSES AGAINST,UNCLASS	94,value
CIGARETTE,NO TAX STAMP,POSSESS	209,value
COERCION 1	1315,value
COERCION 2	70,value
COMPUTER TAMPER/TRESSPASS	384,value
COMPUTER UNAUTH. USE/TAMPER	177,value
CONFINING ANIMAL IN VEHICLE/SHELTER	2,value
CONSPIRACY 2, 1	99,value
CONSPIRACY 4, 3	40,value
CONSPIRACY 6, 5	27,value
CONTEMPT,CRIMINAL	15917,value
CONTROLLED SUBSTANCE, INTENT T	3605,value
CONTROLLED SUBSTANCE, POSSESSI	103085,value
CONTROLLED SUBSTANCE, SALE 4	404,value
CONTROLLED SUBSTANCE, SALE 5	5585,value
CONTROLLED SUBSTANCE,INTENT TO	20588,value
CONTROLLED SUBSTANCE,POSSESS.	16587,value
CONTROLLED SUBSTANCE,POSSESS.-	247,value
CONTROLLED SUBSTANCE,SALE 1	2358,value
CONTROLLED SUBSTANCE,SALE 2	806,value
CONTROLLED SUBSTANCE,SALE 3	4788,value
COURSE OF SEXUAL CONDUCT AGAIN	288,value
CREDIT CARD,UNLAWFUL USE OF	17,value
CRIMINAL CONTEMPT 1	54031,value
CRIMINAL DISPOSAL FIREARM 1 &	491,value
CRIMINAL MIS 2 & 3	3582,value
CRIMINAL MISCHIEF 4TH, GRAFFIT	89416,value
CRIMINAL MISCHIEF,UNCLASSIFIED 4	146449,value
CUSTODIAL INTERFERENCE 1	806,value
CUSTODIAL INTERFERENCE 2	977,value
DIS. CON.,AGGRAVATED	47,value
DISORDERLY CONDUCT	842,value
DISSEMINATING A FALSE SEX OFFEND	3,value
DOG STEALING	42,value
DRUG PARAPHERNALIA,   POSSESSE	1935,value
DRUG, INJECTION OF	24,value
EAVESDROPPING	132,value
EDUCATION LAW	10,value
EDUCATION LAW, TRUANCY	2,value
EDUCATION LAW,STREET TRADE	1,value
EDUCATION LAW,UNCLASSIFIED	10,value
END WELFARE VULNERABLE ELDERLY PERSON	51,value
ENTERPRISE CORRUPTION	14,value
ENVIRONMENTAL CONTROL BOARD	1,value
ESCAPE 2,1	242,value
ESCAPE 3	167,value
EXPOSURE OF A PERSON	167,value
FAC. SEXUAL OFFENSE W/CONTROLL	2,value
FACILITATION 3,2,1, CRIMINAL	15,value
FACILITATION 4, CRIMINAL	49,value
FALSE ALARM FIRE	129,value
FALSE REPORT 1,FIRE	729,value
FALSE REPORT BOMB	462,value
FALSE REPORT UNCLASSIFIED	5965,value
FIREWORKS	10,value
FIREWORKS, POSSESS/USE	233,value
FIREWORKS, SALE	539,value
FORGERY,DRIVERS LICENSE	3480,value
FORGERY,ETC.,UNCLASSIFIED-FELO	41503,value
FORGERY,ETC.-MISD.	17527,value
FORGERY,M.V. REGISTRATION	3747,value
FORGERY,PRESCRIPTION	573,value
FORGERY-ILLEGAL POSSESSION,VEH	741,value
FORTUNE TELLING	11,value
FRAUD,UNCLASSIFIED-FELONY	54563,value
FRAUD,UNCLASSIFIED-MISDEMEANOR	18070,value
GAMBLING 1,PROMOTING,BOOKMAKIN	42,value
GAMBLING 1,PROMOTING,POLICY	80,value
GAMBLING 2, PROMOTING, BOOKMAK	31,value
GAMBLING 2, PROMOTING, POLICY-	82,value
GAMBLING 2,PROMOTING,UNCLASSIF	1455,value
GAMBLING, DEVICE, POSSESSION	333,value
GENERAL BUSINESS LAW / UNCLASSIFIED	4,value
GENERAL BUSINESS LAW,TICKET SP	282,value
GRAFFITI (ADMINISTRATIVE CODE-	39,value
GRAND LARCENY-CHECK FROM MAILB	260,value
GYPSY CAB	8,value
HARASSMENT,SUBD 1,CIVILIAN	235959,value
HARASSMENT,SUBD 3,4,5	368119,value
HEALTH CODE,UNCLASSIFIED MISDE	44,value
HEALTH CODE,VIOLATION	30,value
HEALTHCARE/RENT.REG.	50,value
HOMICIDE, NEGLIGENT, VEHICLE,	78,value
HOMICIDE,NEGLIGENT,UNCLASSIFIE	33,value
HOMICIDE,NEGLIGENT,VEHICLE	15,value
IMITATION PISTOL/AIR RIFLE	332,value
IMPAIRED DRIVING,DRUG	725,value
IMPERSONATION 1, POLICE OFFICE	2256,value
IMPERSONATION 2, PUBLIC SERVAN	13347,value
IMPRISONMENT 1,UNLAWFUL	1003,value
IMPRISONMENT 2,UNLAWFUL	1631,value
INAPPROPIATE SHELTER DOG LEFT	4,value
INCEST	9,value
INCOMPETENT PERSON,KNOWINGLY ENDANGERING	22,value
INCOMPETENT PERSON,RECKLESSY ENDANGERING	122,value
INTOXICATED DRIVING,ALCOHOL	73053,value
JOSTLING	299,value
KIDNAPPING 1	176,value
KIDNAPPING 2	315,value
LABOR LAW,EMPLOYING CHILDREN	115,value
LABOR TRAFFICKING	2,value
LARCENY, GRAND OF AUTO - ATTEM	1184,value
LARCENY, GRAND OF MOPED	380,value
LARCENY, PETIT OF AUTO - ATTEM	17,value
LARCENY, PETIT OF MOPED	226,value
LARCENY,GRAND BY ACQUIRING LOS	7710,value
LARCENY,GRAND BY ACQUIRING LOST CREDIT CARD	2341,value
LARCENY,GRAND BY BANK ACCT COMPROMISE-ATM TRANSACTION	3070,value
LARCENY,GRAND BY BANK ACCT COMPROMISE-REPRODUCED CHECK	15186,value
LARCENY,GRAND BY BANK ACCT COMPROMISE-TELLER	455,value
LARCENY,GRAND BY BANK ACCT COMPROMISE-UNAUTHORIZED PURCHASE	672,value
LARCENY,GRAND BY BANK ACCT COMPROMISE-UNCLASSIFIED	1419,value
LARCENY,GRAND BY CREDIT CARD ACCT COMPROMISE-EXISTING ACCT	4140,value
LARCENY,GRAND BY CREDIT CARD COMPROMISE-UNAUTHORIZE PURCHASE	15,value
LARCENY,GRAND BY DISHONEST EMP	6692,value
LARCENY,GRAND BY EXTORTION	2105,value
LARCENY,GRAND BY FALSE PROMISE	3363,value
LARCENY,GRAND BY FALSE PROMISE-IN PERSON CONTACT	1348,value
LARCENY,GRAND BY FALSE PROMISE-NOT IN PERSON CONTACT	2354,value
LARCENY,GRAND BY IDENTITY THEFT-UNCLASSIFIED	704,value
LARCENY,GRAND BY OPEN BANK ACCT	138,value
LARCENY,GRAND BY OPEN CREDIT CARD (NEW ACCT)	3828,value
LARCENY,GRAND BY OPEN/COMPROMISE CELL PHONE ACCT	3138,value
LARCENY,GRAND BY THEFT OF CREDIT CARD	42892,value
LARCENY,GRAND FROM BOAT, UNATTENDED	118,value
LARCENY,GRAND FROM BUILDING (NON-RESIDENCE) UNATTENDED	121738,value
LARCENY,GRAND FROM COIN MACHIN	51,value
LARCENY,GRAND FROM EATERY, UNATTENDED	3088,value
LARCENY,GRAND FROM NIGHT CLUB, UNATTENDED	2447,value
LARCENY,GRAND FROM OPEN AREAS, UNATTENDED	26652,value
LARCENY,GRAND FROM PARKING MET	4,value
LARCENY,GRAND FROM PERSON, BAG OPEN/DIP	3752,value
LARCENY,GRAND FROM PERSON,LUSH WORKER(SLEEPING/UNCON VICTIM)	1521,value
LARCENY,GRAND FROM PERSON,PERSONAL ELECTRONIC DEVICE(SNATCH)	5369,value
LARCENY,GRAND FROM PERSON,PICK	13510,value
LARCENY,GRAND FROM PERSON,PURS	8547,value
LARCENY,GRAND FROM PERSON,UNCL	49615,value
LARCENY,GRAND FROM PIER, UNATTENDED	168,value
LARCENY,GRAND FROM RESIDENCE, UNATTENDED	6332,value
LARCENY,GRAND FROM RETAIL STORE, UNATTENDED	3022,value
LARCENY,GRAND FROM STORE-SHOPL	12426,value
LARCENY,GRAND FROM TRUCK, UNATTENDED	692,value
LARCENY,GRAND FROM VEHICLE/MOTORCYCLE	48550,value
LARCENY,GRAND OF AUTO	91883,value
LARCENY,GRAND OF BICYCLE	3137,value
LARCENY,GRAND OF BOAT	58,value
LARCENY,GRAND OF MOTORCYCLE	7520,value
LARCENY,GRAND OF TRUCK	1096,value
LARCENY,GRAND OF VEHICULAR/MOTORCYCLE ACCESSORIES	13499,value
LARCENY,GRAND PERSON,NECK CHAI	3073,value
LARCENY,PETIT BY ACQUIRING LOS	8052,value
LARCENY,PETIT BY CHECK USE	4997,value
LARCENY,PETIT BY CREDIT CARD U	6496,value
LARCENY,PETIT BY DISHONEST EMP	4895,value
LARCENY,PETIT BY FALSE PROMISE	6702,value
LARCENY,PETIT FROM AUTO	178035,value
LARCENY,PETIT FROM BOAT	138,value
LARCENY,PETIT FROM BUILDING,UN	221734,value
LARCENY,PETIT FROM COIN MACHIN	279,value
LARCENY,PETIT FROM OPEN AREAS,	76593,value
LARCENY,PETIT FROM PARKING MET	66,value
LARCENY,PETIT FROM PIER	126,value
LARCENY,PETIT FROM STORE-SHOPL	215446,value
LARCENY,PETIT FROM TRUCK	2202,value
LARCENY,PETIT OF AUTO	469,value
LARCENY,PETIT OF BICYCLE	26579,value
LARCENY,PETIT OF BOAT	24,value
LARCENY,PETIT OF LICENSE PLATE	36251,value
LARCENY,PETIT OF MOTORCYCLE	191,value
LARCENY,PETIT OF TRUCK	5,value
LARCENY,PETIT OF VEHICLE ACCES	32804,value
LEAVING SCENE-ACCIDENT-PERSONA	41454,value
LEWDNESS,PUBLIC	8031,value
LOITERING 1ST DEGREE FOR DRUG	23,value
LOITERING FOR PROSTITUTION OR	9,value
LOITERING TO PROMOTE PROSTITUT	64,value
LOITERING,DEVIATE SEX	16,value
LOITERING,GAMBLING,OTHER	207,value
LOITERING,SCHOOL	2,value
LOITERING,UNCLASSIFIED	18,value
LURING A CHILD	12,value
MAKING TERRORISTIC THREAT	495,value
MANUFACTURE UNAUTHORIZED RECOR	1019,value
MARIJUANA, POSSESSION	5769,value
MARIJUANA, POSSESSION 1, 2 & 3	2970,value
MARIJUANA, POSSESSION 4 & 5	173044,value
MARIJUANA, SALE 1, 2 & 3	946,value
MARIJUANA, SALE 4 & 5	10427,value
MARRIAGE,OFFENSES AGAINST,UNCL	3,value
MATERIAL              OFFENSIV	32,value
MENACING 1ST DEGREE (VICT NOT	704,value
MENACING 1ST DEGREE (VICT PEAC	786,value
MENACING,PEACE OFFICER	863,value
MENACING,UNCLASSIFIED	70184,value
MISCHIEF 1,CRIMINAL,EXPLOSIVE	33,value
MISCHIEF, CRIMINAL 3 & 2, OF M	34445,value
MISCHIEF, CRIMINAL 3&2, BY FIR	432,value
MISCHIEF, CRIMINAL 4, BY FIRE	6277,value
MISCHIEF, CRIMINAL 4, OF MOTOR	188807,value
MISCHIEF,CRIMINAL,    UNCL 2ND	30813,value
MONEY LAUNDERING 1 & 2	31,value
N.Y.C. TRANSIT AUTH. R&R	51,value
NAVIGATION LAW	2,value
NEGLECT/POISON ANIMAL	1,value
NOISE,UNECESSARY	18,value
NUISANCE, CRIMINAL	43,value
NUISANCE,CRIMINAL,UNCLASSIFIED	322,value
NULL	4574,value
NY STATE LAWS,UNCLASSIFIED FEL	3733,value
NY STATE LAWS,UNCLASSIFIED MIS	1309,value
NY STATE LAWS,UNCLASSIFIED VIO	186,value
OBSCENE MATERIAL - UNDER 17 YE	675,value
OBSCENITY 1	142,value
OBSCENITY, MATERIAL 3	14,value
OBSCENITY, PERFORMANCE 3	69,value
OBSTR BREATH/CIRCUL	12369,value
PARK R&R,GAMBLING	38,value
PARKR&R,UNCLASSIFIED VIOLATION	163,value
PEDDLING,UNLAWFUL	142,value
PERJURY 2,1,ETC	95,value
PERJURY 3,ETC.	84,value
PETIT LARCENY OF ANIMAL	36,value
PETIT LARCENY-CHECK FROM MAILB	1049,value
PLACE FALSE BOMB	10,value
POSS METH MANUFACT MATERIAL	5,value
POSSES OR CARRY A KNIFE	150,value
POSSESSION ANTI-SECURITY ITEM	13,value
POSSESSION HYPODERMIC INSTRUME	587,value
POSTING ADVERTISEMENTS	20,value
PRIVACY,OFFENSES AGAINST,UNCLA	27,value
PROMOTING A SEXUAL PERFORMANCE	204,value
PROMOTING SUICIDE ATTEMPT	3,value
PROSTITUTION	149,value
PROSTITUTION 1, UNDER 11	3,value
PROSTITUTION 2, COMPULSORY	30,value
PROSTITUTION 2, UNDER 16	15,value
PROSTITUTION 3, PROMOTING UNDE	16,value
PROSTITUTION 3,PROMOTING BUSIN	29,value
PROSTITUTION 4,PROMOTING&SECUR	107,value
PROSTITUTION, PATRONIZING 2, 1	6,value
PROSTITUTION, PATRONIZING 4, 3	396,value
PROSTITUTION,PERMITTING	4,value
PUBLIC ADMINISTATION,UNCLASS M	25229,value
PUBLIC ADMINISTRATION,UNCLASSI	3303,value
PUBLIC HEALTH LAW,GLUE,INHALAT	1,value
PUBLIC HEALTH LAW,GLUE,UNLAWFU	10,value
PUBLIC HEALTH LAW,UNCLASSIFIED	125,value
PUBLIC SAFETY,UNCLASSIFIED MIS	255,value
RADIO DEVICES,UNLAWFUL POSSESS	15,value
RAPE 1	8940,value
RAPE 1,ATTEMPT	1426,value
RAPE 2	1605,value
RAPE 3	1821,value
RECKLESS DRIVING	729,value
RECKLESS ENDANGERMENT 1	17842,value
RECKLESS ENDANGERMENT 2	9660,value
RECKLESS ENDANGERMENT OF PROPE	1435,value
RECORDS,FALSIFY-TAMPER	86,value
RESISTING ARREST	28238,value
RIOT 1	141,value
RIOT 2/INCITING	766,value
ROBBERY, CHAIN STORE	2930,value
ROBBERY, PAYROLL	164,value
ROBBERY,ATM LOCATION	396,value
ROBBERY,BANK	3104,value
ROBBERY,BAR/RESTAURANT	333,value
ROBBERY,BEGIN AS SHOPLIFTING	3,value
ROBBERY,BICYCLE	1455,value
ROBBERY,BODEGA/CONVENIENCE STORE	2189,value
ROBBERY,CAR JACKING	1797,value
ROBBERY,CHECK CASHING BUSINESS	231,value
ROBBERY,CLOTHING	2,value
ROBBERY,COMMERCIAL UNCLASSIFIED	11747,value
ROBBERY,DOCTOR/DENTIST OFFICE	55,value
ROBBERY,DWELLING	6367,value
ROBBERY,GAS STATION	807,value
ROBBERY,HIJACKING	28,value
ROBBERY,HOME INVASION	2693,value
ROBBERY,LICENSED FOR HIRE VEHICLE	10,value
ROBBERY,LICENSED MEDALLION CAB	1554,value
ROBBERY,LIQUOR STORE	195,value
ROBBERY,NECKCHAIN/JEWELRY	5121,value
ROBBERY,OF TRUCK DRIVER	185,value
ROBBERY,ON BUS/ OR BUS DRIVER	597,value
ROBBERY,OPEN AREA UNCLASSIFIED	99645,value
ROBBERY,PERSONAL ELECTRONIC DEVICE	21717,value
ROBBERY,PHARMACY	998,value
ROBBERY,POCKETBOOK/CARRIED BAG	8410,value
ROBBERY,PUBLIC PLACE INSIDE	6745,value
ROBBERY,RESIDENTIAL COMMON AREA	17410,value
ROBBERY,UNLICENSED FOR HIRE VEHICLE	1885,value
SALE OF UNAUTHORIZED RECORDING	1234,value
SALE SCHOOL GROUNDS	2,value
SALE SCHOOL GROUNDS 4	434,value
SALES OF PRESCRIPTION	45,value
SEX CRIMES	135,value
SEX TRAFFICKING	23,value
SEXUAL ABUSE	1467,value
SEXUAL ABUSE 3,2	26779,value
SEXUAL MISCONDUCT,DEVIATE	265,value
SEXUAL MISCONDUCT,INTERCOURSE	2907,value
SMOKING TRANSPORTATION FACILIT	1,value
SODOMY 1	3430,value
SODOMY 2	220,value
SODOMY 3	302,value
SODOMY,CONSENSUAL	3,value
SOLICITATION 3,2,1, CRIMINAL	22,value
SOLICITATION 4, CRIMINAL	19,value
SOLICITATION 5,CRIMINAL	12,value
STOLEN PROP-MOTOR VEHICLE 3RD,	135,value
STOLEN PROPERTY 2,1,POSSESSION	7046,value
STOLEN PROPERTY 2,POSSESSION B	247,value
STOLEN PROPERTY 3,POSSESSION	20242,value
STOLEN PROPERTY-MOTOR VEH 2ND,	1819,value
STRANGULATION 1ST	11648,value
SUPP. ACT TERR 2ND	46,value
TAMPERING 1,CRIMINAL	3111,value
TAMPERING 3,2, CRIMINAL	852,value
TAMPERING WITH A WITNESS	197,value
TAX LAW	3931,value
TERRORISM PROVIDE SUPPORT	6,value
THEFT OF SERVICES, UNCLASSIFIE	9581,value
THEFT OF SERVICES- CABLE TV SE	339,value
THEFT,RELATED OFFENSES,UNCLASS	2140,value
TORTURE/INJURE ANIMAL CRUELTY	41,value
TRAFFIC,UNCLASSIFIED INFRACTIO	13,value
TRAFFIC,UNCLASSIFIED MISDEMEAN	16956,value
TRESPASS 1,CRIMINAL	2446,value
TRESPASS 2, CRIMINAL	60001,value
TRESPASS 3, CRIMINAL	6543,value
TRESPASS 4,CRIMINAL SUB 2	1634,value
UNAUTH. SALE OF TRANS. SERVICE	2778,value
UNAUTHORIZED USE VEHICLE 2	5368,value
UNAUTHORIZED USE VEHICLE 3	13826,value
UNDER THE INFLUENCE OF DRUGS	3,value
UNLAWFUL POSS. WEAPON UPON SCH	59,value
USE CHILD TO COMMIT CONT SUB OFF	1,value
USE OF A CHILD IN A SEXUAL PER	15,value
USURY,CRIMINAL	4,value
VEHICULAR ASSAULT (INTOX DRIVE	220,value
VIOLATION OF ORDER OF PROTECTI	30952,value
WEAPONS POSSESSION 1 & 2	9024,value
WEAPONS POSSESSION 3	41046,value
WEAPONS, POSSESSION, ETC	73653,value
WEAPONS,MFR,TRANSPORT,ETC.	13,value
WEAPONS,PROHIBITED USE	7,value
WEAPONS,PROHIBITED USE IMITATI	2,value
WOUNDS,REPORTING OF	16,value
string	5101222,dtype
description	5101222,stype
NULL	4574,label
VALID	5096648,label
