ASSAULT 3	438130
HARASSMENT,SUBD 3,4,5	368119
AGGRAVATED HARASSMENT 2	281278
HARASSMENT,SUBD 1,CIVILIAN	235959
LARCENY,PETIT FROM BUILDING,UN	221734
LARCENY,PETIT FROM STORE-SHOPL	215446
MISCHIEF, CRIMINAL 4, OF MOTOR	188807
LARCENY,PETIT FROM AUTO	178035
MARIJUANA, POSSESSION 4 & 5	173044
ASSAULT 2,1,UNCLASSIFIED	154046
CRIMINAL MISCHIEF,UNCLASSIFIED 4	146449
LARCENY,GRAND FROM BUILDING (NON-RESIDENCE) UNATTENDED	121739
CONTROLLED SUBSTANCE, POSSESSI	103085
ROBBERY,OPEN AREA UNCLASSIFIED	99645
LARCENY,GRAND OF AUTO	91883
CRIMINAL MISCHIEF 4TH, GRAFFIT	89416
BURGLARY,RESIDENCE,DAY	82516
LARCENY,PETIT FROM OPEN AREAS,	76594
WEAPONS, POSSESSION, ETC	73653
INTOXICATED DRIVING,ALCOHOL	73053
