CONEY ISLAND	716
EAST 180TH STREET-MONTEREY AVENUE	271
FORT WASHINGTON AVENUE REHAB	116
LONGFELLOW AVENUE REHAB	228
LOW HOUSES	1782
NEW LANE AREA	43
QUEENSBRIDGE SOUTH	798
RANDALL AVENUE-BALCOM AVENUE	111
STEBBINS AVENUE-HEWITT PLACE	145
	4848018
BAILEY AVENUE-WEST 193RD STREET	484
BELMONT-SUTTER AREA	231
FARRAGUT	3673
HAMMEL	1276
UPACA (SITE 6)	113
WEBSTER	1270
BOSTON SECOR	1208
CROWN HEIGHTS	209
FENIMORE-LEFFERTS	102
GUN HILL	810
HIGHBRIDGE REHABS (ANDERSON AVENUE)	241
LENOX ROAD-ROCKAWAY PARKWAY	135
MELROSE	938
PARKSIDE	1434
RIIS	1309
SMITH	2758
TOMPKINS	3072
UPACA (SITE 5)	123
WYCKOFF GARDENS	809
ADAMS	1930
BUSHWICK	3052
MACOMBS ROAD	84
MARBLE HILL	1579
MITCHEL	2710
MORRISANIA AIR RIGHTS 42	310
PELHAM PARKWAY	1998
ROOSEVELT I	753
SAINT MARY'S PARK	1973
SUTTER AVENUE-UNION STREET	231
TELLER AVENUE-EAST 166TH STREET	280
WALD	1890
1471 WATSON AVENUE	224
830 AMSTERDAM AVENUE	432
BREVOORT	1938
BUSHWICK II (GROUPS B & D)	579
CARLETON MANOR	402
CLINTON	2100
EAGLE AVENUE-EAST 163RD STREET	251
EAST 165TH STREET-BRYANT AVENUE	111
FIRST HOUSES	32
GARVEY (GROUP A)	1007
HOWARD	1655
HUGHES APARTMENTS	1727
MARKHAM GARDENS	486
WOODSON	229
WSUR (SITE B) 74 WEST 92ND STREET	11
CAREY GARDENS	11
CLAREMONT REHAB (GROUP 5)	400
FRANKLIN AVENUE I CONVENTIONAL	69
FRANKLIN AVENUE I MHOP	28
FRANKLIN AVENUE III CONVENTIONAL	22
FRANKLIN AVENUE III MHOP	1
LOWER EAST SIDE I INFILL	245
WOODSIDE	834
WSUR (SITE C) 589 AMSTERDAM AVENUE	619
BRONXCHESTER	1
BRYANT AVENUE-EAST 174TH STREET	83
BUSHWICK II (GROUPS A & C)	537
CLAREMONT REHAB (GROUP 4)	357
JOHNSON	2476
LOWER EAST SIDE II	22
ROOSEVELT II	795
CLAREMONT REHAB (GROUP 3)	219
HYLAN	444
MCKINLEY	428
RICHMOND TERRACE	1562
BARUCH	3147
BERRY STREET-SOUTH 9TH STREET	147
BRONX RIVER ADDITION	99
CASTLE HILL	5495
CLAREMONT REHAB (GROUP 2)	494
HARLEM RIVER	241
LAFAYETTE	1544
NOSTRAND	2093
POMONOK	3131
CLASON POINT GARDENS	943
DOUGLASS ADDITION	500
JEFFERSON	1
LA GUARDIA ADDITION	41
LAVANBURG HOMES	299
MANHATTANVILLE REHAB (GROUP 2)	22
MOTT HAVEN	601
ROBINSON	8
STAPLETON	2237
VANDALIA AVENUE	91
WEST FARMS ROAD REHAB	247
33-35 SARATOGA AVENUE	365
ALBANY II	1065
BEACH 41ST STREET-BEACH CHANNEL DRIVE	523
BUSHWICK II CDA (GROUP E)	307
FRANKLIN AVENUE II CONVENTIONAL	64
FRANKLIN AVENUE II MHOP	2
HIGHBRIDGE GARDENS	1459
HOWARD AVENUE	426
INGERSOLL	2947
RED HOOK EAST	2261
SARATOGA SQUARE	137
TWO BRIDGES URA (SITE 7)	248
BORINQUEN PLAZA I	1603
EDENWALD	752
HOE AVENUE-EAST 173RD STREET	132
KINGSBOROUGH 73	2
REDFERN	1294
UNITY PLAZA (SITES 17,24,25A)	646
BAY VIEW	1852
BLAND	594
GRAVESEND	253
LEHMAN	750
OCEAN HILL-BROWNSVILLE	465
SOUTH BRONX AREA (SITE 402)	281
WEST TREMONT AVENUE-SEDGWICK AVENUE AREA	90
1162-1176 WASHINGTON AVENUE	318
COLLEGE AVENUE-EAST 165TH STREET	125
LATIMER GARDENS	277
LOWER EAST SIDE REHAB (GROUP 5)	102
TAYLOR STREET-WYTHE AVENUE	494
VLADECK II	285
131 SAINT NICHOLAS AVENUE	232
ARMSTRONG II	1538
EASTCHESTER GARDENS	1580
MARCY AVENUE-GREENE AVENUE SITE A	126
COOPER PARK	1473
KINGSBOROUGH 77	41
LEXINGTON	281
MARCY AVENUE-GREENE AVENUE SITE B	111
MORRIS HEIGHTS REHAB	150
OCEANSIDE-OCEAN BAY APTS	79
RUTGERS	1022
RUTLAND TOWERS	108
SOUTH BEACH	1109
UNITY PLAZA (SITES 4-27)	1416
BEDFORD-STUYVESANT REHAB	191
CARVER	503
CONEY ISLAND I (SITE 1B)	848
FORT INDEPENDENCE STREET-HEATH AVENUE	853
GLEBE AVENUE-WESTCHESTER AVENUE	89
GLENMORE PLAZA	20
GRAMPION	162
PARK ROCK REHAB	339
RALPH AVENUE REHAB	307
RANGEL	1978
SEDGWICK	257
STUYVESANT GARDENS I	996
BARUCH HOUSES ADDITION	120
HARRISON AVENUE REHAB (GROUP B)	223
HIGHBRIDGE REHABS (NELSON AVENUE)	211
MARINER'S HARBOR	1573
SUMNER	2292
BETHUNE GARDENS	86
EAST 173RD STREET-VYSE AVENUE	459
FIORENTINO PLAZA	763
HARRISON AVENUE REHAB (GROUP A)	39
HERNANDEZ	219
JACKSON	1416
KING TOWERS	775
MORRISANIA	378
REID APARTMENTS	77
WEEKSVILLE GARDENS	941
WEST BRIGHTON I	1847
BAYSIDE-OCEAN BAY APTS	1256
DOUGLASS	3749
LA GUARDIA	1985
MANHATTANVILLE	2664
MARCY	4298
METRO NORTH REHAB	2
MORRIS II	1517
PATTERSON	1459
SACK WERN	954
SHEEPSHEAD BAY	2247
SOUNDVIEW	3368
SOUTHERN BOULEVARD	100
VAN DYKE II	68
VLADECK	1595
344 EAST 28TH STREET	1
BAISLEY PARK	337
BOYNTON AVENUE REHAB	257
BRONX RIVER	1904
BROWNSVILLE	3579
HOWARD AVENUE-PARK PLACE	420
LONG ISLAND BAPTIST HOUSES	946
MIDDLETOWN PLAZA	32
TWIN PARKS WEST (SITE 1 & 2)	380
UNION AVENUE-EAST 166TH STREET	276
WEST TREMONT REHAB (GROUP 3)	136
AMSTERDAM	1095
BAYCHESTER	31
BERRY	789
BROWN	12
HABER	5
TODT HILL	842
UNIVERSITY AVENUE REHAB	505
WEST TREMONT REHAB (GROUP 2)	64
ALBANY	2004
JENNINGS STREET	44
MORRIS I	1677
TWIN PARKS EAST (SITE 9)	102
VAN DYKE I	4585
WEST TREMONT REHAB (GROUP 1)	57
45 ALLEN STREET	111
DE HOSTOS APARTMENTS	11
FULTON	2
MILL BROOK EXTENSION	457
PINK	3640
STERLING PLACE REHAB (SAINT JOHNS-STERLING)	309
STERLING PLACE REHAB (STERLING-BUFFALO)	430
TILDEN	2909
WASHINGTON HEIGHTS REHAB PHASE III	22
WEST BRIGHTON II	99
MILL BROOK	1042
MURPHY	839
O'DWYER GARDENS	55
PENNSYLVANIA AVENUE-WORTMAN AVENUE	915
QUEENSBRIDGE NORTH	745
SAMUEL (CITY)	129
TAFT REHABS (REHAB PROGRAM)	9
303 VERNON AVENUE	646
BUTLER	3960
CLAREMONT PARKWAY-FRANKLIN AVENUE	187
GOWANUS	2158
MARLBORO	1411
PROSPECT PLAZA	22
UNION AVENUE-EAST 163RD STREET	132
WILLIAMSBURG	2593
ATLANTIC TERMINAL SITE 4B	656
BREUKELEN	662
EAST NEW YORK CITY LINE	217
GOMPERS	1093
SEWARD PARK EXTENSION	966
ARMSTRONG I	1395
AUDUBON	362
CAMPOS PLAZA I	311
CASSIDY-LAFAYETTE	134
FOREST HILLS COOP (108TH STREET-62ND DRIVE)	1
GRANT	3886
HOPE GARDENS	429
MARSHALL PLAZA	61
PALMETTO GARDENS	30
ASTORIA	1564
DYCKMAN	599
GLENWOOD	1568
MILBANK-FRAWLEY	185
RED HOOK WEST	2967
TAFT	1596
TAPSCOTT STREET REHAB	383
BETANCES I	615
BETANCES III	55
BOULEVARD	2821
INDEPENDENCE	805
LINDEN	3718
MONROE	2912
OCEAN HILL APARTMENTS	237
WASHINGTON HEIGHTS REHAB (GROUPS 1&2)	5
WHITMAN	2980
WILLIAMS PLAZA	633
BORINQUEN PLAZA II	1305
BOSTON ROAD PLAZA	92
BRONXDALE	3485
CYPRESS HILLS	2998
FOREST	1094
LINCOLN	3980
RIIS II	797
THROGGS NECK	3142
THROGGS NECK ADDITION	667
1010 EAST 178TH STREET	1
572 WARREN STREET	342
BETANCES VI	17
DAVIDSON	673
MOORE	921
WAGNER	1409
