DANGEROUS WEAPONS	124176
ARSON	13914
ENDAN WELFARE INCOMP	143
POSSESSION OF STOLEN PROPERTY	29432
GRAND LARCENY OF MOTOR VEHICLE	101831
OFFENSES AGAINST MARRIAGE UNCL	3
FRAUDULENT ACCOSTING	2643
LOITERING FOR DRUG PURPOSES	23
OFF. AGNST PUB ORD SENSBLTY &	281604
BURGLARY	191082
RAPE	12986
THEFT OF SERVICES	2778
PETIT LARCENY OF MOTOR VEHICLE	900
GAMBLING	2023
LOITERING	20
PROSTITUTION & RELATED OFFENSES	841
OFFENSES INVOLVING FRAUD	17699
UNAUTHORIZED USE OF A VEHICLE	13761
ASSAULT 3 & RELATED OFFENSES	521018
UNLAWFUL POSS. WEAP. ON SCHOOL	59
KIDNAPPING	2
FELONY ASSAULT	183917
NEW YORK CITY HEALTH CODE	75
FORGERY	48973
ANTICIPATORY OFFENSES	95
UNDER THE INFLUENCE OF DRUGS	3
ROBBERY	198608
KIDNAPPING & RELATED OFFENSES	2291
HOMICIDE-NEGLIGENT-VEHICLE	93
OTHER STATE LAWS (NON PENAL LAW)	4
FRAUDS	31149
INTOXICATED/IMPAIRED DRIVING	48
OTHER STATE LAWS	232
FORTUNE TELLING	11
VEHICLE AND TRAFFIC LAWS	59097
DISORDERLY CONDUCT	828
PETIT LARCENY	820238
MISCELLANEOUS PENAL LAW	118491
OFFENSES AGAINST PUBLIC SAFETY	810
NYS LAWS-UNCLASSIFIED VIOLATION	6
GRAND LARCENY	424851
THEFT-FRAUD	53912
ESCAPE 3	167
ADMINISTRATIVE CODES	18
HARRASSMENT 2	602769
ALCOHOLIC BEVERAGE CONTROL LAW	750
DISRUPTION OF A RELIGIOUS SERV	47
CRIMINAL TRESPASS	66501
OFFENSES AGAINST THE PERSON	12324
MURDER & NON-NEGL. MANSLAUGHTER	4444
OFFENSES RELATED TO CHILDREN	1342
ABORTION	4
INTOXICATED & IMPAIRED DRIVING	73695
BURGLAR'S TOOLS	2476
CHILD ABANDONMENT/NON SUPPORT	365
HOMICIDE-NEGLIGENT,UNCLASSIFIE	33
LOITERING/DEVIATE SEX	16
OTHER TRAFFIC INFRACTION	13
CRIMINAL MISCHIEF & RELATED OF	504925
DANGEROUS DRUGS	348336
OFFENSES AGAINST PUBLIC ADMINI	100059
SEX CRIMES	53213
AGRICULTURE & MRKTS LAW-UNCLASSIFIED	83
OTHER STATE LAWS (NON PENAL LA	5489
JOSTLING	299
LOITERING/GAMBLING (CARDS, DIC	207
KIDNAPPING AND RELATED OFFENSES	2
ADMINISTRATIVE CODE	11360
NYS LAWS-UNCLASSIFIED FELONY	3751
OTHER OFFENSES RELATED TO THEF	9652
