ASSAULT 3 & RELATED OFFENSES, SEA GATE POLICE DEPT, 5	
CRIMINAL MISCHIEF & RELATED OF, OTHER, 1941	
DANGEROUS DRUGS, OTHER, 789	
FELONY ASSAULT, AMTRACK, 3	
FELONY ASSAULT, POLICE DEPT NYC, 288	
PETIT LARCENY, DEPT OF CORRECTIONS, 25	
PETIT LARCENY, NEW YORK CITY SHERIFF OFFICE, 1	
PETIT LARCENY, NYS DEPT TAX AND FINANCE, 14	
ASSAULT 3 & RELATED OFFENSES, METRO NORTH, 34	
ASSAULT 3 & RELATED OFFENSES, PORT AUTHORITY, 1092	
BURGLARY, HEALTH & HOSP CORP, 25	
BURGLARY, U.S. PARK POLICE, 2	
HARRASSMENT 2, N.Y. HOUSING POLICE, 55377	
OFF. AGNST PUB ORD SENSBLTY &, HEALTH & HOSP CORP, 112	
OFF. AGNST PUB ORD SENSBLTY &, U.S. PARK POLICE, 3	
ASSAULT 3 & RELATED OFFENSES, AMTRACK, 15	
ASSAULT 3 & RELATED OFFENSES, POLICE DEPT NYC, 885	
CRIMINAL MISCHIEF & RELATED OF, TRI-BORO BRDG TUNNL, 65	
DANGEROUS DRUGS, TRI-BORO BRDG TUNNL, 180	
FELONY ASSAULT, NYC PARKS, 6	
GRAND LARCENY, NEW YORK CITY SHERIFF OFFICE, 3	
GRAND LARCENY, NYS DEPT TAX AND FINANCE, 5	
FELONY ASSAULT, PORT AUTHORITY, 486	
GRAND LARCENY, N.Y. HOUSING POLICE, 9240	
PETIT LARCENY, N.Y. POLICE DEPT, 781536	
ASSAULT 3 & RELATED OFFENSES, NYC PARKS, 2	
BURGLARY, LONG ISLAND RAILRD, 1	
CRIMINAL MISCHIEF & RELATED OF, CONRAIL, 2	
CRIMINAL MISCHIEF & RELATED OF, STATN IS RAPID TRANS, 102	
DANGEROUS DRUGS, STATN IS RAPID TRANS, 13	
HARRASSMENT 2, NYS DEPT TAX AND FINANCE, 3	
OFF. AGNST PUB ORD SENSBLTY &, LONG ISLAND RAILRD, 7	
ASSAULT 3 & RELATED OFFENSES, HEALTH & HOSP CORP, 444	
ASSAULT 3 & RELATED OFFENSES, U.S. PARK POLICE, 30	
BURGLARY, METRO NORTH, 12	
GRAND LARCENY, N.Y. POLICE DEPT, 395658	
HARRASSMENT 2, OTHER, 117	
OFF. AGNST PUB ORD SENSBLTY &, METRO NORTH, 22	
PETIT LARCENY, FIRE DEPT (FIRE MARSHAL), 2	
PETIT LARCENY, N.Y. HOUSING POLICE, 19399	
ROBBERY, DEPT OF CORRECTIONS, 9	
ROBBERY, SEA GATE POLICE DEPT, 1	
BURGLARY, POLICE DEPT NYC, 378	
CRIMINAL MISCHIEF & RELATED OF, N.Y. TRANSIT POLICE, 9651	
DANGEROUS DRUGS, N.Y. TRANSIT POLICE, 5360	
OFF. AGNST PUB ORD SENSBLTY &, AMTRACK, 7	
OFF. AGNST PUB ORD SENSBLTY &, POLICE DEPT NYC, 556	
ROBBERY, PORT AUTHORITY, 272	
FELONY ASSAULT, HEALTH & HOSP CORP, 354	
FELONY ASSAULT, U.S. PARK POLICE, 6	
GRAND LARCENY, FIRE DEPT (FIRE MARSHAL), 2	
GRAND LARCENY, OTHER, 105	
HARRASSMENT 2, N.Y. POLICE DEPT, 540066	
HARRASSMENT 2, TRI-BORO BRDG TUNNL, 15	
PETIT LARCENY, NYC DEPT ENVIRONMENTAL PROTECTION, 2	
ASSAULT 3 & RELATED OFFENSES, LONG ISLAND RAILRD, 22	
BURGLARY, N.Y. STATE PARKS, 2	
BURGLARY, NYC PARKS, 1	
CRIMINAL MISCHIEF & RELATED OF, N.Y. STATE POLICE, 167	
DANGEROUS DRUGS, N.Y. STATE POLICE, 27	
FELONY ASSAULT, DEPT OF CORRECTIONS, 1410	
OFF. AGNST PUB ORD SENSBLTY &, N.Y. STATE PARKS, 1	
OFF. AGNST PUB ORD SENSBLTY &, NYC PARKS, 1	
CRIMINAL MISCHIEF & RELATED OF, NEW YORK CITY SHERIFF OFFICE, 4	
CRIMINAL MISCHIEF & RELATED OF, NYS DEPT TAX AND FINANCE, 10	
DANGEROUS DRUGS, NEW YORK CITY SHERIFF OFFICE, 7	
DANGEROUS DRUGS, NYS DEPT TAX AND FINANCE, 4	
GRAND LARCENY, TRI-BORO BRDG TUNNL, 17	
HARRASSMENT 2, FIRE DEPT (FIRE MARSHAL), 2	
PETIT LARCENY, OTHER, 343	
ASSAULT 3 & RELATED OFFENSES, DEPT OF CORRECTIONS, 24	
FELONY ASSAULT, LONG ISLAND RAILRD, 11	
PETIT LARCENY, SEA GATE POLICE DEPT, 5	
ROBBERY, HEALTH & HOSP CORP, 11	
ROBBERY, N.Y. HOUSING POLICE, 11553	
ROBBERY, U.S. PARK POLICE, 2	
GRAND LARCENY, CONRAIL, 1	
HARRASSMENT 2, N.Y. TRANSIT POLICE, 5280	
PETIT LARCENY, PORT AUTHORITY, 5338	
PETIT LARCENY, TRI-BORO BRDG TUNNL, 13	
ASSAULT 3 & RELATED OFFENSES, N.Y. STATE PARKS, 26	
CRIMINAL MISCHIEF & RELATED OF, N.Y. POLICE DEPT, 456598	
DANGEROUS DRUGS, N.Y. POLICE DEPT, 280399	
GRAND LARCENY, SEA GATE POLICE DEPT, 1	
ROBBERY, NYC DEPT ENVIRONMENTAL PROTECTION, 1	
BURGLARY, STATN IS RAPID TRANS, 1	
FELONY ASSAULT, N.Y. HOUSING POLICE, 18595	
GRAND LARCENY, N.Y. TRANSIT POLICE, 14944	
GRAND LARCENY, PORT AUTHORITY, 3403	
HARRASSMENT 2, N.Y. STATE POLICE, 85	
OFF. AGNST PUB ORD SENSBLTY &, STATN IS RAPID TRANS, 3	
PETIT LARCENY, CONRAIL, 5	
ROBBERY, LONG ISLAND RAILRD, 27	
BURGLARY, DEPT OF CORRECTIONS, 2	
CRIMINAL MISCHIEF & RELATED OF, FIRE DEPT (FIRE MARSHAL), 80	
CRIMINAL MISCHIEF & RELATED OF, METRO NORTH, 58	
DANGEROUS DRUGS, FIRE DEPT (FIRE MARSHAL), 1	
DANGEROUS DRUGS, METRO NORTH, 9	
FELONY ASSAULT, N.Y. STATE PARKS, 18	
HARRASSMENT 2, SEA GATE POLICE DEPT, 5	
OFF. AGNST PUB ORD SENSBLTY &, DEPT OF CORRECTIONS, 36	
ROBBERY, OTHER, 86	
ASSAULT 3 & RELATED OFFENSES, N.Y. HOUSING POLICE, 54992	
CRIMINAL MISCHIEF & RELATED OF, AMTRACK, 6	
CRIMINAL MISCHIEF & RELATED OF, POLICE DEPT NYC, 1221	
DANGEROUS DRUGS, AMTRACK, 9	
DANGEROUS DRUGS, POLICE DEPT NYC, 285	
FELONY ASSAULT, NYC DEPT ENVIRONMENTAL PROTECTION, 1	
GRAND LARCENY, N.Y. STATE POLICE, 203	
HARRASSMENT 2, PORT AUTHORITY, 193	
PETIT LARCENY, HEALTH & HOSP CORP, 627	
PETIT LARCENY, N.Y. TRANSIT POLICE, 10946	
PETIT LARCENY, U.S. PARK POLICE, 13	
ROBBERY, TRI-BORO BRDG TUNNL, 3	
ASSAULT 3 & RELATED OFFENSES, NYC DEPT ENVIRONMENTAL PROTECTION, 1	
ASSAULT 3 & RELATED OFFENSES, STATN IS RAPID TRANS, 33	
CRIMINAL MISCHIEF & RELATED OF, NYC PARKS, 30	
DANGEROUS DRUGS, NYC PARKS, 4	
FELONY ASSAULT, OTHER, 938	
GRAND LARCENY, HEALTH & HOSP CORP, 199	
GRAND LARCENY, U.S. PARK POLICE, 4	
PETIT LARCENY, N.Y. STATE POLICE, 184	
ROBBERY, N.Y. STATE PARKS, 15	
BURGLARY, NEW YORK CITY SHERIFF OFFICE, 1	
BURGLARY, NYS DEPT TAX AND FINANCE, 4	
OFF. AGNST PUB ORD SENSBLTY &, NEW YORK CITY SHERIFF OFFICE, 1	
OFF. AGNST PUB ORD SENSBLTY &, NYS DEPT TAX AND FINANCE, 4	
PETIT LARCENY, LONG ISLAND RAILRD, 67	
ASSAULT 3 & RELATED OFFENSES, OTHER, 1112	
BURGLARY, N.Y. HOUSING POLICE, 3922	
CRIMINAL MISCHIEF & RELATED OF, SEA GATE POLICE DEPT, 5	
FELONY ASSAULT, STATN IS RAPID TRANS, 7	
FELONY ASSAULT, TRI-BORO BRDG TUNNL, 30	
HARRASSMENT 2, HEALTH & HOSP CORP, 146	
HARRASSMENT 2, METRO NORTH, 70	
HARRASSMENT 2, U.S. PARK POLICE, 3	
OFF. AGNST PUB ORD SENSBLTY &, N.Y. HOUSING POLICE, 28883	
CRIMINAL MISCHIEF & RELATED OF, PORT AUTHORITY, 914	
DANGEROUS DRUGS, PORT AUTHORITY, 932	
GRAND LARCENY, LONG ISLAND RAILRD, 180	
HARRASSMENT 2, AMTRACK, 6	
HARRASSMENT 2, POLICE DEPT NYC, 1356	
ROBBERY, N.Y. TRANSIT POLICE, 7206	
ASSAULT 3 & RELATED OFFENSES, TRI-BORO BRDG TUNNL, 43	
BURGLARY, N.Y. POLICE DEPT, 186313	
GRAND LARCENY, DISTRICT ATTORNEY OFFICE, 1	
GRAND LARCENY, METRO NORTH, 120	
OFF. AGNST PUB ORD SENSBLTY &, N.Y. POLICE DEPT, 250941	
OFF. AGNST PUB ORD SENSBLTY &, NYC DEPT ENVIRONMENTAL PROTECTION, 2	
ASSAULT 3 & RELATED OFFENSES, NEW YORK CITY SHERIFF OFFICE, 10	
ASSAULT 3 & RELATED OFFENSES, NYS DEPT TAX AND FINANCE, 2	
GRAND LARCENY, AMTRACK, 50	
GRAND LARCENY, POLICE DEPT NYC, 664	
HARRASSMENT 2, LONG ISLAND RAILRD, 8	
HARRASSMENT 2, NYC PARKS, 1	
PETIT LARCENY, N.Y. STATE PARKS, 17	
ROBBERY, N.Y. STATE POLICE, 19	
ROBBERY, STATN IS RAPID TRANS, 53	
BURGLARY, FIRE DEPT (FIRE MARSHAL), 1	
BURGLARY, OTHER, 63	
CRIMINAL MISCHIEF & RELATED OF, DEPT OF CORRECTIONS, 186	
DANGEROUS DRUGS, DEPT OF CORRECTIONS, 38	
FELONY ASSAULT, N.Y. TRANSIT POLICE, 2035	
OFF. AGNST PUB ORD SENSBLTY &, OTHER, 78	
PETIT LARCENY, METRO NORTH, 117	
CRIMINAL MISCHIEF & RELATED OF, HEALTH & HOSP CORP, 143	
CRIMINAL MISCHIEF & RELATED OF, U.S. PARK POLICE, 13	
DANGEROUS DRUGS, HEALTH & HOSP CORP, 150	
DANGEROUS DRUGS, U.S. PARK POLICE, 27	
FELONY ASSAULT, NEW YORK CITY SHERIFF OFFICE, 6	
GRAND LARCENY, N.Y. STATE PARKS, 15	
GRAND LARCENY, NYC PARKS, 2	
PETIT LARCENY, AMTRACK, 23	
PETIT LARCENY, POLICE DEPT NYC, 1544	
ASSAULT 3 & RELATED OFFENSES, N.Y. POLICE DEPT, 454131	
ASSAULT 3 & RELATED OFFENSES, N.Y. TRANSIT POLICE, 7914	
BURGLARY, TRI-BORO BRDG TUNNL, 1	
FELONY ASSAULT, N.Y. STATE POLICE, 57	
HARRASSMENT 2, N.Y. STATE PARKS, 7	
PETIT LARCENY, NYC PARKS, 8	
ASSAULT 3 & RELATED OFFENSES, N.Y. STATE POLICE, 201	
CRIMINAL MISCHIEF & RELATED OF, LONG ISLAND RAILRD, 31	
DANGEROUS DRUGS, LONG ISLAND RAILRD, 9	
FELONY ASSAULT, N.Y. POLICE DEPT, 159660	
OFF. AGNST PUB ORD SENSBLTY &, CONRAIL, 1	
PETIT LARCENY, STATN IS RAPID TRANS, 9	
ROBBERY, NEW YORK CITY SHERIFF OFFICE, 2	
ROBBERY, NYS DEPT TAX AND FINANCE, 1	
BURGLARY, SEA GATE POLICE DEPT, 2	
CRIMINAL MISCHIEF & RELATED OF, N.Y. HOUSING POLICE, 33656	
DANGEROUS DRUGS, N.Y. HOUSING POLICE, 60078	
HARRASSMENT 2, DEPT OF CORRECTIONS, 23	
OFF. AGNST PUB ORD SENSBLTY &, SEA GATE POLICE DEPT, 1	
ROBBERY, METRO NORTH, 13	
BURGLARY, N.Y. TRANSIT POLICE, 130	
BURGLARY, PORT AUTHORITY, 208	
GRAND LARCENY, STATN IS RAPID TRANS, 24	
OFF. AGNST PUB ORD SENSBLTY &, N.Y. TRANSIT POLICE, 661	
OFF. AGNST PUB ORD SENSBLTY &, PORT AUTHORITY, 258	
ROBBERY, AMTRACK, 1	
ROBBERY, POLICE DEPT NYC, 340	
CRIMINAL MISCHIEF & RELATED OF, NYC DEPT ENVIRONMENTAL PROTECTION, 4	
GRAND LARCENY, DEPT OF CORRECTIONS, 10	
ROBBERY, N.Y. POLICE DEPT, 178992	
BURGLARY, N.Y. STATE POLICE, 13	
CRIMINAL MISCHIEF & RELATED OF, N.Y. STATE PARKS, 38	
DANGEROUS DRUGS, N.Y. STATE PARKS, 15	
FELONY ASSAULT, METRO NORTH, 6	
HARRASSMENT 2, STATN IS RAPID TRANS, 6	
OFF. AGNST PUB ORD SENSBLTY &, N.Y. STATE POLICE, 26	
ROBBERY, NYC PARKS, 1	
