STATEN ISLAND, within1day, 58029	
BROOKLYN, within30mins, 172821	
BRONX, within30mins, 108337	
BROOKLYN, within10mins, 467230	
BRONX, within10mins, 308547	
QUEENS, within30mins, 125664	
MANHATTAN, within1day, 243202	
QUEENS, within10mins, 304841	
STATEN ISLAND, over1day, 17624	
QUEENS, within1hour, 35865	
BRONX, within1hour, 30100	
BROOKLYN, within1hour, 49020	
BROOKLYN, within1day, 356575	
BRONX, within1day, 197423	
MANHATTAN, over1day, 80839	
QUEENS, within1day, 275746	
STATEN ISLAND, within30mins, 27191	
STATEN ISLAND, within10mins, 58418	
MANHATTAN, within1hour, 45886	
BROOKLYN, over1day, 94171	
BRONX, over1day, 56437	
MANHATTAN, within30mins, 149557	
QUEENS, over1day, 73373	
MANHATTAN, within10mins, 348208	
STATEN ISLAND, within1hour, 7817	
