PRIVATE/PAROCHIAL SCHOOL	6204
TAXI (LIVERY LICENSED)	4116
BUS (OTHER)	2631
CHAIN STORE	94954
FAST FOOD	22755
TAXI (YELLOW LICENSED)	4744
ABANDONED BUILDING	1886
DRUG STORE	37443
SMALL MERCHANT	21916
HIGHWAY/PARKWAY	14650
TAXI/LIVERY (UNLICENSED)	899
BUS STOP	4450
STREET	1695657
TRAMWAY	102
RESTAURANT/DINER	56266
BUS (NYC TRANSIT)	10567
CANDY STORE	6476
LIQUOR STORE	3217
DOCTOR/DENTIST OFFICE	12170
CHURCH	9113
VARIETY STORE	7259
COMMERCIAL BUILDING	130617
STORAGE FACILITY	4554
JEWELRY	3805
TUNNEL	2749
PUBLIC SCHOOL	66287
CLOTHING/BOUTIQUE	42105
PUBLIC BUILDING	32656
PARKING LOT/GARAGE (PUBLIC)	29785
OPEN AREAS (OPEN LOTS)	7950
GROCERY/BODEGA	56167
STORE UNCLASSIFIED	23599
GAS STATION	11851
SHOE	3596
DRY CLEANER/LAUNDRY	10263
LOAN COMPANY	372
OTHER	134098
GYM/FITNESS FACILITY	15968
BEAUTY & NAIL SALON	12999
MOSQUE	658
AIRPORT TERMINAL	14271
TRANSIT FACILITY (OTHER)	4230
PHOTO/COPY	713
CEMETERY	666
RESIDENCE - PUBLIC HOUSING	380639
DEPARTMENT STORE	96883
CONSTRUCTION SITE	8385
SYNAGOGUE	1881
BOOK/CARD	1645
FOOD SUPERMARKET	26951
MARINA/PIER	2158
RESIDENCE - APT. HOUSE	1047109
RESIDENCE-HOUSE	499952
TRANSIT - NYC SUBWAY	105958
TELECOMM. STORE	6630
FERRY/FERRY TERMINAL	1342
ATM	4230
SOCIAL CLUB/POLICY	3243
BAR/NIGHT CLUB	56969
HOSPITAL	23501
VIDEO STORE	1946
PARKING LOT/GARAGE (PRIVATE)	29420
BANK	21037
HOTEL/MOTEL	19713
FACTORY/WAREHOUSE	5501
BUS TERMINAL	3616
OTHER HOUSE OF WORSHIP	751
PARK/PLAYGROUND	60876
