OTHER, NYS LAWS-UNCLASSIFIED FELONY, 147, 1	
OTHER, POSSESSION OF STOLEN PROPERTY, 795, 1	
RESIDENCE - PUBLIC HOUSING, OFFENSES RELATED TO CHILDREN, 19, 1	
RESIDENCE - PUBLIC HOUSING, PROSTITUTION & RELATED OFFENSES, 23, 1	
RESIDENCE-HOUSE, ESCAPE 3, 8, 1	
STREET, ASSAULT 3 & RELATED OFFENSES, 148638, 1	
STREET, HARRASSMENT 2, 123718, 1	
OTHER, OTHER OFFENSES RELATED TO THEF, 202, 1	
RESIDENCE - APT. HOUSE, ALCOHOLIC BEVERAGE CONTROL LAW, 21, 1	
RESIDENCE - APT. HOUSE, DISRUPTION OF A RELIGIOUS SERV, 1, 1	
RESIDENCE - PUBLIC HOUSING, UNAUTHORIZED USE OF A VEHICLE, 515, 1	
STREET, KIDNAPPING, 2, 1	
STREET, UNLAWFUL POSS. WEAP. ON SCHOOL, 1, 1	
RESIDENCE - PUBLIC HOUSING, HOMICIDE-NEGLIGENT,UNCLASSIFIE, 6, 1	
RESIDENCE - PUBLIC HOUSING, INTOXICATED & IMPAIRED DRIVING, 591, 1	
RESIDENCE-HOUSE, ALCOHOLIC BEVERAGE CONTROL LAW, 29, 1	
RESIDENCE-HOUSE, ANTICIPATORY OFFENSES, 3, 1	
RESIDENCE-HOUSE, FORGERY, 843, 1	
STREET, CRIMINAL TRESPASS, 1198, 1	
STREET, FELONY ASSAULT, 60257, 1	
STREET, OFFENSES AGAINST THE PERSON, 5961, 1	
OTHER, ENDAN WELFARE INCOMP, 9, 1	
OTHER, OFF. AGNST PUB ORD SENSBLTY &, 7383, 1	
OTHER, THEFT OF SERVICES, 7, 1	
RESIDENCE - APT. HOUSE, ANTICIPATORY OFFENSES, 10, 1	
RESIDENCE - APT. HOUSE, FORGERY, 1854, 1	
RESIDENCE - APT. HOUSE, OFFENSES RELATED TO CHILDREN, 65, 1	
RESIDENCE - PUBLIC HOUSING, AGRICULTURE & MRKTS LAW-UNCLASSIFIED, 11, 1	
RESIDENCE - PUBLIC HOUSING, CRIMINAL MISCHIEF & RELATED OF, 33013, 1	
RESIDENCE - PUBLIC HOUSING, OFFENSES AGAINST PUBLIC ADMINI, 12752, 1	
RESIDENCE - PUBLIC HOUSING, SEX CRIMES, 4561, 1	
RESIDENCE-HOUSE, KIDNAPPING & RELATED OFFENSES, 334, 1	
RESIDENCE-HOUSE, ROBBERY, 4933, 1	
OTHER, LOITERING, 3, 1	
RESIDENCE - APT. HOUSE, KIDNAPPING & RELATED OFFENSES, 856, 1	
RESIDENCE - APT. HOUSE, ROBBERY, 20465, 1	
RESIDENCE - PUBLIC HOUSING, JOSTLING, 2, 1	
RESIDENCE - PUBLIC HOUSING, LOITERING/GAMBLING (CARDS, DIC, 39, 1	
RESIDENCE - PUBLIC HOUSING, OTHER STATE LAWS (NON PENAL LA, 267, 1	
RESIDENCE-HOUSE, ABORTION, 2, 1	
RESIDENCE-HOUSE, OFFENSES RELATED TO CHILDREN, 27, 1	
STREET, BURGLAR'S TOOLS, 1296, 1	
STREET, CHILD ABANDONMENT/NON SUPPORT, 59, 1	
STREET, LOITERING/DEVIATE SEX, 14, 1	
OTHER, GRAND LARCENY OF MOTOR VEHICLE, 1479, 1	
OTHER, PROSTITUTION & RELATED OFFENSES, 20, 1	
RESIDENCE - APT. HOUSE, HOMICIDE-NEGLIGENT,UNCLASSIFIE, 12, 1	
RESIDENCE - APT. HOUSE, INTOXICATED & IMPAIRED DRIVING, 174, 1	
RESIDENCE - PUBLIC HOUSING, NEW YORK CITY HEALTH CODE, 12, 1	
RESIDENCE - PUBLIC HOUSING, NYS LAWS-UNCLASSIFIED FELONY, 135, 1	
STREET, DANGEROUS DRUGS, 208677, 1	
STREET, HOMICIDE-NEGLIGENT-VEHICLE, 75, 1	
OTHER, FRAUDULENT ACCOSTING, 35, 1	
OTHER, UNAUTHORIZED USE OF A VEHICLE, 624, 1	
RESIDENCE - APT. HOUSE, AGRICULTURE & MRKTS LAW-UNCLASSIFIED, 28, 1	
RESIDENCE - APT. HOUSE, CRIMINAL MISCHIEF & RELATED OF, 75977, 1	
RESIDENCE - APT. HOUSE, OFFENSES AGAINST PUBLIC ADMINI, 22340, 1	
RESIDENCE - APT. HOUSE, SEX CRIMES, 18181, 1	
RESIDENCE - PUBLIC HOUSING, ANTICIPATORY OFFENSES, 2, 1	
RESIDENCE - PUBLIC HOUSING, FORGERY, 811, 1	
RESIDENCE - PUBLIC HOUSING, OTHER OFFENSES RELATED TO THEF, 393, 1	
RESIDENCE-HOUSE, HOMICIDE-NEGLIGENT,UNCLASSIFIE, 4, 1	
RESIDENCE-HOUSE, INTOXICATED & IMPAIRED DRIVING, 186, 1	
STREET, OTHER STATE LAWS (NON PENAL LAW), 1, 1	
OTHER, BURGLARY, 2973, 1	
OTHER, PETIT LARCENY OF MOTOR VEHICLE, 29, 1	
OTHER, RAPE, 275, 1	
RESIDENCE - APT. HOUSE, FORTUNE TELLING, 3, 1	
RESIDENCE - APT. HOUSE, JOSTLING, 2, 1	
RESIDENCE - APT. HOUSE, LOITERING/GAMBLING (CARDS, DIC, 21, 1	
RESIDENCE - APT. HOUSE, OTHER STATE LAWS (NON PENAL LA, 256, 1	
RESIDENCE - PUBLIC HOUSING, KIDNAPPING & RELATED OFFENSES, 257, 1	
RESIDENCE - PUBLIC HOUSING, ROBBERY, 11044, 1	
RESIDENCE-HOUSE, AGRICULTURE & MRKTS LAW-UNCLASSIFIED, 11, 1	
RESIDENCE-HOUSE, CRIMINAL MISCHIEF & RELATED OF, 52306, 1	
RESIDENCE-HOUSE, OFFENSES AGAINST PUBLIC ADMINI, 9590, 1	
RESIDENCE-HOUSE, SEX CRIMES, 6855, 1	
STREET, ADMINISTRATIVE CODE, 1136, 1	
STREET, FRAUDS, 6754, 1	
STREET, INTOXICATED/IMPAIRED DRIVING, 40, 1	
OTHER, GAMBLING, 42, 1	
RESIDENCE - APT. HOUSE, NYS LAWS-UNCLASSIFIED FELONY, 199, 1	
RESIDENCE - PUBLIC HOUSING, ENDAN WELFARE INCOMP, 21, 1	
RESIDENCE-HOUSE, MISCELLANEOUS PENAL LAW, 15431, 1	
RESIDENCE-HOUSE, OTHER STATE LAWS (NON PENAL LA, 101, 1	
RESIDENCE-HOUSE, PETIT LARCENY, 37703, 1	
STREET, OTHER STATE LAWS, 113, 1	
RESIDENCE - APT. HOUSE, MISCELLANEOUS PENAL LAW, 30203, 1	
RESIDENCE - APT. HOUSE, OTHER OFFENSES RELATED TO THEF, 392, 1	
RESIDENCE - APT. HOUSE, PETIT LARCENY, 68127, 1	
RESIDENCE-HOUSE, NYS LAWS-UNCLASSIFIED FELONY, 69, 1	
RESIDENCE-HOUSE, NYS LAWS-UNCLASSIFIED VIOLATION, 1, 1	
STREET, ARSON, 3777, 1	
STREET, DANGEROUS WEAPONS, 70102, 1	
STREET, DISORDERLY CONDUCT, 452, 1	
STREET, VEHICLE AND TRAFFIC LAWS, 49850, 1	
OTHER, NEW YORK CITY HEALTH CODE, 5, 1	
OTHER, OFFENSES INVOLVING FRAUD, 480, 1	
RESIDENCE - PUBLIC HOUSING, GRAND LARCENY OF MOTOR VEHICLE, 2009, 1	
RESIDENCE-HOUSE, GRAND LARCENY, 33238, 1	
RESIDENCE-HOUSE, OTHER OFFENSES RELATED TO THEF, 187, 1	
RESIDENCE-HOUSE, THEFT-FRAUD, 13677, 1	
OTHER, ANTICIPATORY OFFENSES, 6, 1	
OTHER, ASSAULT 3 & RELATED OFFENSES, 10259, 1	
OTHER, FORGERY, 1022, 1	
RESIDENCE - APT. HOUSE, ENDAN WELFARE INCOMP, 50, 1	
RESIDENCE - APT. HOUSE, GRAND LARCENY, 69024, 1	
RESIDENCE - APT. HOUSE, THEFT-FRAUD, 27983, 1	
RESIDENCE - PUBLIC HOUSING, FRAUDULENT ACCOSTING, 12, 1	
STREET, OFFENSES AGAINST PUBLIC SAFETY, 594, 1	
STREET, POSSESSION OF STOLEN PROPERTY, 11593, 1	
OTHER, KIDNAPPING & RELATED OFFENSES, 64, 1	
OTHER, ROBBERY, 3470, 1	
OTHER, UNLAWFUL POSS. WEAP. ON SCHOOL, 1, 1	
RESIDENCE - PUBLIC HOUSING, BURGLARY, 3906, 1	
RESIDENCE - PUBLIC HOUSING, MISCELLANEOUS PENAL LAW, 17246, 1	
RESIDENCE - PUBLIC HOUSING, PETIT LARCENY, 18817, 1	
RESIDENCE - PUBLIC HOUSING, PETIT LARCENY OF MOTOR VEHICLE, 38, 1	
RESIDENCE - PUBLIC HOUSING, RAPE, 1388, 1	
RESIDENCE-HOUSE, ENDAN WELFARE INCOMP, 22, 1	
RESIDENCE-HOUSE, HARRASSMENT 2, 97559, 1	
STREET, ADMINISTRATIVE CODES, 13, 1	
STREET, ESCAPE 3, 55, 1	
OTHER, FELONY ASSAULT, 6836, 1	
RESIDENCE - APT. HOUSE, GRAND LARCENY OF MOTOR VEHICLE, 1154, 1	
RESIDENCE - APT. HOUSE, HARRASSMENT 2, 199841, 1	
RESIDENCE - APT. HOUSE, OFFENSES AGAINST MARRIAGE UNCL, 2, 1	
RESIDENCE - PUBLIC HOUSING, GAMBLING, 560, 1	
STREET, LOITERING FOR DRUG PURPOSES, 4, 1	
RESIDENCE - APT. HOUSE, FRAUDULENT ACCOSTING, 78, 1	
RESIDENCE - PUBLIC HOUSING, GRAND LARCENY, 8883, 1	
RESIDENCE - PUBLIC HOUSING, THEFT-FRAUD, 2626, 1	
RESIDENCE-HOUSE, CRIMINAL TRESPASS, 5590, 1	
RESIDENCE-HOUSE, GRAND LARCENY OF MOTOR VEHICLE, 3325, 1	
RESIDENCE-HOUSE, OFFENSES AGAINST MARRIAGE UNCL, 1, 1	
RESIDENCE-HOUSE, OFFENSES AGAINST THE PERSON, 729, 1	
STREET, ALCOHOLIC BEVERAGE CONTROL LAW, 44, 1	
STREET, DISRUPTION OF A RELIGIOUS SERV, 2, 1	
STREET, OFF. AGNST PUB ORD SENSBLTY &, 19713, 1	
STREET, THEFT OF SERVICES, 2, 1	
RESIDENCE - APT. HOUSE, BURGLARY, 79422, 1	
RESIDENCE - APT. HOUSE, CRIMINAL TRESPASS, 24855, 1	
RESIDENCE - APT. HOUSE, OFFENSES AGAINST THE PERSON, 1922, 1	
RESIDENCE - APT. HOUSE, PETIT LARCENY OF MOTOR VEHICLE, 36, 1	
RESIDENCE - APT. HOUSE, RAPE, 6589, 1	
RESIDENCE - PUBLIC HOUSING, OFFENSES INVOLVING FRAUD, 283, 1	
RESIDENCE-HOUSE, FRAUDULENT ACCOSTING, 16, 1	
STREET, LOITERING, 6, 1	
OTHER, HOMICIDE-NEGLIGENT-VEHICLE, 3, 1	
RESIDENCE - APT. HOUSE, GAMBLING, 154, 1	
RESIDENCE - PUBLIC HOUSING, ASSAULT 3 & RELATED OFFENSES, 54205, 1	
RESIDENCE - PUBLIC HOUSING, HARRASSMENT 2, 54558, 1	
RESIDENCE-HOUSE, BURGLAR'S TOOLS, 157, 1	
RESIDENCE-HOUSE, BURGLARY, 49219, 1	
RESIDENCE-HOUSE, CHILD ABANDONMENT/NON SUPPORT, 39, 1	
RESIDENCE-HOUSE, PETIT LARCENY OF MOTOR VEHICLE, 59, 1	
RESIDENCE-HOUSE, RAPE, 2405, 1	
STREET, ABORTION, 2, 1	
STREET, OFFENSES RELATED TO CHILDREN, 104, 1	
STREET, PROSTITUTION & RELATED OFFENSES, 628, 1	
OTHER, MISCELLANEOUS PENAL LAW, 5350, 1	
OTHER, PETIT LARCENY, 20915, 1	
RESIDENCE - APT. HOUSE, BURGLAR'S TOOLS, 138, 1	
RESIDENCE - APT. HOUSE, CHILD ABANDONMENT/NON SUPPORT, 149, 1	
RESIDENCE - APT. HOUSE, LOITERING/DEVIATE SEX, 1, 1	
RESIDENCE-HOUSE, DANGEROUS DRUGS, 4147, 1	
RESIDENCE-HOUSE, GAMBLING, 14, 1	
STREET, UNAUTHORIZED USE OF A VEHICLE, 8818, 1	
OTHER, FRAUDS, 1229, 1	
RESIDENCE - APT. HOUSE, DANGEROUS DRUGS, 29177, 1	
RESIDENCE - APT. HOUSE, OFFENSES INVOLVING FRAUD, 291, 1	
RESIDENCE - PUBLIC HOUSING, CRIMINAL TRESPASS, 24078, 1	
RESIDENCE - PUBLIC HOUSING, FELONY ASSAULT, 18136, 1	
RESIDENCE - PUBLIC HOUSING, OFFENSES AGAINST THE PERSON, 1157, 1	
STREET, HOMICIDE-NEGLIGENT,UNCLASSIFIE, 4, 1	
STREET, INTOXICATED & IMPAIRED DRIVING, 62389, 1	
STREET, OTHER TRAFFIC INFRACTION, 10, 1	
OTHER, GRAND LARCENY, 11189, 1	
OTHER, OTHER STATE LAWS, 9, 1	
OTHER, THEFT-FRAUD, 1552, 1	
RESIDENCE - APT. HOUSE, ASSAULT 3 & RELATED OFFENSES, 160034, 1	
RESIDENCE-HOUSE, ADMINISTRATIVE CODE, 3479, 1	
RESIDENCE-HOUSE, OFFENSES INVOLVING FRAUD, 114, 1	
STREET, AGRICULTURE & MRKTS LAW-UNCLASSIFIED, 20, 1	
STREET, CRIMINAL MISCHIEF & RELATED OF, 213338, 1	
STREET, OFFENSES AGAINST PUBLIC ADMINI, 30824, 1	
STREET, SEX CRIMES, 8219, 1	
OTHER, DISORDERLY CONDUCT, 19, 1	
OTHER, VEHICLE AND TRAFFIC LAWS, 785, 1	
RESIDENCE - APT. HOUSE, ADMINISTRATIVE CODE, 5174, 1	
RESIDENCE - APT. HOUSE, UNLAWFUL POSS. WEAP. ON SCHOOL, 1, 1	
RESIDENCE - PUBLIC HOUSING, BURGLAR'S TOOLS, 70, 1	
RESIDENCE - PUBLIC HOUSING, CHILD ABANDONMENT/NON SUPPORT, 37, 1	
RESIDENCE - PUBLIC HOUSING, LOITERING/DEVIATE SEX, 1, 1	
RESIDENCE-HOUSE, ASSAULT 3 & RELATED OFFENSES, 60352, 1	
STREET, JOSTLING, 90, 1	
STREET, LOITERING/GAMBLING (CARDS, DIC, 95, 1	
STREET, OTHER STATE LAWS (NON PENAL LA, 3099, 1	
OTHER, HARRASSMENT 2, 16434, 1	
RESIDENCE - APT. HOUSE, FELONY ASSAULT, 50123, 1	
RESIDENCE - PUBLIC HOUSING, DANGEROUS DRUGS, 58581, 1	
RESIDENCE-HOUSE, ARSON, 1323, 1	
RESIDENCE-HOUSE, DANGEROUS WEAPONS, 4323, 1	
STREET, NEW YORK CITY HEALTH CODE, 44, 1	
STREET, NYS LAWS-UNCLASSIFIED FELONY, 2687, 1	
OTHER, OFFENSES AGAINST PUBLIC SAFETY, 11, 1	
RESIDENCE - APT. HOUSE, ARSON, 3485, 1	
RESIDENCE - APT. HOUSE, DANGEROUS WEAPONS, 11335, 1	
RESIDENCE-HOUSE, FELONY ASSAULT, 18482, 1	
STREET, ANTICIPATORY OFFENSES, 33, 1	
STREET, FORGERY, 25279, 1	
STREET, OTHER OFFENSES RELATED TO THEF, 3215, 1	
OTHER, ADMINISTRATIVE CODES, 2, 1	
OTHER, CRIMINAL TRESPASS, 1053, 1	
OTHER, ESCAPE 3, 39, 1	
OTHER, OFFENSES AGAINST THE PERSON, 306, 1	
RESIDENCE - APT. HOUSE, UNDER THE INFLUENCE OF DRUGS, 1, 1	
RESIDENCE - PUBLIC HOUSING, ADMINISTRATIVE CODE, 381, 1	
RESIDENCE - PUBLIC HOUSING, FRAUDS, 2340, 1	
RESIDENCE - PUBLIC HOUSING, INTOXICATED/IMPAIRED DRIVING, 1, 1	
RESIDENCE-HOUSE, POSSESSION OF STOLEN PROPERTY, 650, 1	
STREET, KIDNAPPING & RELATED OFFENSES, 541, 1	
STREET, ROBBERY, 112471, 1	
RESIDENCE - APT. HOUSE, POSSESSION OF STOLEN PROPERTY, 900, 1	
RESIDENCE - PUBLIC HOUSING, OTHER STATE LAWS, 18, 1	
STREET, ENDAN WELFARE INCOMP, 15, 1	
OTHER, ALCOHOLIC BEVERAGE CONTROL LAW, 7, 1	
OTHER, BURGLAR'S TOOLS, 42, 1	
OTHER, CHILD ABANDONMENT/NON SUPPORT, 13, 1	
OTHER, DISRUPTION OF A RELIGIOUS SERV, 2, 1	
RESIDENCE - PUBLIC HOUSING, ARSON, 3532, 1	
RESIDENCE - PUBLIC HOUSING, DANGEROUS WEAPONS, 12419, 1	
RESIDENCE - PUBLIC HOUSING, DISORDERLY CONDUCT, 94, 1	
RESIDENCE - PUBLIC HOUSING, VEHICLE AND TRAFFIC LAWS, 759, 1	
RESIDENCE-HOUSE, HOMICIDE-NEGLIGENT-VEHICLE, 1, 1	
RESIDENCE-HOUSE, LOITERING FOR DRUG PURPOSES, 3, 1	
OTHER, DANGEROUS DRUGS, 7965, 1	
RESIDENCE - APT. HOUSE, FRAUDS, 10133, 1	
RESIDENCE - APT. HOUSE, LOITERING FOR DRUG PURPOSES, 9, 1	
RESIDENCE-HOUSE, OFF. AGNST PUB ORD SENSBLTY &, 65035, 1	
RESIDENCE-HOUSE, OTHER STATE LAWS (NON PENAL LAW), 1, 1	
STREET, FORTUNE TELLING, 7, 1	
STREET, GRAND LARCENY OF MOTOR VEHICLE, 85875, 1	
OTHER, OFFENSES RELATED TO CHILDREN, 19, 1	
RESIDENCE - APT. HOUSE, OFF. AGNST PUB ORD SENSBLTY &, 122709, 1	
RESIDENCE - APT. HOUSE, OTHER STATE LAWS, 15, 1	
RESIDENCE - PUBLIC HOUSING, OFFENSES AGAINST PUBLIC SAFETY, 59, 1	
RESIDENCE - PUBLIC HOUSING, POSSESSION OF STOLEN PROPERTY, 745, 1	
RESIDENCE-HOUSE, FRAUDS, 5347, 1	
RESIDENCE-HOUSE, LOITERING, 1, 1	
STREET, FRAUDULENT ACCOSTING, 1756, 1	
OTHER, ADMINISTRATIVE CODE, 108, 1	
RESIDENCE - APT. HOUSE, DISORDERLY CONDUCT, 58, 1	
RESIDENCE - APT. HOUSE, LOITERING, 1, 1	
RESIDENCE - APT. HOUSE, VEHICLE AND TRAFFIC LAWS, 142, 1	
RESIDENCE - PUBLIC HOUSING, ESCAPE 3, 4, 1	
RESIDENCE-HOUSE, OTHER STATE LAWS, 4, 1	
RESIDENCE-HOUSE, PROSTITUTION & RELATED OFFENSES, 29, 1	
STREET, BURGLARY, 8916, 1	
STREET, MISCELLANEOUS PENAL LAW, 34175, 1	
STREET, PETIT LARCENY, 251582, 1	
STREET, PETIT LARCENY OF MOTOR VEHICLE, 658, 1	
STREET, RAPE, 850, 1	
OTHER, HOMICIDE-NEGLIGENT,UNCLASSIFIE, 5, 1	
OTHER, INTOXICATED & IMPAIRED DRIVING, 336, 1	
RESIDENCE - APT. HOUSE, PROSTITUTION & RELATED OFFENSES, 66, 1	
RESIDENCE - PUBLIC HOUSING, LOITERING FOR DRUG PURPOSES, 7, 1	
RESIDENCE-HOUSE, DISORDERLY CONDUCT, 14, 1	
RESIDENCE-HOUSE, UNAUTHORIZED USE OF A VEHICLE, 825, 1	
RESIDENCE-HOUSE, VEHICLE AND TRAFFIC LAWS, 86, 1	
STREET, GAMBLING, 879, 1	
STREET, NYS LAWS-UNCLASSIFIED VIOLATION, 4, 1	
OTHER, AGRICULTURE & MRKTS LAW-UNCLASSIFIED, 3, 1	
OTHER, ARSON, 404, 1	
OTHER, CRIMINAL MISCHIEF & RELATED OF, 18484, 1	
OTHER, DANGEROUS WEAPONS, 2218, 1	
OTHER, OFFENSES AGAINST PUBLIC ADMINI, 6334, 1	
OTHER, SEX CRIMES, 1427, 1	
RESIDENCE - APT. HOUSE, OFFENSES AGAINST PUBLIC SAFETY, 23, 1	
RESIDENCE - APT. HOUSE, UNAUTHORIZED USE OF A VEHICLE, 488, 1	
RESIDENCE - PUBLIC HOUSING, ALCOHOLIC BEVERAGE CONTROL LAW, 11, 1	
RESIDENCE - PUBLIC HOUSING, OFF. AGNST PUB ORD SENSBLTY &, 28168, 1	
RESIDENCE - PUBLIC HOUSING, THEFT OF SERVICES, 1, 1	
STREET, GRAND LARCENY, 108342, 1	
STREET, THEFT-FRAUD, 1210, 1	
OTHER, JOSTLING, 6, 1	
OTHER, LOITERING/GAMBLING (CARDS, DIC, 6, 1	
OTHER, OTHER STATE LAWS (NON PENAL LA, 151, 1	
RESIDENCE - APT. HOUSE, ADMINISTRATIVE CODES, 1, 1	
RESIDENCE - APT. HOUSE, ESCAPE 3, 15, 1	
RESIDENCE - PUBLIC HOUSING, LOITERING, 1, 1	
RESIDENCE-HOUSE, OFFENSES AGAINST PUBLIC SAFETY, 22, 1	
STREET, OFFENSES INVOLVING FRAUD, 9974, 1	
